mode: set
github.com/denkhaus/knot/internal/validation/input_validation.go:19.42,25.2 1 1
github.com/denkhaus/knot/internal/validation/input_validation.go:28.64,29.17 1 1
github.com/denkhaus/knot/internal/validation/input_validation.go:29.17,31.3 1 1
github.com/denkhaus/knot/internal/validation/input_validation.go:34.2,34.54 1 1
github.com/denkhaus/knot/internal/validation/input_validation.go:34.54,37.3 1 1
github.com/denkhaus/knot/internal/validation/input_validation.go:40.2,40.58 1 1
github.com/denkhaus/knot/internal/validation/input_validation.go:40.58,42.3 1 1
github.com/denkhaus/knot/internal/validation/input_validation.go:44.2,44.12 1 1
github.com/denkhaus/knot/internal/validation/input_validation.go:48.76,50.23 1 1
github.com/denkhaus/knot/internal/validation/input_validation.go:50.23,52.3 1 1
github.com/denkhaus/knot/internal/validation/input_validation.go:55.2,55.66 1 1
github.com/denkhaus/knot/internal/validation/input_validation.go:55.66,58.3 1 1
github.com/denkhaus/knot/internal/validation/input_validation.go:61.2,61.70 1 1
github.com/denkhaus/knot/internal/validation/input_validation.go:61.70,63.3 1 1
github.com/denkhaus/knot/internal/validation/input_validation.go:65.2,65.12 1 1
github.com/denkhaus/knot/internal/validation/input_validation.go:69.67,70.17 1 1
github.com/denkhaus/knot/internal/validation/input_validation.go:70.17,72.3 1 1
github.com/denkhaus/knot/internal/validation/input_validation.go:75.2,75.54 1 1
github.com/denkhaus/knot/internal/validation/input_validation.go:75.54,78.3 1 1
github.com/denkhaus/knot/internal/validation/input_validation.go:81.2,81.66 1 1
github.com/denkhaus/knot/internal/validation/input_validation.go:81.66,83.3 1 0
github.com/denkhaus/knot/internal/validation/input_validation.go:85.2,85.12 1 1
github.com/denkhaus/knot/internal/validation/input_validation.go:89.79,91.23 1 1
github.com/denkhaus/knot/internal/validation/input_validation.go:91.23,93.3 1 1
github.com/denkhaus/knot/internal/validation/input_validation.go:96.2,96.66 1 1
github.com/denkhaus/knot/internal/validation/input_validation.go:96.66,99.3 1 1
github.com/denkhaus/knot/internal/validation/input_validation.go:102.2,102.78 1 1
github.com/denkhaus/knot/internal/validation/input_validation.go:102.78,104.3 1 0
github.com/denkhaus/knot/internal/validation/input_validation.go:106.2,106.12 1 1
github.com/denkhaus/knot/internal/validation/input_validation.go:110.75,112.39 1 1
github.com/denkhaus/knot/internal/validation/input_validation.go:112.39,114.3 1 1
github.com/denkhaus/knot/internal/validation/input_validation.go:117.2,117.28 1 1
github.com/denkhaus/knot/internal/validation/input_validation.go:117.28,118.52 1 1
github.com/denkhaus/knot/internal/validation/input_validation.go:118.52,120.4 1 1
github.com/denkhaus/knot/internal/validation/input_validation.go:124.2,124.18 1 1
github.com/denkhaus/knot/internal/validation/input_validation.go:124.18,125.60 1 1
github.com/denkhaus/knot/internal/validation/input_validation.go:125.60,127.4 1 1
github.com/denkhaus/knot/internal/validation/input_validation.go:130.2,130.12 1 1
github.com/denkhaus/knot/internal/validation/input_validation.go:134.72,137.41 2 1
github.com/denkhaus/knot/internal/validation/input_validation.go:137.41,139.3 1 1
github.com/denkhaus/knot/internal/validation/input_validation.go:142.2,152.41 3 1
github.com/denkhaus/knot/internal/validation/input_validation.go:152.41,153.46 1 1
github.com/denkhaus/knot/internal/validation/input_validation.go:153.46,155.4 1 1
github.com/denkhaus/knot/internal/validation/input_validation.go:158.2,158.12 1 1
github.com/denkhaus/knot/internal/validation/input_validation.go:162.65,163.17 1 1
github.com/denkhaus/knot/internal/validation/input_validation.go:163.17,165.3 1 1
github.com/denkhaus/knot/internal/validation/input_validation.go:168.2,168.35 1 1
github.com/denkhaus/knot/internal/validation/input_validation.go:172.67,173.39 1 1
github.com/denkhaus/knot/internal/validation/input_validation.go:173.39,175.3 1 1
github.com/denkhaus/knot/internal/validation/input_validation.go:176.2,176.12 1 1
github.com/denkhaus/knot/internal/validation/input_validation.go:180.70,182.40 2 1
github.com/denkhaus/knot/internal/validation/input_validation.go:182.40,183.24 1 1
github.com/denkhaus/knot/internal/validation/input_validation.go:183.24,185.4 1 1
github.com/denkhaus/knot/internal/validation/input_validation.go:187.2,187.105 1 1
github.com/denkhaus/knot/internal/validation/input_validation.go:191.60,192.17 1 1
github.com/denkhaus/knot/internal/validation/input_validation.go:192.17,194.3 1 1
github.com/denkhaus/knot/internal/validation/input_validation.go:197.2,197.41 1 1
github.com/denkhaus/knot/internal/validation/input_validation.go:197.41,200.3 1 1
github.com/denkhaus/knot/internal/validation/input_validation.go:203.2,203.63 1 1
github.com/denkhaus/knot/internal/validation/input_validation.go:203.63,205.3 1 1
github.com/denkhaus/knot/internal/validation/input_validation.go:207.2,207.12 1 1
github.com/denkhaus/knot/internal/validation/state_validation.go:30.42,43.2 4 1
github.com/denkhaus/knot/internal/validation/state_validation.go:46.54,90.41 2 1
github.com/denkhaus/knot/internal/validation/state_validation.go:90.41,92.3 1 1
github.com/denkhaus/knot/internal/validation/state_validation.go:96.48,101.69 1 1
github.com/denkhaus/knot/internal/validation/state_validation.go:101.69,102.73 1 1
github.com/denkhaus/knot/internal/validation/state_validation.go:102.73,110.6 1 0
github.com/denkhaus/knot/internal/validation/state_validation.go:111.5,111.15 1 1
github.com/denkhaus/knot/internal/validation/state_validation.go:117.69,118.68 1 1
github.com/denkhaus/knot/internal/validation/state_validation.go:118.68,126.6 1 0
github.com/denkhaus/knot/internal/validation/state_validation.go:127.5,127.15 1 1
github.com/denkhaus/knot/internal/validation/state_validation.go:133.69,134.63 1 1
github.com/denkhaus/knot/internal/validation/state_validation.go:134.63,143.6 1 1
github.com/denkhaus/knot/internal/validation/state_validation.go:144.5,144.15 1 1
github.com/denkhaus/knot/internal/validation/state_validation.go:150.69,151.87 1 1
github.com/denkhaus/knot/internal/validation/state_validation.go:151.87,159.6 1 0
github.com/denkhaus/knot/internal/validation/state_validation.go:160.5,160.15 1 1
github.com/denkhaus/knot/internal/validation/state_validation.go:167.96,170.40 2 1
github.com/denkhaus/knot/internal/validation/state_validation.go:170.40,172.3 1 1
github.com/denkhaus/knot/internal/validation/state_validation.go:175.2,175.42 1 1
github.com/denkhaus/knot/internal/validation/state_validation.go:175.42,176.55 1 1
github.com/denkhaus/knot/internal/validation/state_validation.go:176.55,180.4 1 0
github.com/denkhaus/knot/internal/validation/state_validation.go:183.2,183.12 1 1
github.com/denkhaus/knot/internal/validation/state_validation.go:187.102,189.2 1 0
github.com/denkhaus/knot/internal/validation/state_validation.go:192.115,195.40 2 1
github.com/denkhaus/knot/internal/validation/state_validation.go:195.40,197.3 1 1
github.com/denkhaus/knot/internal/validation/state_validation.go:199.2,202.42 2 1
github.com/denkhaus/knot/internal/validation/state_validation.go:202.42,203.55 1 1
github.com/denkhaus/knot/internal/validation/state_validation.go:203.55,205.58 1 1
github.com/denkhaus/knot/internal/validation/state_validation.go:205.58,207.5 1 1
github.com/denkhaus/knot/internal/validation/state_validation.go:207.10,209.5 1 0
github.com/denkhaus/knot/internal/validation/state_validation.go:213.2,213.22 1 1
github.com/denkhaus/knot/internal/validation/state_validation.go:217.106,221.31 3 1
github.com/denkhaus/knot/internal/validation/state_validation.go:221.31,223.3 1 1
github.com/denkhaus/knot/internal/validation/state_validation.go:223.8,225.3 1 1
github.com/denkhaus/knot/internal/validation/state_validation.go:227.2,233.3 1 1
github.com/denkhaus/knot/internal/validation/state_validation.go:237.82,240.48 2 1
github.com/denkhaus/knot/internal/validation/state_validation.go:240.48,241.55 1 1
github.com/denkhaus/knot/internal/validation/state_validation.go:241.55,243.4 1 1
github.com/denkhaus/knot/internal/validation/state_validation.go:246.2,246.20 1 1
github.com/denkhaus/knot/internal/validation/state_validation.go:250.65,259.2 1 1
github.com/denkhaus/knot/internal/validation/state_validation.go:262.59,264.41 2 1
github.com/denkhaus/knot/internal/validation/state_validation.go:264.41,265.34 1 1
github.com/denkhaus/knot/internal/validation/state_validation.go:265.34,267.4 1 1
github.com/denkhaus/knot/internal/validation/state_validation.go:269.2,269.14 1 1
github.com/denkhaus/knot/internal/validation/state_validation.go:273.74,276.47 2 1
github.com/denkhaus/knot/internal/validation/state_validation.go:276.47,278.3 1 1
github.com/denkhaus/knot/internal/validation/state_validation.go:280.2,280.15 1 1
github.com/denkhaus/knot/internal/errors/enhanced_errors.go:19.40,23.20 2 1
github.com/denkhaus/knot/internal/errors/enhanced_errors.go:23.20,25.3 1 1
github.com/denkhaus/knot/internal/errors/enhanced_errors.go:25.8,27.3 1 1
github.com/denkhaus/knot/internal/errors/enhanced_errors.go:30.2,30.24 1 1
github.com/denkhaus/knot/internal/errors/enhanced_errors.go:30.24,32.3 1 1
github.com/denkhaus/knot/internal/errors/enhanced_errors.go:35.2,35.21 1 1
github.com/denkhaus/knot/internal/errors/enhanced_errors.go:35.21,37.3 1 1
github.com/denkhaus/knot/internal/errors/enhanced_errors.go:40.2,40.25 1 1
github.com/denkhaus/knot/internal/errors/enhanced_errors.go:40.25,42.3 1 1
github.com/denkhaus/knot/internal/errors/enhanced_errors.go:44.2,44.34 1 1
github.com/denkhaus/knot/internal/errors/enhanced_errors.go:47.40,49.2 1 1
github.com/denkhaus/knot/internal/errors/enhanced_errors.go:54.63,62.2 1 1
github.com/denkhaus/knot/internal/errors/enhanced_errors.go:65.57,73.2 1 1
github.com/denkhaus/knot/internal/errors/enhanced_errors.go:76.63,84.2 1 1
github.com/denkhaus/knot/internal/errors/enhanced_errors.go:87.57,96.2 2 1
github.com/denkhaus/knot/internal/errors/enhanced_errors.go:99.76,107.2 1 1
github.com/denkhaus/knot/internal/errors/enhanced_errors.go:110.76,118.2 1 1
github.com/denkhaus/knot/internal/errors/enhanced_errors.go:121.79,125.26 3 1
github.com/denkhaus/knot/internal/errors/enhanced_errors.go:125.26,127.3 1 1
github.com/denkhaus/knot/internal/errors/enhanced_errors.go:129.2,129.18 1 1
github.com/denkhaus/knot/internal/errors/enhanced_errors.go:130.20,132.65 2 1
github.com/denkhaus/knot/internal/errors/enhanced_errors.go:133.17,135.59 2 1
github.com/denkhaus/knot/internal/errors/enhanced_errors.go:136.10,138.30 2 1
github.com/denkhaus/knot/internal/errors/enhanced_errors.go:142.2,142.57 1 1
github.com/denkhaus/knot/internal/errors/enhanced_errors.go:142.57,144.22 2 1
github.com/denkhaus/knot/internal/errors/enhanced_errors.go:144.22,146.4 1 1
github.com/denkhaus/knot/internal/errors/enhanced_errors.go:149.2,150.30 2 1
github.com/denkhaus/knot/internal/errors/enhanced_errors.go:150.30,159.3 1 1
github.com/denkhaus/knot/internal/errors/enhanced_errors.go:159.8,161.3 1 1
github.com/denkhaus/knot/internal/errors/enhanced_errors.go:163.2,169.3 1 1
github.com/denkhaus/knot/internal/errors/enhanced_errors.go:173.63,181.2 1 1
github.com/denkhaus/knot/internal/errors/enhanced_errors.go:184.80,192.2 1 1
github.com/denkhaus/knot/internal/errors/enhanced_errors.go:195.69,203.2 1 1
github.com/denkhaus/knot/internal/errors/enhanced_errors.go:206.65,209.19 2 1
github.com/denkhaus/knot/internal/errors/enhanced_errors.go:210.20,212.54 2 1
github.com/denkhaus/knot/internal/errors/enhanced_errors.go:213.23,215.95 2 1
github.com/denkhaus/knot/internal/errors/enhanced_errors.go:216.31,218.55 2 1
github.com/denkhaus/knot/internal/errors/enhanced_errors.go:219.10,221.52 2 1
github.com/denkhaus/knot/internal/errors/enhanced_errors.go:224.2,230.3 1 1
github.com/denkhaus/knot/internal/errors/enhanced_errors.go:233.45,241.2 1 1
github.com/denkhaus/knot/internal/errors/helpers.go:12.60,13.16 1 0
github.com/denkhaus/knot/internal/errors/helpers.go:13.16,15.3 1 0
github.com/denkhaus/knot/internal/errors/helpers.go:17.2,20.46 2 0
github.com/denkhaus/knot/internal/errors/helpers.go:20.46,21.45 1 0
github.com/denkhaus/knot/internal/errors/helpers.go:21.45,23.4 1 0
github.com/denkhaus/knot/internal/errors/helpers.go:24.3,24.42 1 0
github.com/denkhaus/knot/internal/errors/helpers.go:24.42,26.4 1 0
github.com/denkhaus/knot/internal/errors/helpers.go:30.2,30.43 1 0
github.com/denkhaus/knot/internal/errors/helpers.go:30.43,31.45 1 0
github.com/denkhaus/knot/internal/errors/helpers.go:31.45,32.58 1 0
github.com/denkhaus/knot/internal/errors/helpers.go:32.58,34.5 1 0
github.com/denkhaus/knot/internal/errors/helpers.go:36.3,36.42 1 0
github.com/denkhaus/knot/internal/errors/helpers.go:36.42,37.58 1 0
github.com/denkhaus/knot/internal/errors/helpers.go:37.58,39.5 1 0
github.com/denkhaus/knot/internal/errors/helpers.go:44.2,44.84 1 0
github.com/denkhaus/knot/internal/errors/helpers.go:44.84,46.3 1 0
github.com/denkhaus/knot/internal/errors/helpers.go:49.2,49.88 1 0
github.com/denkhaus/knot/internal/errors/helpers.go:49.88,50.58 1 0
github.com/denkhaus/knot/internal/errors/helpers.go:50.58,52.4 1 0
github.com/denkhaus/knot/internal/errors/helpers.go:56.2,56.79 1 0
github.com/denkhaus/knot/internal/errors/helpers.go:56.79,58.3 1 0
github.com/denkhaus/knot/internal/errors/helpers.go:61.2,61.12 1 0
github.com/denkhaus/knot/internal/errors/helpers.go:65.72,66.16 1 0
github.com/denkhaus/knot/internal/errors/helpers.go:66.16,68.3 1 0
github.com/denkhaus/knot/internal/errors/helpers.go:71.2,71.52 1 0
github.com/denkhaus/knot/internal/errors/helpers.go:71.52,75.3 3 0
github.com/denkhaus/knot/internal/errors/helpers.go:78.2,78.43 1 0
github.com/denkhaus/knot/internal/errors/helpers.go:82.50,84.54 1 0
github.com/denkhaus/knot/internal/errors/helpers.go:84.54,85.61 1 0
github.com/denkhaus/knot/internal/errors/helpers.go:85.61,87.4 1 0
github.com/denkhaus/knot/internal/errors/helpers.go:89.2,89.55 1 0
github.com/denkhaus/knot/internal/errors/helpers.go:89.55,90.62 1 0
github.com/denkhaus/knot/internal/errors/helpers.go:90.62,92.4 1 0
github.com/denkhaus/knot/internal/errors/helpers.go:94.2,94.11 1 0
github.com/denkhaus/knot/internal/errors/helpers.go:98.52,100.29 2 0
github.com/denkhaus/knot/internal/errors/helpers.go:100.29,101.46 1 0
github.com/denkhaus/knot/internal/errors/helpers.go:101.46,103.4 1 0
github.com/denkhaus/knot/internal/errors/helpers.go:105.2,105.17 1 0
github.com/denkhaus/knot/internal/errors/helpers.go:109.53,111.55 1 0
github.com/denkhaus/knot/internal/errors/helpers.go:111.55,112.62 1 0
github.com/denkhaus/knot/internal/errors/helpers.go:112.62,114.4 1 0
github.com/denkhaus/knot/internal/errors/helpers.go:116.2,116.18 1 0
github.com/denkhaus/knot/internal/errors/helpers.go:120.49,124.22 2 0
github.com/denkhaus/knot/internal/errors/helpers.go:124.22,126.3 1 0
github.com/denkhaus/knot/internal/errors/helpers.go:129.2,129.50 1 0
github.com/denkhaus/knot/internal/errors/helpers.go:129.50,131.3 1 0
github.com/denkhaus/knot/internal/errors/helpers.go:134.2,134.37 1 0
github.com/denkhaus/knot/internal/errors/helpers.go:134.37,136.3 1 0
github.com/denkhaus/knot/internal/errors/helpers.go:138.2,138.33 1 0
github.com/denkhaus/knot/internal/errors/helpers.go:142.47,143.39 1 0
github.com/denkhaus/knot/internal/errors/helpers.go:143.39,145.3 1 0
github.com/denkhaus/knot/internal/errors/helpers.go:146.2,146.12 1 0
github.com/denkhaus/knot/internal/errors/helpers.go:150.44,159.25 2 0
github.com/denkhaus/knot/internal/errors/helpers.go:159.25,161.3 1 0
github.com/denkhaus/knot/internal/errors/helpers.go:162.2,162.12 1 0
github.com/denkhaus/knot/internal/errors/helpers.go:166.70,167.27 1 0
github.com/denkhaus/knot/internal/errors/helpers.go:167.27,169.3 1 0
github.com/denkhaus/knot/internal/errors/helpers.go:171.2,174.41 3 0
github.com/denkhaus/knot/internal/errors/helpers.go:174.41,176.3 1 0
github.com/denkhaus/knot/internal/errors/helpers.go:178.2,178.34 1 0
github.com/denkhaus/knot/internal/manager/interfaces.go:121.30,129.2 1 1
github.com/denkhaus/knot/internal/manager/manager.go:9.48,13.2 3 0
github.com/denkhaus/knot/internal/manager/manager.go:16.85,19.2 2 1
github.com/denkhaus/knot/internal/manager/service.go:24.65,25.19 1 1
github.com/denkhaus/knot/internal/manager/service.go:25.19,27.3 1 0
github.com/denkhaus/knot/internal/manager/service.go:28.2,31.3 1 1
github.com/denkhaus/knot/internal/manager/service.go:39.112,40.67 1 1
github.com/denkhaus/knot/internal/manager/service.go:40.67,42.3 1 0
github.com/denkhaus/knot/internal/manager/service.go:44.2,55.59 2 1
github.com/denkhaus/knot/internal/manager/service.go:55.59,57.3 1 0
github.com/denkhaus/knot/internal/manager/service.go:59.2,59.43 1 1
github.com/denkhaus/knot/internal/manager/service.go:62.96,64.2 1 1
github.com/denkhaus/knot/internal/manager/service.go:66.140,67.67 1 1
github.com/denkhaus/knot/internal/manager/service.go:67.67,69.3 1 0
github.com/denkhaus/knot/internal/manager/service.go:71.2,72.16 2 1
github.com/denkhaus/knot/internal/manager/service.go:72.16,74.3 1 0
github.com/denkhaus/knot/internal/manager/service.go:76.2,80.59 4 1
github.com/denkhaus/knot/internal/manager/service.go:80.59,82.3 1 0
github.com/denkhaus/knot/internal/manager/service.go:84.2,84.42 1 1
github.com/denkhaus/knot/internal/manager/service.go:87.144,89.54 1 0
github.com/denkhaus/knot/internal/manager/service.go:89.54,91.3 1 0
github.com/denkhaus/knot/internal/manager/service.go:93.2,94.16 2 0
github.com/denkhaus/knot/internal/manager/service.go:94.16,96.3 1 0
github.com/denkhaus/knot/internal/manager/service.go:98.2,101.59 3 0
github.com/denkhaus/knot/internal/manager/service.go:101.59,103.3 1 0
github.com/denkhaus/knot/internal/manager/service.go:105.2,105.42 1 0
github.com/denkhaus/knot/internal/manager/service.go:108.144,110.16 2 0
github.com/denkhaus/knot/internal/manager/service.go:110.16,112.3 1 0
github.com/denkhaus/knot/internal/manager/service.go:115.2,115.58 1 0
github.com/denkhaus/knot/internal/manager/service.go:115.58,117.3 1 0
github.com/denkhaus/knot/internal/manager/service.go:119.2,123.59 4 0
github.com/denkhaus/knot/internal/manager/service.go:123.59,125.3 1 0
github.com/denkhaus/knot/internal/manager/service.go:127.2,127.42 1 0
github.com/denkhaus/knot/internal/manager/service.go:130.81,132.2 1 1
github.com/denkhaus/knot/internal/manager/service.go:134.79,136.2 1 1
github.com/denkhaus/knot/internal/manager/service.go:140.200,142.76 1 1
github.com/denkhaus/knot/internal/manager/service.go:142.76,144.3 1 1
github.com/denkhaus/knot/internal/manager/service.go:147.2,147.64 1 1
github.com/denkhaus/knot/internal/manager/service.go:147.64,149.3 1 1
github.com/denkhaus/knot/internal/manager/service.go:152.2,153.16 2 1
github.com/denkhaus/knot/internal/manager/service.go:153.16,155.3 1 0
github.com/denkhaus/knot/internal/manager/service.go:158.2,158.73 1 1
github.com/denkhaus/knot/internal/manager/service.go:158.73,160.3 1 0
github.com/denkhaus/knot/internal/manager/service.go:163.2,164.53 2 1
github.com/denkhaus/knot/internal/manager/service.go:164.53,166.3 1 0
github.com/denkhaus/knot/internal/manager/service.go:169.2,171.37 2 1
github.com/denkhaus/knot/internal/manager/service.go:175.89,176.61 1 1
github.com/denkhaus/knot/internal/manager/service.go:176.61,178.3 1 1
github.com/denkhaus/knot/internal/manager/service.go:179.2,179.12 1 1
github.com/denkhaus/knot/internal/manager/service.go:183.127,184.21 1 1
github.com/denkhaus/knot/internal/manager/service.go:184.21,186.3 1 1
github.com/denkhaus/knot/internal/manager/service.go:188.2,189.16 2 1
github.com/denkhaus/knot/internal/manager/service.go:189.16,191.3 1 0
github.com/denkhaus/knot/internal/manager/service.go:193.2,193.39 1 1
github.com/denkhaus/knot/internal/manager/service.go:193.39,195.3 1 0
github.com/denkhaus/knot/internal/manager/service.go:197.2,197.34 1 1
github.com/denkhaus/knot/internal/manager/service.go:201.102,203.31 1 1
github.com/denkhaus/knot/internal/manager/service.go:203.31,205.3 1 0
github.com/denkhaus/knot/internal/manager/service.go:208.2,209.16 2 1
github.com/denkhaus/knot/internal/manager/service.go:209.16,211.3 1 0
github.com/denkhaus/knot/internal/manager/service.go:213.2,213.48 1 1
github.com/denkhaus/knot/internal/manager/service.go:213.48,215.3 1 0
github.com/denkhaus/knot/internal/manager/service.go:217.2,217.12 1 1
github.com/denkhaus/knot/internal/manager/service.go:221.183,237.2 1 1
github.com/denkhaus/knot/internal/manager/service.go:240.93,241.55 1 1
github.com/denkhaus/knot/internal/manager/service.go:241.55,243.3 1 1
github.com/denkhaus/knot/internal/manager/service.go:245.2,245.69 1 1
github.com/denkhaus/knot/internal/manager/service.go:245.69,249.3 1 0
github.com/denkhaus/knot/internal/manager/service.go:252.87,254.2 1 1
github.com/denkhaus/knot/internal/manager/service.go:256.132,258.16 2 1
github.com/denkhaus/knot/internal/manager/service.go:258.16,260.3 1 1
github.com/denkhaus/knot/internal/manager/service.go:263.2,263.52 1 1
github.com/denkhaus/knot/internal/manager/service.go:263.52,265.3 1 0
github.com/denkhaus/knot/internal/manager/service.go:267.2,272.66 4 1
github.com/denkhaus/knot/internal/manager/service.go:272.66,275.3 2 1
github.com/denkhaus/knot/internal/manager/service.go:275.8,275.73 1 1
github.com/denkhaus/knot/internal/manager/service.go:275.73,278.3 1 0
github.com/denkhaus/knot/internal/manager/service.go:280.2,280.53 1 1
github.com/denkhaus/knot/internal/manager/service.go:280.53,282.3 1 0
github.com/denkhaus/knot/internal/manager/service.go:284.2,284.36 1 1
github.com/denkhaus/knot/internal/manager/service.go:287.170,288.76 1 0
github.com/denkhaus/knot/internal/manager/service.go:288.76,290.3 1 0
github.com/denkhaus/knot/internal/manager/service.go:292.2,293.16 2 0
github.com/denkhaus/knot/internal/manager/service.go:293.16,295.3 1 0
github.com/denkhaus/knot/internal/manager/service.go:297.2,304.53 7 0
github.com/denkhaus/knot/internal/manager/service.go:304.53,306.3 1 0
github.com/denkhaus/knot/internal/manager/service.go:308.2,308.36 1 0
github.com/denkhaus/knot/internal/manager/service.go:311.135,313.54 1 1
github.com/denkhaus/knot/internal/manager/service.go:313.54,315.3 1 0
github.com/denkhaus/knot/internal/manager/service.go:317.2,318.16 2 1
github.com/denkhaus/knot/internal/manager/service.go:318.16,320.3 1 0
github.com/denkhaus/knot/internal/manager/service.go:322.2,325.53 3 1
github.com/denkhaus/knot/internal/manager/service.go:325.53,327.3 1 0
github.com/denkhaus/knot/internal/manager/service.go:329.2,329.36 1 1
github.com/denkhaus/knot/internal/manager/service.go:332.123,334.17 1 1
github.com/denkhaus/knot/internal/manager/service.go:334.17,336.3 1 0
github.com/denkhaus/knot/internal/manager/service.go:337.2,337.22 1 1
github.com/denkhaus/knot/internal/manager/service.go:337.22,339.3 1 0
github.com/denkhaus/knot/internal/manager/service.go:341.2,342.16 2 1
github.com/denkhaus/knot/internal/manager/service.go:342.16,344.3 1 0
github.com/denkhaus/knot/internal/manager/service.go:346.2,349.53 3 1
github.com/denkhaus/knot/internal/manager/service.go:349.53,351.3 1 0
github.com/denkhaus/knot/internal/manager/service.go:353.2,353.36 1 1
github.com/denkhaus/knot/internal/manager/service.go:356.141,358.16 2 0
github.com/denkhaus/knot/internal/manager/service.go:358.16,360.3 1 0
github.com/denkhaus/knot/internal/manager/service.go:362.2,366.53 4 0
github.com/denkhaus/knot/internal/manager/service.go:366.53,368.3 1 0
github.com/denkhaus/knot/internal/manager/service.go:370.2,370.36 1 0
github.com/denkhaus/knot/internal/manager/service.go:373.89,375.2 1 1
github.com/denkhaus/knot/internal/manager/service.go:377.96,379.2 1 0
github.com/denkhaus/knot/internal/manager/service.go:383.93,385.16 2 0
github.com/denkhaus/knot/internal/manager/service.go:385.16,387.3 1 0
github.com/denkhaus/knot/internal/manager/service.go:388.2,388.26 1 0
github.com/denkhaus/knot/internal/manager/service.go:388.26,390.3 1 0
github.com/denkhaus/knot/internal/manager/service.go:391.2,391.44 1 0
github.com/denkhaus/knot/internal/manager/service.go:394.95,396.55 1 0
github.com/denkhaus/knot/internal/manager/service.go:396.55,398.3 1 0
github.com/denkhaus/knot/internal/manager/service.go:399.2,399.45 1 0
github.com/denkhaus/knot/internal/manager/service.go:402.97,404.2 1 0
github.com/denkhaus/knot/internal/manager/service.go:407.104,409.61 1 1
github.com/denkhaus/knot/internal/manager/service.go:409.61,411.3 1 0
github.com/denkhaus/knot/internal/manager/service.go:413.2,413.49 1 1
github.com/denkhaus/knot/internal/manager/service.go:417.110,418.23 1 0
github.com/denkhaus/knot/internal/manager/service.go:418.23,420.3 1 0
github.com/denkhaus/knot/internal/manager/service.go:423.2,423.55 1 0
github.com/denkhaus/knot/internal/manager/service.go:423.55,425.3 1 0
github.com/denkhaus/knot/internal/manager/service.go:428.2,428.88 1 0
github.com/denkhaus/knot/internal/manager/service.go:428.88,430.3 1 0
github.com/denkhaus/knot/internal/manager/service.go:433.2,433.33 1 0
github.com/denkhaus/knot/internal/manager/service.go:433.33,435.17 2 0
github.com/denkhaus/knot/internal/manager/service.go:435.17,437.4 1 0
github.com/denkhaus/knot/internal/manager/service.go:440.3,440.27 1 0
github.com/denkhaus/knot/internal/manager/service.go:440.27,442.73 2 0
github.com/denkhaus/knot/internal/manager/service.go:442.73,445.5 2 0
github.com/denkhaus/knot/internal/manager/service.go:445.10,445.80 1 0
github.com/denkhaus/knot/internal/manager/service.go:445.80,447.5 1 0
github.com/denkhaus/knot/internal/manager/service.go:449.3,449.32 1 0
github.com/denkhaus/knot/internal/manager/service.go:449.32,451.4 1 0
github.com/denkhaus/knot/internal/manager/service.go:453.3,455.54 2 0
github.com/denkhaus/knot/internal/manager/service.go:455.54,457.4 1 0
github.com/denkhaus/knot/internal/manager/service.go:460.2,460.12 1 0
github.com/denkhaus/knot/internal/manager/service.go:464.117,467.16 2 0
github.com/denkhaus/knot/internal/manager/service.go:467.16,469.3 1 0
github.com/denkhaus/knot/internal/manager/service.go:472.2,472.64 1 0
github.com/denkhaus/knot/internal/manager/service.go:472.64,474.3 1 0
github.com/denkhaus/knot/internal/manager/service.go:477.2,492.56 2 0
github.com/denkhaus/knot/internal/manager/service.go:492.56,494.3 1 0
github.com/denkhaus/knot/internal/manager/service.go:496.2,496.40 1 0
github.com/denkhaus/knot/internal/manager/service.go:500.111,502.18 1 0
github.com/denkhaus/knot/internal/manager/service.go:502.18,504.3 1 0
github.com/denkhaus/knot/internal/manager/service.go:506.2,507.16 2 0
github.com/denkhaus/knot/internal/manager/service.go:507.16,509.3 1 0
github.com/denkhaus/knot/internal/manager/service.go:511.2,514.53 3 0
github.com/denkhaus/knot/internal/manager/service.go:514.53,516.3 1 0
github.com/denkhaus/knot/internal/manager/service.go:518.2,518.36 1 0
github.com/denkhaus/knot/internal/manager/service.go:524.116,526.16 2 0
github.com/denkhaus/knot/internal/manager/service.go:526.16,528.3 1 0
github.com/denkhaus/knot/internal/manager/service.go:530.2,533.53 3 0
github.com/denkhaus/knot/internal/manager/service.go:533.53,535.3 1 0
github.com/denkhaus/knot/internal/manager/service.go:537.2,537.36 1 0
github.com/denkhaus/knot/internal/manager/service.go:541.101,543.16 2 0
github.com/denkhaus/knot/internal/manager/service.go:543.16,545.3 1 0
github.com/denkhaus/knot/internal/manager/service.go:547.2,550.53 3 0
github.com/denkhaus/knot/internal/manager/service.go:550.53,552.3 1 0
github.com/denkhaus/knot/internal/manager/service.go:554.2,554.36 1 0
github.com/denkhaus/knot/internal/manager/service.go:558.120,560.61 1 0
github.com/denkhaus/knot/internal/manager/service.go:560.61,562.3 1 0
github.com/denkhaus/knot/internal/manager/service.go:565.2,566.16 2 0
github.com/denkhaus/knot/internal/manager/service.go:566.16,568.3 1 0
github.com/denkhaus/knot/internal/manager/service.go:571.2,572.32 2 0
github.com/denkhaus/knot/internal/manager/service.go:572.32,573.66 1 0
github.com/denkhaus/knot/internal/manager/service.go:573.66,575.4 1 0
github.com/denkhaus/knot/internal/manager/service.go:578.2,578.27 1 0
github.com/denkhaus/knot/internal/manager/service.go:582.104,584.61 1 0
github.com/denkhaus/knot/internal/manager/service.go:584.61,586.3 1 0
github.com/denkhaus/knot/internal/manager/service.go:589.2,590.16 2 0
github.com/denkhaus/knot/internal/manager/service.go:590.16,592.3 1 0
github.com/denkhaus/knot/internal/manager/service.go:595.2,596.32 2 0
github.com/denkhaus/knot/internal/manager/service.go:596.32,597.32 1 0
github.com/denkhaus/knot/internal/manager/service.go:597.32,599.4 1 0
github.com/denkhaus/knot/internal/manager/service.go:602.2,602.29 1 0
github.com/denkhaus/knot/internal/manager/service.go:605.105,607.61 1 0
github.com/denkhaus/knot/internal/manager/service.go:607.61,609.3 1 0
github.com/denkhaus/knot/internal/manager/service.go:612.2,613.16 2 0
github.com/denkhaus/knot/internal/manager/service.go:613.16,615.3 1 0
github.com/denkhaus/knot/internal/manager/service.go:618.2,619.32 2 0
github.com/denkhaus/knot/internal/manager/service.go:619.32,621.3 1 0
github.com/denkhaus/knot/internal/manager/service.go:624.2,625.32 2 0
github.com/denkhaus/knot/internal/manager/service.go:625.32,626.21 1 0
github.com/denkhaus/knot/internal/manager/service.go:627.31,628.45 1 0
github.com/denkhaus/knot/internal/manager/service.go:629.34,630.51 1 0
github.com/denkhaus/knot/internal/manager/service.go:635.2,635.30 1 0
github.com/denkhaus/knot/internal/manager/service.go:635.30,637.40 1 0
github.com/denkhaus/knot/internal/manager/service.go:637.40,638.43 1 0
github.com/denkhaus/knot/internal/manager/service.go:638.43,640.5 1 0
github.com/denkhaus/knot/internal/manager/service.go:645.3,645.117 1 0
github.com/denkhaus/knot/internal/manager/service.go:649.2,649.36 1 0
github.com/denkhaus/knot/internal/manager/service.go:649.36,650.42 1 0
github.com/denkhaus/knot/internal/manager/service.go:650.42,652.4 1 0
github.com/denkhaus/knot/internal/manager/service.go:659.2,659.27 1 0
github.com/denkhaus/knot/internal/manager/service.go:659.27,661.3 1 0
github.com/denkhaus/knot/internal/manager/service.go:664.2,664.53 1 0
github.com/denkhaus/knot/internal/manager/service.go:668.96,669.42 1 0
github.com/denkhaus/knot/internal/manager/service.go:669.42,671.59 2 0
github.com/denkhaus/knot/internal/manager/service.go:671.59,674.4 1 0
github.com/denkhaus/knot/internal/manager/service.go:676.2,676.13 1 0
github.com/denkhaus/knot/internal/manager/service.go:679.110,681.61 1 0
github.com/denkhaus/knot/internal/manager/service.go:681.61,683.3 1 0
github.com/denkhaus/knot/internal/manager/service.go:686.2,687.16 2 0
github.com/denkhaus/knot/internal/manager/service.go:687.16,689.3 1 0
github.com/denkhaus/knot/internal/manager/service.go:691.2,692.29 2 0
github.com/denkhaus/knot/internal/manager/service.go:692.29,693.54 1 0
github.com/denkhaus/knot/internal/manager/service.go:693.54,696.18 2 0
github.com/denkhaus/knot/internal/manager/service.go:696.18,698.5 1 0
github.com/denkhaus/knot/internal/manager/service.go:699.4,699.26 1 0
github.com/denkhaus/knot/internal/manager/service.go:699.26,701.5 1 0
github.com/denkhaus/knot/internal/manager/service.go:705.2,705.28 1 0
github.com/denkhaus/knot/internal/manager/service.go:708.112,710.61 1 0
github.com/denkhaus/knot/internal/manager/service.go:710.61,712.3 1 0
github.com/denkhaus/knot/internal/manager/service.go:714.2,714.50 1 0
github.com/denkhaus/knot/internal/manager/service.go:717.124,719.61 1 0
github.com/denkhaus/knot/internal/manager/service.go:719.61,721.3 1 0
github.com/denkhaus/knot/internal/manager/service.go:723.2,726.4 1 0
github.com/denkhaus/knot/internal/manager/service.go:731.73,732.17 1 1
github.com/denkhaus/knot/internal/manager/service.go:732.17,734.3 1 0
github.com/denkhaus/knot/internal/manager/service.go:735.2,735.22 1 1
github.com/denkhaus/knot/internal/manager/service.go:735.22,737.3 1 0
github.com/denkhaus/knot/internal/manager/service.go:738.2,738.54 1 1
github.com/denkhaus/knot/internal/manager/service.go:738.54,740.3 1 0
github.com/denkhaus/knot/internal/manager/service.go:741.2,741.12 1 1
github.com/denkhaus/knot/internal/manager/service.go:744.86,745.17 1 1
github.com/denkhaus/knot/internal/manager/service.go:745.17,747.3 1 1
github.com/denkhaus/knot/internal/manager/service.go:748.2,748.22 1 1
github.com/denkhaus/knot/internal/manager/service.go:748.22,750.3 1 1
github.com/denkhaus/knot/internal/manager/service.go:751.2,751.54 1 1
github.com/denkhaus/knot/internal/manager/service.go:751.54,753.3 1 1
github.com/denkhaus/knot/internal/manager/service.go:754.2,754.39 1 1
github.com/denkhaus/knot/internal/manager/service.go:754.39,756.3 1 1
github.com/denkhaus/knot/internal/manager/service.go:757.2,757.12 1 1
github.com/denkhaus/knot/internal/manager/service.go:762.39,764.2 1 0
github.com/denkhaus/knot/internal/manager/service.go:766.48,767.19 1 0
github.com/denkhaus/knot/internal/manager/service.go:767.19,769.3 1 0
github.com/denkhaus/knot/internal/manager/service.go:773.46,776.16 2 0
github.com/denkhaus/knot/internal/manager/service.go:776.16,778.3 1 0
github.com/denkhaus/knot/internal/manager/service.go:781.2,781.55 1 0
github.com/denkhaus/knot/internal/manager/service.go:781.55,783.3 1 0
github.com/denkhaus/knot/internal/manager/service.go:786.2,787.16 2 0
github.com/denkhaus/knot/internal/manager/service.go:787.16,789.3 1 0
github.com/denkhaus/knot/internal/manager/service.go:791.2,792.54 2 0
github.com/denkhaus/knot/internal/manager/service.go:792.54,794.3 1 0
github.com/denkhaus/knot/internal/manager/service.go:797.2,797.48 1 0
github.com/denkhaus/knot/internal/manager/service.go:797.48,799.3 1 0
github.com/denkhaus/knot/internal/manager/service.go:801.2,802.12 2 0
github.com/denkhaus/knot/internal/manager/service.go:806.44,807.49 1 0
github.com/denkhaus/knot/internal/manager/service.go:807.49,809.3 1 0
github.com/denkhaus/knot/internal/manager/service.go:811.2,812.16 2 0
github.com/denkhaus/knot/internal/manager/service.go:812.16,814.3 1 0
github.com/denkhaus/knot/internal/manager/service.go:817.2,818.51 2 0
github.com/denkhaus/knot/internal/manager/service.go:818.51,820.3 1 0
github.com/denkhaus/knot/internal/manager/service.go:823.2,824.16 2 0
github.com/denkhaus/knot/internal/manager/service.go:824.16,826.3 1 0
github.com/denkhaus/knot/internal/manager/service.go:829.2,829.61 1 0
github.com/denkhaus/knot/internal/manager/service.go:829.61,831.3 1 0
github.com/denkhaus/knot/internal/manager/service.go:833.2,833.12 1 0
github.com/denkhaus/knot/internal/manager/service.go:837.138,839.2 1 1
github.com/denkhaus/knot/internal/manager/service.go:842.141,844.2 1 1
github.com/denkhaus/knot/internal/manager/service.go:847.101,849.2 1 0
github.com/denkhaus/knot/internal/manager/service.go:852.99,854.2 1 0
github.com/denkhaus/knot/internal/manager/service.go:859.38,862.16 2 0
github.com/denkhaus/knot/internal/manager/service.go:862.16,864.3 1 0
github.com/denkhaus/knot/internal/manager/service.go:866.2,868.24 3 0
github.com/denkhaus/knot/internal/manager/service.go:872.38,873.28 1 0
github.com/denkhaus/knot/internal/manager/service.go:873.28,875.3 1 0
github.com/denkhaus/knot/internal/manager/service.go:876.2,876.61 1 0
github.com/denkhaus/knot/internal/manager/service.go:876.61,878.3 1 0
github.com/denkhaus/knot/internal/manager/service.go:879.2,879.20 1 0
github.com/denkhaus/knot/internal/manager/service.go:879.20,881.3 1 0
github.com/denkhaus/knot/internal/manager/service.go:882.2,882.32 1 0
github.com/denkhaus/knot/internal/manager/service.go:882.32,884.3 1 0
github.com/denkhaus/knot/internal/manager/service.go:885.2,885.12 1 0
github.com/denkhaus/knot/internal/manager/service.go:889.93,892.16 2 1
github.com/denkhaus/knot/internal/manager/service.go:892.16,894.3 1 0
github.com/denkhaus/knot/internal/manager/service.go:897.2,897.58 1 1
github.com/denkhaus/knot/internal/manager/service.go:897.58,899.3 1 1
github.com/denkhaus/knot/internal/manager/service.go:902.2,903.16 2 0
github.com/denkhaus/knot/internal/manager/service.go:903.16,905.3 1 0
github.com/denkhaus/knot/internal/manager/service.go:909.2,912.9 3 0
github.com/denkhaus/knot/internal/manager/service.go:913.23,915.44 1 0
github.com/denkhaus/knot/internal/manager/service.go:916.23,918.20 1 0
github.com/denkhaus/knot/internal/manager/service.go:919.23,921.20 1 0
github.com/denkhaus/knot/internal/manager/service.go:922.10,924.20 1 0
github.com/denkhaus/knot/internal/manager/service.go:928.2,928.23 1 0
github.com/denkhaus/knot/internal/manager/service.go:928.23,930.3 1 0
github.com/denkhaus/knot/internal/manager/service.go:933.2,933.44 1 0
github.com/denkhaus/knot/internal/manager/service.go:933.44,935.60 2 0
github.com/denkhaus/knot/internal/manager/service.go:935.60,937.4 1 0
github.com/denkhaus/knot/internal/manager/service.go:939.3,940.88 1 0
github.com/denkhaus/knot/internal/manager/service.go:943.2,943.12 1 0
github.com/denkhaus/knot/internal/manager/service.go:949.64,984.16 2 1
github.com/denkhaus/knot/internal/manager/service.go:984.16,986.3 1 0
github.com/denkhaus/knot/internal/manager/service.go:989.2,990.13 2 1
github.com/denkhaus/knot/internal/manager/service.go:990.13,992.3 1 0
github.com/denkhaus/knot/internal/manager/service.go:994.2,994.45 1 1
github.com/denkhaus/knot/internal/manager/service.go:994.45,995.25 1 1
github.com/denkhaus/knot/internal/manager/service.go:995.25,997.4 1 1
github.com/denkhaus/knot/internal/manager/service.go:1000.2,1000.14 1 0
github.com/denkhaus/knot/internal/manager/service.go:1004.70,1027.16 2 0
github.com/denkhaus/knot/internal/manager/service.go:1027.16,1029.3 1 0
github.com/denkhaus/knot/internal/manager/service.go:1032.2,1032.89 1 0
github.com/denkhaus/knot/internal/manager/service.go:1032.89,1034.3 1 0
github.com/denkhaus/knot/internal/manager/service.go:1037.2,1038.13 2 0
github.com/denkhaus/knot/internal/manager/service.go:1038.13,1040.3 1 0
github.com/denkhaus/knot/internal/manager/service.go:1042.2,1042.45 1 0
github.com/denkhaus/knot/internal/manager/service.go:1042.45,1043.25 1 0
github.com/denkhaus/knot/internal/manager/service.go:1043.25,1045.4 1 0
github.com/denkhaus/knot/internal/manager/service.go:1048.2,1048.14 1 0
github.com/denkhaus/knot/internal/manager/service.go:1054.79,1056.2 1 1
github.com/denkhaus/knot/internal/manager/service.go:1059.100,1061.2 1 1
github.com/denkhaus/knot/internal/manager/service.go:1064.67,1066.2 1 1
github.com/denkhaus/knot/internal/manager/service.go:1069.73,1071.2 1 1
github.com/denkhaus/knot/internal/manager/service.go:1074.46,1076.2 1 1
github.com/denkhaus/knot/internal/repository/sqlite/config.go:16.38,18.16 2 1
github.com/denkhaus/knot/internal/repository/sqlite/config.go:18.16,20.3 1 0
github.com/denkhaus/knot/internal/repository/sqlite/config.go:22.2,23.24 2 1
github.com/denkhaus/knot/internal/repository/sqlite/config.go:27.41,29.16 2 1
github.com/denkhaus/knot/internal/repository/sqlite/config.go:29.16,31.3 1 0
github.com/denkhaus/knot/internal/repository/sqlite/config.go:34.2,34.54 1 1
github.com/denkhaus/knot/internal/repository/sqlite/config.go:34.54,36.3 1 0
github.com/denkhaus/knot/internal/repository/sqlite/config.go:39.2,39.42 1 1
github.com/denkhaus/knot/internal/repository/sqlite/config.go:43.60,46.16 2 1
github.com/denkhaus/knot/internal/repository/sqlite/config.go:46.16,48.3 1 0
github.com/denkhaus/knot/internal/repository/sqlite/config.go:50.2,54.33 3 1
github.com/denkhaus/knot/internal/repository/sqlite/config.go:54.33,55.56 1 0
github.com/denkhaus/knot/internal/repository/sqlite/config.go:55.56,57.4 1 0
github.com/denkhaus/knot/internal/repository/sqlite/config.go:60.2,60.21 1 1
github.com/denkhaus/knot/internal/repository/sqlite/config.go:65.40,67.16 2 1
github.com/denkhaus/knot/internal/repository/sqlite/config.go:67.16,69.3 1 0
github.com/denkhaus/knot/internal/repository/sqlite/config.go:71.2,75.49 3 1
github.com/denkhaus/knot/internal/repository/sqlite/config.go:75.49,76.52 1 0
github.com/denkhaus/knot/internal/repository/sqlite/config.go:76.52,78.58 1 0
github.com/denkhaus/knot/internal/repository/sqlite/config.go:78.58,81.5 1 0
github.com/denkhaus/knot/internal/repository/sqlite/config.go:85.2,85.20 1 1
github.com/denkhaus/knot/internal/repository/sqlite/config.go:89.50,91.16 2 0
github.com/denkhaus/knot/internal/repository/sqlite/config.go:91.16,93.3 1 0
github.com/denkhaus/knot/internal/repository/sqlite/config.go:96.2,96.20 1 0
github.com/denkhaus/knot/internal/repository/sqlite/context_operations.go:15.88,22.16 3 1
github.com/denkhaus/knot/internal/repository/sqlite/context_operations.go:22.16,23.26 1 1
github.com/denkhaus/knot/internal/repository/sqlite/context_operations.go:23.26,26.4 2 1
github.com/denkhaus/knot/internal/repository/sqlite/context_operations.go:27.3,28.68 2 0
github.com/denkhaus/knot/internal/repository/sqlite/context_operations.go:31.2,32.35 2 1
github.com/denkhaus/knot/internal/repository/sqlite/context_operations.go:36.109,45.16 3 1
github.com/denkhaus/knot/internal/repository/sqlite/context_operations.go:45.16,48.3 2 0
github.com/denkhaus/knot/internal/repository/sqlite/context_operations.go:49.2,49.13 1 1
github.com/denkhaus/knot/internal/repository/sqlite/context_operations.go:49.13,51.3 1 0
github.com/denkhaus/knot/internal/repository/sqlite/context_operations.go:55.2,63.32 3 1
github.com/denkhaus/knot/internal/repository/sqlite/context_operations.go:63.32,72.3 3 1
github.com/denkhaus/knot/internal/repository/sqlite/context_operations.go:74.2,74.16 1 1
github.com/denkhaus/knot/internal/repository/sqlite/context_operations.go:74.16,77.3 2 0
github.com/denkhaus/knot/internal/repository/sqlite/context_operations.go:79.2,82.12 2 1
github.com/denkhaus/knot/internal/repository/sqlite/context_operations.go:86.76,93.16 3 1
github.com/denkhaus/knot/internal/repository/sqlite/context_operations.go:93.16,96.3 2 0
github.com/denkhaus/knot/internal/repository/sqlite/context_operations.go:98.2,99.12 2 1
github.com/denkhaus/knot/internal/repository/sqlite/context_operations.go:103.82,109.16 3 1
github.com/denkhaus/knot/internal/repository/sqlite/context_operations.go:109.16,112.3 2 0
github.com/denkhaus/knot/internal/repository/sqlite/context_operations.go:114.2,115.20 2 1
github.com/denkhaus/knot/internal/repository/sqlite/dependency_operations.go:17.133,19.67 2 0
github.com/denkhaus/knot/internal/repository/sqlite/dependency_operations.go:19.67,22.17 2 0
github.com/denkhaus/knot/internal/repository/sqlite/dependency_operations.go:22.17,23.27 1 0
github.com/denkhaus/knot/internal/repository/sqlite/dependency_operations.go:23.27,25.5 1 0
github.com/denkhaus/knot/internal/repository/sqlite/dependency_operations.go:26.4,26.52 1 0
github.com/denkhaus/knot/internal/repository/sqlite/dependency_operations.go:29.3,30.17 2 0
github.com/denkhaus/knot/internal/repository/sqlite/dependency_operations.go:30.17,31.27 1 0
github.com/denkhaus/knot/internal/repository/sqlite/dependency_operations.go:31.27,33.5 1 0
github.com/denkhaus/knot/internal/repository/sqlite/dependency_operations.go:34.4,34.63 1 0
github.com/denkhaus/knot/internal/repository/sqlite/dependency_operations.go:37.3,37.48 1 0
github.com/denkhaus/knot/internal/repository/sqlite/dependency_operations.go:37.48,39.4 1 0
github.com/denkhaus/knot/internal/repository/sqlite/dependency_operations.go:42.3,48.17 2 0
github.com/denkhaus/knot/internal/repository/sqlite/dependency_operations.go:48.17,50.4 1 0
github.com/denkhaus/knot/internal/repository/sqlite/dependency_operations.go:51.3,51.13 1 0
github.com/denkhaus/knot/internal/repository/sqlite/dependency_operations.go:51.13,53.4 1 0
github.com/denkhaus/knot/internal/repository/sqlite/dependency_operations.go:56.3,56.113 1 0
github.com/denkhaus/knot/internal/repository/sqlite/dependency_operations.go:56.113,58.4 1 0
github.com/denkhaus/knot/internal/repository/sqlite/dependency_operations.go:61.3,65.17 2 0
github.com/denkhaus/knot/internal/repository/sqlite/dependency_operations.go:65.17,67.4 1 0
github.com/denkhaus/knot/internal/repository/sqlite/dependency_operations.go:70.3,71.13 2 0
github.com/denkhaus/knot/internal/repository/sqlite/dependency_operations.go:73.2,73.20 1 0
github.com/denkhaus/knot/internal/repository/sqlite/dependency_operations.go:77.136,79.67 2 0
github.com/denkhaus/knot/internal/repository/sqlite/dependency_operations.go:79.67,82.17 2 0
github.com/denkhaus/knot/internal/repository/sqlite/dependency_operations.go:82.17,83.27 1 0
github.com/denkhaus/knot/internal/repository/sqlite/dependency_operations.go:83.27,85.5 1 0
github.com/denkhaus/knot/internal/repository/sqlite/dependency_operations.go:86.4,86.52 1 0
github.com/denkhaus/knot/internal/repository/sqlite/dependency_operations.go:90.3,96.17 2 0
github.com/denkhaus/knot/internal/repository/sqlite/dependency_operations.go:96.17,98.4 1 0
github.com/denkhaus/knot/internal/repository/sqlite/dependency_operations.go:100.3,100.24 1 0
github.com/denkhaus/knot/internal/repository/sqlite/dependency_operations.go:100.24,102.4 1 0
github.com/denkhaus/knot/internal/repository/sqlite/dependency_operations.go:105.3,106.13 2 0
github.com/denkhaus/knot/internal/repository/sqlite/dependency_operations.go:108.2,108.20 1 0
github.com/denkhaus/knot/internal/repository/sqlite/dependency_operations.go:112.110,118.16 2 0
github.com/denkhaus/knot/internal/repository/sqlite/dependency_operations.go:118.16,120.3 1 0
github.com/denkhaus/knot/internal/repository/sqlite/dependency_operations.go:122.2,122.33 1 0
github.com/denkhaus/knot/internal/repository/sqlite/dependency_operations.go:122.33,124.3 1 0
github.com/denkhaus/knot/internal/repository/sqlite/dependency_operations.go:127.2,128.40 2 0
github.com/denkhaus/knot/internal/repository/sqlite/dependency_operations.go:128.40,130.3 1 0
github.com/denkhaus/knot/internal/repository/sqlite/dependency_operations.go:133.2,137.16 2 0
github.com/denkhaus/knot/internal/repository/sqlite/dependency_operations.go:137.16,139.3 1 0
github.com/denkhaus/knot/internal/repository/sqlite/dependency_operations.go:141.2,142.35 2 0
github.com/denkhaus/knot/internal/repository/sqlite/dependency_operations.go:142.35,144.3 1 0
github.com/denkhaus/knot/internal/repository/sqlite/dependency_operations.go:146.2,146.19 1 0
github.com/denkhaus/knot/internal/repository/sqlite/dependency_operations.go:150.108,156.16 2 0
github.com/denkhaus/knot/internal/repository/sqlite/dependency_operations.go:156.16,158.3 1 0
github.com/denkhaus/knot/internal/repository/sqlite/dependency_operations.go:160.2,160.32 1 0
github.com/denkhaus/knot/internal/repository/sqlite/dependency_operations.go:160.32,162.3 1 0
github.com/denkhaus/knot/internal/repository/sqlite/dependency_operations.go:165.2,166.39 2 0
github.com/denkhaus/knot/internal/repository/sqlite/dependency_operations.go:166.39,168.3 1 0
github.com/denkhaus/knot/internal/repository/sqlite/dependency_operations.go:171.2,175.16 2 0
github.com/denkhaus/knot/internal/repository/sqlite/dependency_operations.go:175.16,177.3 1 0
github.com/denkhaus/knot/internal/repository/sqlite/dependency_operations.go:179.2,180.35 2 0
github.com/denkhaus/knot/internal/repository/sqlite/dependency_operations.go:180.35,182.3 1 0
github.com/denkhaus/knot/internal/repository/sqlite/dependency_operations.go:184.2,184.19 1 0
github.com/denkhaus/knot/internal/repository/sqlite/dependency_operations.go:188.153,190.28 1 0
github.com/denkhaus/knot/internal/repository/sqlite/dependency_operations.go:190.28,192.3 1 0
github.com/denkhaus/knot/internal/repository/sqlite/dependency_operations.go:195.2,195.23 1 0
github.com/denkhaus/knot/internal/repository/sqlite/dependency_operations.go:195.23,197.3 1 0
github.com/denkhaus/knot/internal/repository/sqlite/dependency_operations.go:199.2,206.16 3 0
github.com/denkhaus/knot/internal/repository/sqlite/dependency_operations.go:206.16,208.3 1 0
github.com/denkhaus/knot/internal/repository/sqlite/dependency_operations.go:211.2,211.35 1 0
github.com/denkhaus/knot/internal/repository/sqlite/dependency_operations.go:211.35,212.104 1 0
github.com/denkhaus/knot/internal/repository/sqlite/dependency_operations.go:212.104,214.4 1 0
github.com/denkhaus/knot/internal/repository/sqlite/dependency_operations.go:217.2,217.12 1 0
github.com/denkhaus/knot/internal/repository/sqlite/dependency_operations.go:221.112,225.16 2 0
github.com/denkhaus/knot/internal/repository/sqlite/dependency_operations.go:225.16,226.26 1 0
github.com/denkhaus/knot/internal/repository/sqlite/dependency_operations.go:226.26,228.4 1 0
github.com/denkhaus/knot/internal/repository/sqlite/dependency_operations.go:229.3,229.71 1 0
github.com/denkhaus/knot/internal/repository/sqlite/dependency_operations.go:232.2,238.16 3 0
github.com/denkhaus/knot/internal/repository/sqlite/dependency_operations.go:238.16,240.3 1 0
github.com/denkhaus/knot/internal/repository/sqlite/dependency_operations.go:241.2,248.16 3 0
github.com/denkhaus/knot/internal/repository/sqlite/dependency_operations.go:248.16,250.3 1 0
github.com/denkhaus/knot/internal/repository/sqlite/dependency_operations.go:251.2,253.18 2 0
github.com/denkhaus/knot/internal/repository/sqlite/errors.go:31.42,32.20 1 0
github.com/denkhaus/knot/internal/repository/sqlite/errors.go:32.20,34.3 1 0
github.com/denkhaus/knot/internal/repository/sqlite/errors.go:35.2,35.18 1 0
github.com/denkhaus/knot/internal/repository/sqlite/errors.go:39.42,41.2 1 0
github.com/denkhaus/knot/internal/repository/sqlite/errors.go:44.49,45.45 1 0
github.com/denkhaus/knot/internal/repository/sqlite/errors.go:45.45,47.3 1 0
github.com/denkhaus/knot/internal/repository/sqlite/errors.go:48.2,48.14 1 0
github.com/denkhaus/knot/internal/repository/sqlite/errors.go:54.66,59.2 1 1
github.com/denkhaus/knot/internal/repository/sqlite/errors.go:62.83,68.2 1 0
github.com/denkhaus/knot/internal/repository/sqlite/errors.go:71.66,76.2 1 0
github.com/denkhaus/knot/internal/repository/sqlite/errors.go:79.62,84.2 1 0
github.com/denkhaus/knot/internal/repository/sqlite/errors.go:87.62,92.2 1 0
github.com/denkhaus/knot/internal/repository/sqlite/errors.go:95.71,101.2 1 0
github.com/denkhaus/knot/internal/repository/sqlite/errors.go:104.72,110.2 1 0
github.com/denkhaus/knot/internal/repository/sqlite/errors.go:113.70,119.2 1 0
github.com/denkhaus/knot/internal/repository/sqlite/errors.go:122.71,128.2 1 0
github.com/denkhaus/knot/internal/repository/sqlite/errors.go:133.38,136.2 2 0
github.com/denkhaus/knot/internal/repository/sqlite/errors.go:139.49,142.2 2 0
github.com/denkhaus/knot/internal/repository/sqlite/errors.go:145.48,148.2 2 0
github.com/denkhaus/knot/internal/repository/sqlite/errors.go:151.46,154.2 2 0
github.com/denkhaus/knot/internal/repository/sqlite/errors.go:157.46,160.2 2 0
github.com/denkhaus/knot/internal/repository/sqlite/errors.go:163.40,166.2 2 0
github.com/denkhaus/knot/internal/repository/sqlite/errors.go:169.41,172.2 2 0
github.com/denkhaus/knot/internal/repository/sqlite/errors.go:175.39,178.2 2 0
github.com/denkhaus/knot/internal/repository/sqlite/errors.go:181.40,184.2 2 0
github.com/denkhaus/knot/internal/repository/sqlite/health.go:28.84,36.16 3 0
github.com/denkhaus/knot/internal/repository/sqlite/health.go:36.16,39.3 2 0
github.com/denkhaus/knot/internal/repository/sqlite/health.go:42.2,43.44 2 0
github.com/denkhaus/knot/internal/repository/sqlite/health.go:43.44,46.3 2 0
github.com/denkhaus/knot/internal/repository/sqlite/health.go:47.2,57.50 7 0
github.com/denkhaus/knot/internal/repository/sqlite/health.go:57.50,60.3 2 0
github.com/denkhaus/knot/internal/repository/sqlite/health.go:63.2,63.63 1 0
github.com/denkhaus/knot/internal/repository/sqlite/health.go:63.63,66.3 1 0
github.com/denkhaus/knot/internal/repository/sqlite/health.go:68.2,69.20 2 0
github.com/denkhaus/knot/internal/repository/sqlite/health.go:73.60,75.16 2 0
github.com/denkhaus/knot/internal/repository/sqlite/health.go:75.16,77.3 1 0
github.com/denkhaus/knot/internal/repository/sqlite/health.go:79.2,79.28 1 0
github.com/denkhaus/knot/internal/repository/sqlite/health.go:83.74,85.16 2 0
github.com/denkhaus/knot/internal/repository/sqlite/health.go:85.16,87.3 1 0
github.com/denkhaus/knot/internal/repository/sqlite/health.go:89.2,89.21 1 0
github.com/denkhaus/knot/internal/repository/sqlite/health.go:89.21,91.3 1 0
github.com/denkhaus/knot/internal/repository/sqlite/health.go:94.2,94.38 1 0
github.com/denkhaus/knot/internal/repository/sqlite/health.go:94.38,97.3 1 0
github.com/denkhaus/knot/internal/repository/sqlite/health.go:99.2,99.33 1 0
github.com/denkhaus/knot/internal/repository/sqlite/health.go:99.33,101.3 1 0
github.com/denkhaus/knot/internal/repository/sqlite/health.go:103.2,108.12 2 0
github.com/denkhaus/knot/internal/repository/sqlite/health.go:112.63,113.21 1 0
github.com/denkhaus/knot/internal/repository/sqlite/health.go:113.21,115.3 1 0
github.com/denkhaus/knot/internal/repository/sqlite/health.go:119.2,119.83 1 0
github.com/denkhaus/knot/internal/repository/sqlite/health.go:123.82,127.16 3 0
github.com/denkhaus/knot/internal/repository/sqlite/health.go:127.16,129.3 1 0
github.com/denkhaus/knot/internal/repository/sqlite/health.go:131.2,131.17 1 0
github.com/denkhaus/knot/internal/repository/sqlite/health.go:131.17,133.3 1 0
github.com/denkhaus/knot/internal/repository/sqlite/health.go:135.2,135.12 1 0
github.com/denkhaus/knot/internal/repository/sqlite/health.go:139.109,150.35 2 0
github.com/denkhaus/knot/internal/repository/sqlite/health.go:150.35,153.17 3 0
github.com/denkhaus/knot/internal/repository/sqlite/health.go:153.17,157.12 2 0
github.com/denkhaus/knot/internal/repository/sqlite/health.go:160.3,160.27 1 0
github.com/denkhaus/knot/internal/repository/sqlite/health.go:160.27,162.4 1 0
github.com/denkhaus/knot/internal/repository/sqlite/health.go:164.3,167.45 1 0
github.com/denkhaus/knot/internal/repository/sqlite/health.go:170.2,170.12 1 0
github.com/denkhaus/knot/internal/repository/sqlite/health.go:174.91,178.6 3 0
github.com/denkhaus/knot/internal/repository/sqlite/health.go:178.6,179.10 1 0
github.com/denkhaus/knot/internal/repository/sqlite/health.go:180.21,182.10 2 0
github.com/denkhaus/knot/internal/repository/sqlite/health.go:183.19,185.18 2 0
github.com/denkhaus/knot/internal/repository/sqlite/health.go:185.18,187.13 2 0
github.com/denkhaus/knot/internal/repository/sqlite/health.go:190.4,190.23 1 0
github.com/denkhaus/knot/internal/repository/sqlite/health.go:190.23,194.5 1 0
github.com/denkhaus/knot/internal/repository/sqlite/health.go:194.10,198.5 1 0
github.com/denkhaus/knot/internal/repository/sqlite/mappers.go:14.58,26.2 1 1
github.com/denkhaus/knot/internal/repository/sqlite/mappers.go:29.89,35.22 2 1
github.com/denkhaus/knot/internal/repository/sqlite/mappers.go:35.22,37.3 1 1
github.com/denkhaus/knot/internal/repository/sqlite/mappers.go:38.2,38.27 1 1
github.com/denkhaus/knot/internal/repository/sqlite/mappers.go:38.27,40.3 1 1
github.com/denkhaus/knot/internal/repository/sqlite/mappers.go:41.2,41.27 1 1
github.com/denkhaus/knot/internal/repository/sqlite/mappers.go:41.27,43.3 1 1
github.com/denkhaus/knot/internal/repository/sqlite/mappers.go:44.2,44.22 1 1
github.com/denkhaus/knot/internal/repository/sqlite/mappers.go:44.22,46.3 1 0
github.com/denkhaus/knot/internal/repository/sqlite/mappers.go:47.2,47.26 1 1
github.com/denkhaus/knot/internal/repository/sqlite/mappers.go:47.26,49.3 1 0
github.com/denkhaus/knot/internal/repository/sqlite/mappers.go:50.2,50.20 1 1
github.com/denkhaus/knot/internal/repository/sqlite/mappers.go:50.20,52.3 1 0
github.com/denkhaus/knot/internal/repository/sqlite/mappers.go:54.2,54.15 1 1
github.com/denkhaus/knot/internal/repository/sqlite/mappers.go:60.46,75.24 2 1
github.com/denkhaus/knot/internal/repository/sqlite/mappers.go:75.24,77.3 1 0
github.com/denkhaus/knot/internal/repository/sqlite/mappers.go:78.2,78.24 1 1
github.com/denkhaus/knot/internal/repository/sqlite/mappers.go:78.24,80.3 1 0
github.com/denkhaus/knot/internal/repository/sqlite/mappers.go:81.2,81.29 1 1
github.com/denkhaus/knot/internal/repository/sqlite/mappers.go:81.29,83.3 1 0
github.com/denkhaus/knot/internal/repository/sqlite/mappers.go:84.2,84.27 1 1
github.com/denkhaus/knot/internal/repository/sqlite/mappers.go:84.27,86.3 1 0
github.com/denkhaus/knot/internal/repository/sqlite/mappers.go:89.2,92.19 3 1
github.com/denkhaus/knot/internal/repository/sqlite/mappers.go:96.77,106.22 2 1
github.com/denkhaus/knot/internal/repository/sqlite/mappers.go:106.22,108.3 1 1
github.com/denkhaus/knot/internal/repository/sqlite/mappers.go:109.2,109.23 1 1
github.com/denkhaus/knot/internal/repository/sqlite/mappers.go:109.23,111.3 1 0
github.com/denkhaus/knot/internal/repository/sqlite/mappers.go:112.2,112.23 1 1
github.com/denkhaus/knot/internal/repository/sqlite/mappers.go:112.23,114.3 1 0
github.com/denkhaus/knot/internal/repository/sqlite/mappers.go:115.2,115.28 1 1
github.com/denkhaus/knot/internal/repository/sqlite/mappers.go:115.28,117.3 1 0
github.com/denkhaus/knot/internal/repository/sqlite/mappers.go:118.2,118.27 1 1
github.com/denkhaus/knot/internal/repository/sqlite/mappers.go:118.27,120.3 1 1
github.com/denkhaus/knot/internal/repository/sqlite/mappers.go:121.2,121.27 1 1
github.com/denkhaus/knot/internal/repository/sqlite/mappers.go:121.27,123.3 1 1
github.com/denkhaus/knot/internal/repository/sqlite/mappers.go:124.2,124.26 1 1
github.com/denkhaus/knot/internal/repository/sqlite/mappers.go:124.26,126.3 1 0
github.com/denkhaus/knot/internal/repository/sqlite/mappers.go:128.2,128.15 1 1
github.com/denkhaus/knot/internal/repository/sqlite/mappers.go:132.87,141.23 2 1
github.com/denkhaus/knot/internal/repository/sqlite/mappers.go:141.23,143.3 1 0
github.com/denkhaus/knot/internal/repository/sqlite/mappers.go:143.8,145.3 1 1
github.com/denkhaus/knot/internal/repository/sqlite/mappers.go:147.2,147.28 1 1
github.com/denkhaus/knot/internal/repository/sqlite/mappers.go:147.28,149.3 1 0
github.com/denkhaus/knot/internal/repository/sqlite/mappers.go:149.8,151.3 1 1
github.com/denkhaus/knot/internal/repository/sqlite/mappers.go:153.2,153.26 1 1
github.com/denkhaus/knot/internal/repository/sqlite/mappers.go:153.26,155.3 1 0
github.com/denkhaus/knot/internal/repository/sqlite/mappers.go:155.8,157.3 1 1
github.com/denkhaus/knot/internal/repository/sqlite/mappers.go:159.2,159.15 1 1
github.com/denkhaus/knot/internal/repository/sqlite/mappers.go:165.83,167.35 2 1
github.com/denkhaus/knot/internal/repository/sqlite/mappers.go:167.35,169.3 1 0
github.com/denkhaus/knot/internal/repository/sqlite/mappers.go:170.2,170.12 1 1
github.com/denkhaus/knot/internal/repository/sqlite/mappers.go:174.79,176.33 2 1
github.com/denkhaus/knot/internal/repository/sqlite/mappers.go:176.33,178.3 1 0
github.com/denkhaus/knot/internal/repository/sqlite/mappers.go:179.2,179.12 1 1
github.com/denkhaus/knot/internal/repository/sqlite/mappers.go:185.73,187.33 2 1
github.com/denkhaus/knot/internal/repository/sqlite/mappers.go:187.33,189.3 1 1
github.com/denkhaus/knot/internal/repository/sqlite/mappers.go:190.2,190.17 1 1
github.com/denkhaus/knot/internal/repository/sqlite/mappers.go:243.69,244.15 1 1
github.com/denkhaus/knot/internal/repository/sqlite/mappers.go:245.32,246.29 1 1
github.com/denkhaus/knot/internal/repository/sqlite/mappers.go:247.35,248.32 1 0
github.com/denkhaus/knot/internal/repository/sqlite/mappers.go:249.34,250.31 1 0
github.com/denkhaus/knot/internal/repository/sqlite/mappers.go:251.41,252.38 1 0
github.com/denkhaus/knot/internal/repository/sqlite/mappers.go:253.10,254.29 1 1
github.com/denkhaus/knot/internal/repository/sqlite/mappers.go:259.62,260.15 1 1
github.com/denkhaus/knot/internal/repository/sqlite/mappers.go:261.16,262.34 1 1
github.com/denkhaus/knot/internal/repository/sqlite/mappers.go:263.19,264.37 1 0
github.com/denkhaus/knot/internal/repository/sqlite/mappers.go:265.18,266.36 1 0
github.com/denkhaus/knot/internal/repository/sqlite/mappers.go:267.26,268.43 1 0
github.com/denkhaus/knot/internal/repository/sqlite/mappers.go:269.10,270.34 1 0
github.com/denkhaus/knot/internal/repository/sqlite/options.go:25.30,38.2 1 1
github.com/denkhaus/knot/internal/repository/sqlite/options.go:44.40,45.35 1 0
github.com/denkhaus/knot/internal/repository/sqlite/options.go:45.35,47.3 1 0
github.com/denkhaus/knot/internal/repository/sqlite/options.go:51.43,52.35 1 0
github.com/denkhaus/knot/internal/repository/sqlite/options.go:52.35,54.3 1 0
github.com/denkhaus/knot/internal/repository/sqlite/options.go:58.44,59.35 1 1
github.com/denkhaus/knot/internal/repository/sqlite/options.go:59.35,61.3 1 1
github.com/denkhaus/knot/internal/repository/sqlite/options.go:65.42,66.35 1 1
github.com/denkhaus/knot/internal/repository/sqlite/options.go:66.35,68.3 1 1
github.com/denkhaus/knot/internal/repository/sqlite/options.go:72.54,73.35 1 1
github.com/denkhaus/knot/internal/repository/sqlite/options.go:73.35,76.3 2 1
github.com/denkhaus/knot/internal/repository/sqlite/options.go:80.76,81.35 1 1
github.com/denkhaus/knot/internal/repository/sqlite/options.go:81.35,84.3 2 1
github.com/denkhaus/knot/internal/repository/sqlite/options.go:88.57,89.35 1 0
github.com/denkhaus/knot/internal/repository/sqlite/options.go:89.35,91.3 1 0
github.com/denkhaus/knot/internal/repository/sqlite/pool_optimization.go:11.32,15.77 2 1
github.com/denkhaus/knot/internal/repository/sqlite/pool_optimization.go:15.77,16.74 1 0
github.com/denkhaus/knot/internal/repository/sqlite/pool_optimization.go:16.74,18.4 1 0
github.com/denkhaus/knot/internal/repository/sqlite/pool_optimization.go:21.2,21.77 1 1
github.com/denkhaus/knot/internal/repository/sqlite/pool_optimization.go:21.77,22.74 1 0
github.com/denkhaus/knot/internal/repository/sqlite/pool_optimization.go:22.74,24.4 1 0
github.com/denkhaus/knot/internal/repository/sqlite/pool_optimization.go:28.2,30.15 2 1
github.com/denkhaus/knot/internal/repository/sqlite/pool_optimization.go:34.48,44.30 2 1
github.com/denkhaus/knot/internal/repository/sqlite/pool_optimization.go:44.30,49.3 3 1
github.com/denkhaus/knot/internal/repository/sqlite/pool_optimization.go:52.2,52.33 1 1
github.com/denkhaus/knot/internal/repository/sqlite/pool_optimization.go:52.33,55.3 1 1
github.com/denkhaus/knot/internal/repository/sqlite/pool_optimization.go:58.2,58.46 1 1
github.com/denkhaus/knot/internal/repository/sqlite/pool_optimization.go:58.46,60.3 1 1
github.com/denkhaus/knot/internal/repository/sqlite/pool_optimization.go:62.2,62.15 1 1
github.com/denkhaus/knot/internal/repository/sqlite/pool_optimization.go:66.68,69.22 2 0
github.com/denkhaus/knot/internal/repository/sqlite/pool_optimization.go:70.25,74.37 3 0
github.com/denkhaus/knot/internal/repository/sqlite/pool_optimization.go:76.26,80.44 3 0
github.com/denkhaus/knot/internal/repository/sqlite/pool_optimization.go:82.21,86.44 3 0
github.com/denkhaus/knot/internal/repository/sqlite/pool_optimization.go:88.21,93.41 4 0
github.com/denkhaus/knot/internal/repository/sqlite/pool_optimization.go:96.2,96.15 1 0
github.com/denkhaus/knot/internal/repository/sqlite/pool_optimization.go:110.24,111.11 1 1
github.com/denkhaus/knot/internal/repository/sqlite/pool_optimization.go:111.11,113.3 1 0
github.com/denkhaus/knot/internal/repository/sqlite/pool_optimization.go:114.2,114.10 1 1
github.com/denkhaus/knot/internal/repository/sqlite/project_operations.go:19.93,21.16 2 1
github.com/denkhaus/knot/internal/repository/sqlite/project_operations.go:21.16,23.3 1 0
github.com/denkhaus/knot/internal/repository/sqlite/project_operations.go:24.2,24.12 1 1
github.com/denkhaus/knot/internal/repository/sqlite/project_operations.go:28.98,30.16 2 1
github.com/denkhaus/knot/internal/repository/sqlite/project_operations.go:30.16,31.26 1 1
github.com/denkhaus/knot/internal/repository/sqlite/project_operations.go:31.26,33.4 1 1
github.com/denkhaus/knot/internal/repository/sqlite/project_operations.go:34.3,34.45 1 0
github.com/denkhaus/knot/internal/repository/sqlite/project_operations.go:36.2,36.45 1 1
github.com/denkhaus/knot/internal/repository/sqlite/project_operations.go:40.93,51.16 2 1
github.com/denkhaus/knot/internal/repository/sqlite/project_operations.go:51.16,52.26 1 0
github.com/denkhaus/knot/internal/repository/sqlite/project_operations.go:52.26,54.4 1 0
github.com/denkhaus/knot/internal/repository/sqlite/project_operations.go:55.3,55.43 1 0
github.com/denkhaus/knot/internal/repository/sqlite/project_operations.go:57.2,57.12 1 1
github.com/denkhaus/knot/internal/repository/sqlite/project_operations.go:61.83,62.67 1 1
github.com/denkhaus/knot/internal/repository/sqlite/project_operations.go:62.67,67.17 2 1
github.com/denkhaus/knot/internal/repository/sqlite/project_operations.go:67.17,69.4 1 0
github.com/denkhaus/knot/internal/repository/sqlite/project_operations.go:72.3,75.41 2 1
github.com/denkhaus/knot/internal/repository/sqlite/project_operations.go:75.41,77.4 1 0
github.com/denkhaus/knot/internal/repository/sqlite/project_operations.go:79.3,79.23 1 1
github.com/denkhaus/knot/internal/repository/sqlite/project_operations.go:79.23,87.18 2 0
github.com/denkhaus/knot/internal/repository/sqlite/project_operations.go:87.18,89.5 1 0
github.com/denkhaus/knot/internal/repository/sqlite/project_operations.go:92.4,95.18 2 0
github.com/denkhaus/knot/internal/repository/sqlite/project_operations.go:95.18,97.5 1 0
github.com/denkhaus/knot/internal/repository/sqlite/project_operations.go:101.3,102.17 2 1
github.com/denkhaus/knot/internal/repository/sqlite/project_operations.go:102.17,103.27 1 0
github.com/denkhaus/knot/internal/repository/sqlite/project_operations.go:103.27,105.5 1 0
github.com/denkhaus/knot/internal/repository/sqlite/project_operations.go:106.4,106.58 1 0
github.com/denkhaus/knot/internal/repository/sqlite/project_operations.go:109.3,109.13 1 1
github.com/denkhaus/knot/internal/repository/sqlite/project_operations.go:114.88,118.16 2 1
github.com/denkhaus/knot/internal/repository/sqlite/project_operations.go:118.16,120.3 1 0
github.com/denkhaus/knot/internal/repository/sqlite/project_operations.go:123.2,125.35 2 1
github.com/denkhaus/knot/internal/repository/sqlite/project_operations.go:125.35,131.3 1 1
github.com/denkhaus/knot/internal/repository/sqlite/project_operations.go:133.2,133.48 1 1
github.com/denkhaus/knot/internal/repository/sqlite/project_operations.go:183.113,192.16 4 1
github.com/denkhaus/knot/internal/repository/sqlite/project_operations.go:192.16,194.3 1 0
github.com/denkhaus/knot/internal/repository/sqlite/project_operations.go:197.2,203.16 2 1
github.com/denkhaus/knot/internal/repository/sqlite/project_operations.go:203.16,205.3 1 0
github.com/denkhaus/knot/internal/repository/sqlite/project_operations.go:208.2,209.20 2 1
github.com/denkhaus/knot/internal/repository/sqlite/project_operations.go:209.20,211.3 1 1
github.com/denkhaus/knot/internal/repository/sqlite/project_operations.go:214.2,220.16 2 1
github.com/denkhaus/knot/internal/repository/sqlite/project_operations.go:220.16,222.3 1 0
github.com/denkhaus/knot/internal/repository/sqlite/project_operations.go:224.2,224.12 1 1
github.com/denkhaus/knot/internal/repository/sqlite/repository.go:27.77,36.27 3 1
github.com/denkhaus/knot/internal/repository/sqlite/repository.go:36.27,38.3 1 1
github.com/denkhaus/knot/internal/repository/sqlite/repository.go:40.2,40.48 1 1
github.com/denkhaus/knot/internal/repository/sqlite/repository.go:40.48,42.3 1 0
github.com/denkhaus/knot/internal/repository/sqlite/repository.go:44.2,44.18 1 1
github.com/denkhaus/knot/internal/repository/sqlite/repository.go:48.60,51.16 2 1
github.com/denkhaus/knot/internal/repository/sqlite/repository.go:51.16,53.3 1 0
github.com/denkhaus/knot/internal/repository/sqlite/repository.go:55.2,58.16 3 1
github.com/denkhaus/knot/internal/repository/sqlite/repository.go:58.16,60.3 1 0
github.com/denkhaus/knot/internal/repository/sqlite/repository.go:63.2,63.59 1 1
github.com/denkhaus/knot/internal/repository/sqlite/repository.go:63.59,65.3 1 0
github.com/denkhaus/knot/internal/repository/sqlite/repository.go:68.2,74.56 5 1
github.com/denkhaus/knot/internal/repository/sqlite/repository.go:74.56,76.3 1 0
github.com/denkhaus/knot/internal/repository/sqlite/repository.go:79.2,83.26 3 1
github.com/denkhaus/knot/internal/repository/sqlite/repository.go:83.26,91.17 3 1
github.com/denkhaus/knot/internal/repository/sqlite/repository.go:91.17,93.4 1 0
github.com/denkhaus/knot/internal/repository/sqlite/repository.go:95.3,95.68 1 1
github.com/denkhaus/knot/internal/repository/sqlite/repository.go:99.2,99.53 1 1
github.com/denkhaus/knot/internal/repository/sqlite/repository.go:99.53,102.3 1 0
github.com/denkhaus/knot/internal/repository/sqlite/repository.go:104.2,104.12 1 1
github.com/denkhaus/knot/internal/repository/sqlite/repository.go:108.42,109.21 1 1
github.com/denkhaus/knot/internal/repository/sqlite/repository.go:109.21,111.3 1 1
github.com/denkhaus/knot/internal/repository/sqlite/repository.go:112.2,112.12 1 0
github.com/denkhaus/knot/internal/repository/sqlite/repository.go:116.72,117.16 1 0
github.com/denkhaus/knot/internal/repository/sqlite/repository.go:117.16,119.3 1 0
github.com/denkhaus/knot/internal/repository/sqlite/repository.go:121.2,121.25 1 0
github.com/denkhaus/knot/internal/repository/sqlite/repository.go:121.25,123.3 1 0
github.com/denkhaus/knot/internal/repository/sqlite/repository.go:125.2,125.32 1 0
github.com/denkhaus/knot/internal/repository/sqlite/repository.go:125.32,127.3 1 0
github.com/denkhaus/knot/internal/repository/sqlite/repository.go:130.2,130.89 1 0
github.com/denkhaus/knot/internal/repository/sqlite/repository.go:134.75,148.36 2 1
github.com/denkhaus/knot/internal/repository/sqlite/repository.go:148.36,149.48 1 1
github.com/denkhaus/knot/internal/repository/sqlite/repository.go:149.48,155.4 1 0
github.com/denkhaus/knot/internal/repository/sqlite/repository.go:155.9,158.4 1 1
github.com/denkhaus/knot/internal/repository/sqlite/repository.go:161.2,161.12 1 1
github.com/denkhaus/knot/internal/repository/sqlite/repository.go:165.72,167.34 1 1
github.com/denkhaus/knot/internal/repository/sqlite/repository.go:167.34,169.3 1 0
github.com/denkhaus/knot/internal/repository/sqlite/repository.go:172.2,173.62 2 1
github.com/denkhaus/knot/internal/repository/sqlite/repository.go:173.62,175.3 1 0
github.com/denkhaus/knot/internal/repository/sqlite/repository.go:177.2,177.17 1 1
github.com/denkhaus/knot/internal/repository/sqlite/repository.go:177.17,179.3 1 0
github.com/denkhaus/knot/internal/repository/sqlite/repository.go:182.2,188.49 2 1
github.com/denkhaus/knot/internal/repository/sqlite/repository.go:188.49,190.3 1 0
github.com/denkhaus/knot/internal/repository/sqlite/repository.go:193.2,193.81 1 1
github.com/denkhaus/knot/internal/repository/sqlite/repository.go:193.81,196.3 1 0
github.com/denkhaus/knot/internal/repository/sqlite/repository.go:198.2,199.12 2 1
github.com/denkhaus/knot/internal/repository/sqlite/repository.go:203.85,205.18 1 1
github.com/denkhaus/knot/internal/repository/sqlite/repository.go:205.18,208.17 3 0
github.com/denkhaus/knot/internal/repository/sqlite/repository.go:208.17,210.4 1 0
github.com/denkhaus/knot/internal/repository/sqlite/repository.go:214.2,214.64 1 1
github.com/denkhaus/knot/internal/repository/sqlite/repository.go:214.64,216.3 1 0
github.com/denkhaus/knot/internal/repository/sqlite/repository.go:219.2,219.20 1 1
github.com/denkhaus/knot/internal/repository/sqlite/repository.go:223.68,225.51 1 1
github.com/denkhaus/knot/internal/repository/sqlite/repository.go:225.51,228.3 1 0
github.com/denkhaus/knot/internal/repository/sqlite/repository.go:231.2,232.54 2 1
github.com/denkhaus/knot/internal/repository/sqlite/repository.go:232.54,234.3 1 0
github.com/denkhaus/knot/internal/repository/sqlite/repository.go:236.2,237.12 2 1
github.com/denkhaus/knot/internal/repository/sqlite/task_operations.go:19.84,20.67 1 1
github.com/denkhaus/knot/internal/repository/sqlite/task_operations.go:20.67,23.17 2 1
github.com/denkhaus/knot/internal/repository/sqlite/task_operations.go:23.17,25.4 1 0
github.com/denkhaus/knot/internal/repository/sqlite/task_operations.go:26.3,26.14 1 1
github.com/denkhaus/knot/internal/repository/sqlite/task_operations.go:26.14,28.4 1 1
github.com/denkhaus/knot/internal/repository/sqlite/task_operations.go:31.3,31.27 1 1
github.com/denkhaus/knot/internal/repository/sqlite/task_operations.go:31.27,33.18 2 0
github.com/denkhaus/knot/internal/repository/sqlite/task_operations.go:33.18,34.28 1 0
github.com/denkhaus/knot/internal/repository/sqlite/task_operations.go:34.28,36.6 1 0
github.com/denkhaus/knot/internal/repository/sqlite/task_operations.go:37.5,37.60 1 0
github.com/denkhaus/knot/internal/repository/sqlite/task_operations.go:39.4,39.46 1 0
github.com/denkhaus/knot/internal/repository/sqlite/task_operations.go:39.46,41.5 1 0
github.com/denkhaus/knot/internal/repository/sqlite/task_operations.go:43.4,43.37 1 0
github.com/denkhaus/knot/internal/repository/sqlite/task_operations.go:44.9,46.4 1 1
github.com/denkhaus/knot/internal/repository/sqlite/task_operations.go:49.3,49.30 1 1
github.com/denkhaus/knot/internal/repository/sqlite/task_operations.go:49.30,51.4 1 0
github.com/denkhaus/knot/internal/repository/sqlite/task_operations.go:52.3,52.30 1 1
github.com/denkhaus/knot/internal/repository/sqlite/task_operations.go:52.30,54.4 1 0
github.com/denkhaus/knot/internal/repository/sqlite/task_operations.go:57.3,58.17 2 1
github.com/denkhaus/knot/internal/repository/sqlite/task_operations.go:58.17,60.4 1 1
github.com/denkhaus/knot/internal/repository/sqlite/task_operations.go:63.3,63.33 1 1
github.com/denkhaus/knot/internal/repository/sqlite/task_operations.go:63.33,65.44 2 0
github.com/denkhaus/knot/internal/repository/sqlite/task_operations.go:65.44,68.19 2 0
github.com/denkhaus/knot/internal/repository/sqlite/task_operations.go:68.19,69.29 1 0
github.com/denkhaus/knot/internal/repository/sqlite/task_operations.go:69.29,71.7 1 0
github.com/denkhaus/knot/internal/repository/sqlite/task_operations.go:72.6,72.65 1 0
github.com/denkhaus/knot/internal/repository/sqlite/task_operations.go:74.5,74.44 1 0
github.com/denkhaus/knot/internal/repository/sqlite/task_operations.go:74.44,76.6 1 0
github.com/denkhaus/knot/internal/repository/sqlite/task_operations.go:78.5,81.6 1 0
github.com/denkhaus/knot/internal/repository/sqlite/task_operations.go:85.4,85.37 1 0
github.com/denkhaus/knot/internal/repository/sqlite/task_operations.go:85.37,86.123 1 0
github.com/denkhaus/knot/internal/repository/sqlite/task_operations.go:86.123,88.6 1 0
github.com/denkhaus/knot/internal/repository/sqlite/task_operations.go:92.4,93.37 2 0
github.com/denkhaus/knot/internal/repository/sqlite/task_operations.go:93.37,97.5 1 0
github.com/denkhaus/knot/internal/repository/sqlite/task_operations.go:98.4,98.77 1 0
github.com/denkhaus/knot/internal/repository/sqlite/task_operations.go:98.77,100.5 1 0
github.com/denkhaus/knot/internal/repository/sqlite/task_operations.go:104.3,104.61 1 1
github.com/denkhaus/knot/internal/repository/sqlite/task_operations.go:109.92,113.16 2 1
github.com/denkhaus/knot/internal/repository/sqlite/task_operations.go:113.16,114.26 1 1
github.com/denkhaus/knot/internal/repository/sqlite/task_operations.go:114.26,116.4 1 1
github.com/denkhaus/knot/internal/repository/sqlite/task_operations.go:117.3,117.42 1 0
github.com/denkhaus/knot/internal/repository/sqlite/task_operations.go:120.2,126.16 3 1
github.com/denkhaus/knot/internal/repository/sqlite/task_operations.go:126.16,128.3 1 0
github.com/denkhaus/knot/internal/repository/sqlite/task_operations.go:129.2,136.16 3 1
github.com/denkhaus/knot/internal/repository/sqlite/task_operations.go:136.16,138.3 1 0
github.com/denkhaus/knot/internal/repository/sqlite/task_operations.go:139.2,141.24 2 1
github.com/denkhaus/knot/internal/repository/sqlite/task_operations.go:145.84,146.67 1 1
github.com/denkhaus/knot/internal/repository/sqlite/task_operations.go:146.67,149.17 2 1
github.com/denkhaus/knot/internal/repository/sqlite/task_operations.go:149.17,150.27 1 0
github.com/denkhaus/knot/internal/repository/sqlite/task_operations.go:150.27,152.5 1 0
github.com/denkhaus/knot/internal/repository/sqlite/task_operations.go:153.4,153.61 1 0
github.com/denkhaus/knot/internal/repository/sqlite/task_operations.go:157.3,164.111 6 1
github.com/denkhaus/knot/internal/repository/sqlite/task_operations.go:164.111,167.4 2 0
github.com/denkhaus/knot/internal/repository/sqlite/task_operations.go:167.9,167.52 1 1
github.com/denkhaus/knot/internal/repository/sqlite/task_operations.go:167.52,169.4 1 1
github.com/denkhaus/knot/internal/repository/sqlite/task_operations.go:172.3,175.17 4 1
github.com/denkhaus/knot/internal/repository/sqlite/task_operations.go:175.17,177.4 1 0
github.com/denkhaus/knot/internal/repository/sqlite/task_operations.go:180.3,180.55 1 1
github.com/denkhaus/knot/internal/repository/sqlite/task_operations.go:180.55,182.4 1 1
github.com/denkhaus/knot/internal/repository/sqlite/task_operations.go:184.3,184.13 1 0
github.com/denkhaus/knot/internal/repository/sqlite/task_operations.go:189.80,190.67 1 1
github.com/denkhaus/knot/internal/repository/sqlite/task_operations.go:190.67,193.17 2 1
github.com/denkhaus/knot/internal/repository/sqlite/task_operations.go:193.17,194.27 1 0
github.com/denkhaus/knot/internal/repository/sqlite/task_operations.go:194.27,196.5 1 0
github.com/denkhaus/knot/internal/repository/sqlite/task_operations.go:197.4,197.52 1 0
github.com/denkhaus/knot/internal/repository/sqlite/task_operations.go:201.3,204.17 2 1
github.com/denkhaus/knot/internal/repository/sqlite/task_operations.go:204.17,206.4 1 0
github.com/denkhaus/knot/internal/repository/sqlite/task_operations.go:207.3,207.24 1 1
github.com/denkhaus/knot/internal/repository/sqlite/task_operations.go:207.24,209.4 1 0
github.com/denkhaus/knot/internal/repository/sqlite/task_operations.go:212.3,218.17 2 1
github.com/denkhaus/knot/internal/repository/sqlite/task_operations.go:218.17,220.4 1 0
github.com/denkhaus/knot/internal/repository/sqlite/task_operations.go:223.3,224.17 2 1
github.com/denkhaus/knot/internal/repository/sqlite/task_operations.go:224.17,226.4 1 0
github.com/denkhaus/knot/internal/repository/sqlite/task_operations.go:229.3,229.61 1 1
github.com/denkhaus/knot/internal/repository/sqlite/task_operations.go:234.91,235.67 1 0
github.com/denkhaus/knot/internal/repository/sqlite/task_operations.go:235.67,238.17 2 0
github.com/denkhaus/knot/internal/repository/sqlite/task_operations.go:238.17,239.27 1 0
github.com/denkhaus/knot/internal/repository/sqlite/task_operations.go:239.27,241.5 1 0
github.com/denkhaus/knot/internal/repository/sqlite/task_operations.go:242.4,242.52 1 0
github.com/denkhaus/knot/internal/repository/sqlite/task_operations.go:246.3,247.17 2 0
github.com/denkhaus/knot/internal/repository/sqlite/task_operations.go:247.17,249.4 1 0
github.com/denkhaus/knot/internal/repository/sqlite/task_operations.go:252.3,261.17 3 0
github.com/denkhaus/knot/internal/repository/sqlite/task_operations.go:261.17,263.4 1 0
github.com/denkhaus/knot/internal/repository/sqlite/task_operations.go:266.3,269.17 2 0
github.com/denkhaus/knot/internal/repository/sqlite/task_operations.go:269.17,271.4 1 0
github.com/denkhaus/knot/internal/repository/sqlite/task_operations.go:274.3,274.61 1 0
github.com/denkhaus/knot/internal/repository/sqlite/task_operations.go:279.125,284.21 4 0
github.com/denkhaus/knot/internal/repository/sqlite/task_operations.go:284.21,288.25 3 0
github.com/denkhaus/knot/internal/repository/sqlite/task_operations.go:288.25,289.12 1 0
github.com/denkhaus/knot/internal/repository/sqlite/task_operations.go:291.3,297.17 3 0
github.com/denkhaus/knot/internal/repository/sqlite/task_operations.go:297.17,299.4 1 0
github.com/denkhaus/knot/internal/repository/sqlite/task_operations.go:301.3,301.36 1 0
github.com/denkhaus/knot/internal/repository/sqlite/task_operations.go:301.36,302.25 1 0
github.com/denkhaus/knot/internal/repository/sqlite/task_operations.go:302.25,305.5 2 0
github.com/denkhaus/knot/internal/repository/sqlite/task_operations.go:309.2,309.28 1 0
[...]
github.com/denkhaus/knot/internal/templates/seeding.go:56.48,59.12 2 0
github.com/denkhaus/knot/internal/templates/seeding.go:63.3,67.4 2 0
github.com/denkhaus/knot/internal/templates/seeding.go:71.2,71.61 1 0
github.com/denkhaus/knot/internal/templates/seeding.go:71.61,73.3 1 0
github.com/denkhaus/knot/internal/templates/seeding.go:75.2,77.12 3 0
github.com/denkhaus/knot/internal/templates/seeding.go:81.55,83.16 2 0
github.com/denkhaus/knot/internal/templates/seeding.go:83.16,85.3 1 0
github.com/denkhaus/knot/internal/templates/seeding.go:88.2,92.45 3 0
github.com/denkhaus/knot/internal/templates/seeding.go:92.45,95.3 1 0
github.com/denkhaus/knot/internal/templates/seeding.go:98.2,99.16 2 0
github.com/denkhaus/knot/internal/templates/seeding.go:99.16,101.3 1 0
github.com/denkhaus/knot/internal/templates/seeding.go:104.2,104.59 1 0
github.com/denkhaus/knot/internal/templates/seeding.go:104.59,106.3 1 0
github.com/denkhaus/knot/internal/templates/seeding.go:108.2,108.12 1 0
github.com/denkhaus/knot/internal/templates/seeding.go:112.35,114.16 2 0
github.com/denkhaus/knot/internal/templates/seeding.go:114.16,116.3 1 0
github.com/denkhaus/knot/internal/templates/seeding.go:117.2,117.41 1 0
github.com/denkhaus/knot/internal/templates/seeding.go:121.65,123.16 2 0
github.com/denkhaus/knot/internal/templates/seeding.go:123.16,125.3 1 0
github.com/denkhaus/knot/internal/templates/seeding.go:127.2,127.55 1 0
github.com/denkhaus/knot/internal/templates/seeding.go:127.55,129.3 1 0
github.com/denkhaus/knot/internal/templates/seeding.go:131.2,131.12 1 0
github.com/denkhaus/knot/internal/templates/seeding.go:135.35,138.2 1 0
github.com/denkhaus/knot/internal/templates/seeding.go:141.35,143.16 2 0
github.com/denkhaus/knot/internal/templates/seeding.go:143.16,145.3 1 0
github.com/denkhaus/knot/internal/templates/seeding.go:148.2,148.52 1 0
github.com/denkhaus/knot/internal/templates/seeding.go:148.52,151.3 1 0
github.com/denkhaus/knot/internal/templates/seeding.go:154.2,155.16 2 0
github.com/denkhaus/knot/internal/templates/seeding.go:155.16,157.3 1 0
github.com/denkhaus/knot/internal/templates/seeding.go:159.2,159.57 1 0
github.com/denkhaus/knot/internal/templates/seeding.go:159.57,162.3 1 0
github.com/denkhaus/knot/internal/templates/seeding.go:165.2,166.16 2 0
github.com/denkhaus/knot/internal/templates/seeding.go:166.16,168.3 1 0
github.com/denkhaus/knot/internal/templates/seeding.go:171.2,171.40 1 0
github.com/denkhaus/knot/internal/templates/seeding.go:171.40,173.3 1 0
github.com/denkhaus/knot/internal/templates/seeding.go:176.2,177.16 2 0
github.com/denkhaus/knot/internal/templates/seeding.go:177.16,179.3 1 0
github.com/denkhaus/knot/internal/templates/seeding.go:181.2,182.44 2 0
github.com/denkhaus/knot/internal/templates/seeding.go:182.44,183.75 1 0
github.com/denkhaus/knot/internal/templates/seeding.go:183.75,185.49 1 0
github.com/denkhaus/knot/internal/templates/seeding.go:185.49,187.13 2 0
github.com/denkhaus/knot/internal/templates/seeding.go:191.4,191.57 1 0
github.com/denkhaus/knot/internal/templates/seeding.go:191.57,193.5 1 0
github.com/denkhaus/knot/internal/templates/seeding.go:193.10,196.5 2 0
github.com/denkhaus/knot/internal/templates/seeding.go:200.2,200.23 1 0
github.com/denkhaus/knot/internal/templates/seeding.go:200.23,202.3 1 0
github.com/denkhaus/knot/internal/templates/seeding.go:204.2,204.12 1 0
github.com/denkhaus/knot/internal/templates/user.go:15.44,18.16 2 0
github.com/denkhaus/knot/internal/templates/user.go:18.16,20.3 1 0
github.com/denkhaus/knot/internal/templates/user.go:21.2,21.54 1 0
github.com/denkhaus/knot/internal/templates/user.go:25.37,27.16 2 0
github.com/denkhaus/knot/internal/templates/user.go:27.16,29.3 1 0
github.com/denkhaus/knot/internal/templates/user.go:30.2,30.31 1 0
github.com/denkhaus/knot/internal/templates/user.go:34.57,38.16 3 0
github.com/denkhaus/knot/internal/templates/user.go:38.16,40.3 1 0
github.com/denkhaus/knot/internal/templates/user.go:43.2,43.57 1 0
github.com/denkhaus/knot/internal/templates/user.go:43.57,45.3 1 0
github.com/denkhaus/knot/internal/templates/user.go:48.2,49.16 2 0
github.com/denkhaus/knot/internal/templates/user.go:49.16,51.3 1 0
github.com/denkhaus/knot/internal/templates/user.go:53.2,53.29 1 0
github.com/denkhaus/knot/internal/templates/user.go:53.29,55.17 2 0
github.com/denkhaus/knot/internal/templates/user.go:55.17,57.12 1 0
github.com/denkhaus/knot/internal/templates/user.go:59.3,60.42 2 0
github.com/denkhaus/knot/internal/templates/user.go:63.2,63.23 1 0
github.com/denkhaus/knot/internal/templates/user.go:67.73,69.16 2 0
github.com/denkhaus/knot/internal/templates/user.go:69.16,71.3 1 0
github.com/denkhaus/knot/internal/templates/user.go:73.2,74.56 2 0
github.com/denkhaus/knot/internal/templates/user.go:74.56,76.3 1 0
github.com/denkhaus/knot/internal/templates/user.go:79.2,79.29 1 0
github.com/denkhaus/knot/internal/templates/user.go:79.29,81.3 1 0
github.com/denkhaus/knot/internal/templates/user.go:83.2,83.23 1 0
github.com/denkhaus/knot/internal/templates/user.go:87.59,88.49 1 0
github.com/denkhaus/knot/internal/templates/user.go:88.49,90.3 1 0
github.com/denkhaus/knot/internal/templates/user.go:92.2,93.16 2 0
github.com/denkhaus/knot/internal/templates/user.go:93.16,95.3 1 0
github.com/denkhaus/knot/internal/templates/user.go:98.2,102.16 4 0
github.com/denkhaus/knot/internal/templates/user.go:102.16,104.3 1 0
github.com/denkhaus/knot/internal/templates/user.go:106.2,106.59 1 0
github.com/denkhaus/knot/internal/templates/user.go:106.59,108.3 1 0
github.com/denkhaus/knot/internal/templates/user.go:110.2,110.12 1 0
github.com/denkhaus/knot/internal/templates/user.go:114.52,116.16 2 0
github.com/denkhaus/knot/internal/templates/user.go:116.16,118.3 1 0
github.com/denkhaus/knot/internal/templates/user.go:121.2,124.53 3 0
github.com/denkhaus/knot/internal/templates/user.go:124.53,126.3 1 0
github.com/denkhaus/knot/internal/templates/user.go:128.2,128.44 1 0
github.com/denkhaus/knot/internal/templates/user.go:128.44,130.3 1 0
github.com/denkhaus/knot/internal/templates/user.go:132.2,132.12 1 0
github.com/denkhaus/knot/internal/templates/user.go:136.67,138.16 2 0
github.com/denkhaus/knot/internal/templates/user.go:138.16,140.3 1 0
github.com/denkhaus/knot/internal/templates/user.go:142.2,143.51 2 0
github.com/denkhaus/knot/internal/templates/user.go:147.51,149.16 2 0
github.com/denkhaus/knot/internal/templates/user.go:149.16,151.3 1 0
github.com/denkhaus/knot/internal/templates/user.go:153.2,154.28 2 0
github.com/denkhaus/knot/internal/testutil/testutil.go:27.46,32.2 1 0
github.com/denkhaus/knot/internal/testutil/testutil.go:35.50,38.2 2 0
github.com/denkhaus/knot/internal/testutil/testutil.go:41.59,44.2 2 0
github.com/denkhaus/knot/internal/testutil/testutil.go:47.74,48.22 1 0
github.com/denkhaus/knot/internal/testutil/testutil.go:48.22,50.3 1 0
github.com/denkhaus/knot/internal/testutil/testutil.go:53.2,54.19 2 0
github.com/denkhaus/knot/internal/testutil/testutil.go:54.19,58.20 4 0
github.com/denkhaus/knot/internal/testutil/testutil.go:58.20,60.4 1 0
github.com/denkhaus/knot/internal/testutil/testutil.go:64.2,70.19 5 0
github.com/denkhaus/knot/internal/testutil/testutil.go:70.19,72.3 1 0
github.com/denkhaus/knot/internal/testutil/testutil.go:75.2,84.13 3 0
github.com/denkhaus/knot/internal/testutil/testutil.go:88.77,92.2 3 0
github.com/denkhaus/knot/internal/testutil/testutil.go:95.81,103.2 5 0
github.com/denkhaus/knot/internal/testutil/testutil.go:106.96,114.2 5 0
github.com/denkhaus/knot/internal/testutil/testutil.go:117.116,125.2 5 0
github.com/denkhaus/knot/internal/testutil/testutil.go:128.113,134.2 4 0
github.com/denkhaus/knot/internal/testutil/testutil.go:137.104,143.2 4 0
github.com/denkhaus/knot/internal/testutil/testutil.go:146.99,153.6 5 0
github.com/denkhaus/knot/internal/testutil/testutil.go:153.6,154.10 1 0
github.com/denkhaus/knot/internal/testutil/testutil.go:155.21,156.58 1 0
github.com/denkhaus/knot/internal/testutil/testutil.go:157.19,158.19 1 0
github.com/denkhaus/knot/internal/testutil/testutil.go:158.19,160.5 1 0
github.com/denkhaus/knot/internal/testutil/testutil.go:166.52,176.19 7 0
github.com/denkhaus/knot/internal/testutil/testutil.go:176.19,178.3 1 0
github.com/denkhaus/knot/internal/testutil/testutil.go:180.2,180.23 1 0
github.com/denkhaus/knot/internal/testutil/testutil.go:184.35,188.19 3 0
github.com/denkhaus/knot/internal/testutil/testutil.go:188.19,190.3 1 0
github.com/denkhaus/knot/internal/testutil/testutil.go:192.2,192.12 1 0
github.com/denkhaus/knot/internal/testutil/testutil.go:202.49,204.2 1 0
github.com/denkhaus/knot/internal/testutil/testutil.go:206.66,208.2 1 0
github.com/denkhaus/knot/internal/repository/sqlite/ent/hook/hook.go:17.85,18.44 1 0
github.com/denkhaus/knot/internal/repository/sqlite/ent/hook/hook.go:18.44,20.3 1 0
github.com/denkhaus/knot/internal/repository/sqlite/ent/hook/hook.go:21.2,21.87 1 0
github.com/denkhaus/knot/internal/repository/sqlite/ent/hook/hook.go:29.92,30.51 1 0
github.com/denkhaus/knot/internal/repository/sqlite/ent/hook/hook.go:30.51,32.3 1 0
github.com/denkhaus/knot/internal/repository/sqlite/ent/hook/hook.go:33.2,33.94 1 0
github.com/denkhaus/knot/internal/repository/sqlite/ent/hook/hook.go:41.82,42.41 1 0
github.com/denkhaus/knot/internal/repository/sqlite/ent/hook/hook.go:42.41,44.3 1 0
github.com/denkhaus/knot/internal/repository/sqlite/ent/hook/hook.go:45.2,45.84 1 0
github.com/denkhaus/knot/internal/repository/sqlite/ent/hook/hook.go:53.92,54.51 1 0
github.com/denkhaus/knot/internal/repository/sqlite/ent/hook/hook.go:54.51,56.3 1 0
github.com/denkhaus/knot/internal/repository/sqlite/ent/hook/hook.go:57.2,57.94 1 0
github.com/denkhaus/knot/internal/repository/sqlite/ent/hook/hook.go:64.64,65.56 1 0
github.com/denkhaus/knot/internal/repository/sqlite/ent/hook/hook.go:65.56,66.40 1 0
github.com/denkhaus/knot/internal/repository/sqlite/ent/hook/hook.go:66.40,68.4 1 0
github.com/denkhaus/knot/internal/repository/sqlite/ent/hook/hook.go:69.3,69.29 1 0
github.com/denkhaus/knot/internal/repository/sqlite/ent/hook/hook.go:69.29,70.21 1 0
github.com/denkhaus/knot/internal/repository/sqlite/ent/hook/hook.go:70.21,72.5 1 0
github.com/denkhaus/knot/internal/repository/sqlite/ent/hook/hook.go:74.3,74.14 1 0
github.com/denkhaus/knot/internal/repository/sqlite/ent/hook/hook.go:79.63,80.56 1 0
github.com/denkhaus/knot/internal/repository/sqlite/ent/hook/hook.go:80.56,81.38 1 0
github.com/denkhaus/knot/internal/repository/sqlite/ent/hook/hook.go:81.38,83.4 1 0
github.com/denkhaus/knot/internal/repository/sqlite/ent/hook/hook.go:84.3,84.29 1 0
github.com/denkhaus/knot/internal/repository/sqlite/ent/hook/hook.go:84.29,85.20 1 0
github.com/denkhaus/knot/internal/repository/sqlite/ent/hook/hook.go:85.20,87.5 1 0
github.com/denkhaus/knot/internal/repository/sqlite/ent/hook/hook.go:89.3,89.15 1 0
github.com/denkhaus/knot/internal/repository/sqlite/ent/hook/hook.go:94.36,95.56 1 0
github.com/denkhaus/knot/internal/repository/sqlite/ent/hook/hook.go:95.56,97.3 1 0
github.com/denkhaus/knot/internal/repository/sqlite/ent/hook/hook.go:101.33,102.54 1 0
github.com/denkhaus/knot/internal/repository/sqlite/ent/hook/hook.go:102.54,104.3 1 0
github.com/denkhaus/knot/internal/repository/sqlite/ent/hook/hook.go:108.63,109.54 1 0
github.com/denkhaus/knot/internal/repository/sqlite/ent/hook/hook.go:109.54,110.48 1 0
github.com/denkhaus/knot/internal/repository/sqlite/ent/hook/hook.go:110.48,112.4 1 0
github.com/denkhaus/knot/internal/repository/sqlite/ent/hook/hook.go:113.3,113.32 1 0
github.com/denkhaus/knot/internal/repository/sqlite/ent/hook/hook.go:113.32,114.49 1 0
github.com/denkhaus/knot/internal/repository/sqlite/ent/hook/hook.go:114.49,116.5 1 0
github.com/denkhaus/knot/internal/repository/sqlite/ent/hook/hook.go:118.3,118.14 1 0
github.com/denkhaus/knot/internal/repository/sqlite/ent/hook/hook.go:123.65,124.54 1 0
github.com/denkhaus/knot/internal/repository/sqlite/ent/hook/hook.go:124.54,125.47 1 0
github.com/denkhaus/knot/internal/repository/sqlite/ent/hook/hook.go:125.47,127.4 1 0
github.com/denkhaus/knot/internal/repository/sqlite/ent/hook/hook.go:128.3,128.32 1 0
github.com/denkhaus/knot/internal/repository/sqlite/ent/hook/hook.go:128.32,129.48 1 0
github.com/denkhaus/knot/internal/repository/sqlite/ent/hook/hook.go:129.48,131.5 1 0
github.com/denkhaus/knot/internal/repository/sqlite/ent/hook/hook.go:133.3,133.14 1 0
github.com/denkhaus/knot/internal/repository/sqlite/ent/hook/hook.go:138.58,139.54 1 0
github.com/denkhaus/knot/internal/repository/sqlite/ent/hook/hook.go:139.54,140.43 1 0
github.com/denkhaus/knot/internal/repository/sqlite/ent/hook/hook.go:140.43,142.4 1 0
github.com/denkhaus/knot/internal/repository/sqlite/ent/hook/hook.go:143.3,143.32 1 0
github.com/denkhaus/knot/internal/repository/sqlite/ent/hook/hook.go:143.32,144.44 1 0
github.com/denkhaus/knot/internal/repository/sqlite/ent/hook/hook.go:144.44,146.5 1 0
github.com/denkhaus/knot/internal/repository/sqlite/ent/hook/hook.go:148.3,148.14 1 0
github.com/denkhaus/knot/internal/repository/sqlite/ent/hook/hook.go:155.47,156.44 1 0
github.com/denkhaus/knot/internal/repository/sqlite/ent/hook/hook.go:156.44,157.86 1 0
github.com/denkhaus/knot/internal/repository/sqlite/ent/hook/hook.go:157.86,158.20 1 0
github.com/denkhaus/knot/internal/repository/sqlite/ent/hook/hook.go:158.20,160.5 1 0
github.com/denkhaus/knot/internal/repository/sqlite/ent/hook/hook.go:161.4,161.30 1 0
github.com/denkhaus/knot/internal/repository/sqlite/ent/hook/hook.go:169.42,171.2 1 0
github.com/denkhaus/knot/internal/repository/sqlite/ent/hook/hook.go:176.46,178.2 1 0
github.com/denkhaus/knot/internal/repository/sqlite/ent/hook/hook.go:181.37,182.39 1 0
github.com/denkhaus/knot/internal/repository/sqlite/ent/hook/hook.go:182.39,183.80 1 0
github.com/denkhaus/knot/internal/repository/sqlite/ent/hook/hook.go:183.80,185.4 1 0
github.com/denkhaus/knot/internal/repository/sqlite/ent/hook/hook.go:196.33,199.2 2 0
github.com/denkhaus/knot/internal/repository/sqlite/ent/hook/hook.go:208.40,210.2 1 0
github.com/denkhaus/knot/internal/repository/sqlite/ent/hook/hook.go:213.32,214.47 1 0
github.com/denkhaus/knot/internal/repository/sqlite/ent/hook/hook.go:214.47,215.42 1 0
github.com/denkhaus/knot/internal/repository/sqlite/ent/hook/hook.go:215.42,217.4 1 0
github.com/denkhaus/knot/internal/repository/sqlite/ent/hook/hook.go:218.3,218.17 1 0
github.com/denkhaus/knot/internal/repository/sqlite/ent/hook/hook.go:224.48,229.2 4 0
github.com/denkhaus/knot/internal/repository/sqlite/ent/hook/hook.go:233.42,235.2 1 0
github.com/denkhaus/knot/internal/repository/sqlite/ent/migrate/migrate.go:41.44,41.72 1 0
github.com/denkhaus/knot/internal/repository/sqlite/ent/migrate/migrate.go:44.82,46.2 1 0
github.com/denkhaus/knot/internal/repository/sqlite/ent/migrate/migrate.go:49.105,51.16 2 0
github.com/denkhaus/knot/internal/repository/sqlite/ent/migrate/migrate.go:51.16,53.3 1 0
github.com/denkhaus/knot/internal/repository/sqlite/ent/migrate/migrate.go:54.2,54.39 1 0
github.com/denkhaus/knot/internal/repository/sqlite/ent/migrate/migrate.go:62.96,64.2 1 0
github.com/denkhaus/knot/internal/repository/sqlite/ent/migrate/schema.go:256.13,262.2 5 0
github.com/denkhaus/knot/internal/commands/validation/commands.go:17.57,70.2 1 0
github.com/denkhaus/knot/internal/commands/validation/commands.go:72.61,73.36 1 0
github.com/denkhaus/knot/internal/commands/validation/commands.go:73.36,79.17 4 0
github.com/denkhaus/knot/internal/commands/validation/commands.go:79.17,83.43 3 0
github.com/denkhaus/knot/internal/commands/validation/commands.go:83.43,85.30 2 0
github.com/denkhaus/knot/internal/commands/validation/commands.go:85.30,87.6 1 0
github.com/denkhaus/knot/internal/commands/validation/commands.go:87.11,88.41 1 0
github.com/denkhaus/knot/internal/commands/validation/commands.go:88.41,90.7 1 0
github.com/denkhaus/knot/internal/commands/validation/commands.go:92.5,92.18 1 0
github.com/denkhaus/knot/internal/commands/validation/commands.go:94.4,94.14 1 0
github.com/denkhaus/knot/internal/commands/validation/commands.go:97.3,97.22 1 0
github.com/denkhaus/knot/internal/commands/validation/commands.go:97.22,98.42 1 0
github.com/denkhaus/knot/internal/commands/validation/commands.go:98.42,100.5 1 0
github.com/denkhaus/knot/internal/commands/validation/commands.go:102.4,106.29 4 0
github.com/denkhaus/knot/internal/commands/validation/commands.go:106.29,108.5 1 0
github.com/denkhaus/knot/internal/commands/validation/commands.go:108.10,109.40 1 0
github.com/denkhaus/knot/internal/commands/validation/commands.go:109.40,111.6 1 0
github.com/denkhaus/knot/internal/commands/validation/commands.go:113.4,113.14 1 0
github.com/denkhaus/knot/internal/commands/validation/commands.go:117.3,119.32 3 0
github.com/denkhaus/knot/internal/commands/validation/commands.go:119.32,121.4 1 0
github.com/denkhaus/knot/internal/commands/validation/commands.go:123.3,126.13 3 0
github.com/denkhaus/knot/internal/commands/validation/commands.go:130.65,131.36 1 0
github.com/denkhaus/knot/internal/commands/validation/commands.go:131.36,134.17 3 0
github.com/denkhaus/knot/internal/commands/validation/commands.go:134.17,136.4 1 0
github.com/denkhaus/knot/internal/commands/validation/commands.go:138.3,143.17 4 0
github.com/denkhaus/knot/internal/commands/validation/commands.go:143.17,145.4 1 0
github.com/denkhaus/knot/internal/commands/validation/commands.go:147.3,150.39 2 0
github.com/denkhaus/knot/internal/commands/validation/commands.go:150.39,152.4 1 0
github.com/denkhaus/knot/internal/commands/validation/commands.go:154.3,161.14 6 0
github.com/denkhaus/knot/internal/commands/validation/commands.go:161.14,163.18 2 0
github.com/denkhaus/knot/internal/commands/validation/commands.go:163.18,166.5 2 0
github.com/denkhaus/knot/internal/commands/validation/commands.go:168.4,169.25 2 0
github.com/denkhaus/knot/internal/commands/validation/commands.go:169.25,171.38 2 0
github.com/denkhaus/knot/internal/commands/validation/commands.go:171.38,173.6 1 0
github.com/denkhaus/knot/internal/commands/validation/commands.go:175.9,177.18 2 0
github.com/denkhaus/knot/internal/commands/validation/commands.go:177.18,180.5 2 0
github.com/denkhaus/knot/internal/commands/validation/commands.go:181.4,181.36 1 0
github.com/denkhaus/knot/internal/commands/validation/commands.go:184.3,187.13 3 0
github.com/denkhaus/knot/internal/commands/validation/commands.go:191.62,192.36 1 0
github.com/denkhaus/knot/internal/commands/validation/commands.go:192.36,194.17 2 0
github.com/denkhaus/knot/internal/commands/validation/commands.go:194.17,196.4 1 0
github.com/denkhaus/knot/internal/commands/validation/commands.go:198.3,204.17 4 0
github.com/denkhaus/knot/internal/commands/validation/commands.go:204.17,206.4 1 0
github.com/denkhaus/knot/internal/commands/validation/commands.go:208.3,214.30 5 0
github.com/denkhaus/knot/internal/commands/validation/commands.go:214.30,216.51 1 0
github.com/denkhaus/knot/internal/commands/validation/commands.go:216.51,220.12 3 0
github.com/denkhaus/knot/internal/commands/validation/commands.go:220.12,227.20 3 0
github.com/denkhaus/knot/internal/commands/validation/commands.go:227.20,229.7 1 0
github.com/denkhaus/knot/internal/commands/validation/commands.go:229.12,232.7 2 0
github.com/denkhaus/knot/internal/commands/validation/commands.go:240.3,244.28 4 0
github.com/denkhaus/knot/internal/commands/validation/commands.go:244.28,246.4 1 0
github.com/denkhaus/knot/internal/commands/validation/commands.go:248.3,248.22 1 0
github.com/denkhaus/knot/internal/commands/validation/commands.go:248.22,250.33 2 0
github.com/denkhaus/knot/internal/commands/validation/commands.go:250.33,252.5 1 0
github.com/denkhaus/knot/internal/commands/validation/commands.go:254.4,254.12 1 0
github.com/denkhaus/knot/internal/commands/validation/commands.go:254.12,256.5 1 0
github.com/denkhaus/knot/internal/commands/validation/commands.go:257.9,259.4 1 0
github.com/denkhaus/knot/internal/commands/validation/commands.go:261.3,261.13 1 0
