mode: set
github.com/denkhaus/knot/internal/commands/dependency/analysis.go:16.60,17.36 1 1
github.com/denkhaus/knot/internal/commands/dependency/analysis.go:17.36,20.17 3 0
github.com/denkhaus/knot/internal/commands/dependency/analysis.go:20.17,22.4 1 0
github.com/denkhaus/knot/internal/commands/dependency/analysis.go:24.3,28.31 3 0
github.com/denkhaus/knot/internal/commands/dependency/analysis.go:28.31,30.4 1 0
github.com/denkhaus/knot/internal/commands/dependency/analysis.go:32.3,39.17 3 0
github.com/denkhaus/knot/internal/commands/dependency/analysis.go:39.17,42.4 2 0
github.com/denkhaus/knot/internal/commands/dependency/analysis.go:44.3,46.15 2 0
github.com/denkhaus/knot/internal/commands/dependency/analysis.go:46.15,48.78 2 0
github.com/denkhaus/knot/internal/commands/dependency/analysis.go:48.78,50.5 1 0
github.com/denkhaus/knot/internal/commands/dependency/analysis.go:51.4,51.17 1 0
github.com/denkhaus/knot/internal/commands/dependency/analysis.go:54.3,54.17 1 0
github.com/denkhaus/knot/internal/commands/dependency/analysis.go:54.17,56.80 2 0
github.com/denkhaus/knot/internal/commands/dependency/analysis.go:56.80,58.5 1 0
github.com/denkhaus/knot/internal/commands/dependency/analysis.go:59.4,59.17 1 0
github.com/denkhaus/knot/internal/commands/dependency/analysis.go:62.3,62.13 1 0
github.com/denkhaus/knot/internal/commands/dependency/analysis.go:67.98,69.16 2 0
github.com/denkhaus/knot/internal/commands/dependency/analysis.go:69.16,71.3 1 0
github.com/denkhaus/knot/internal/commands/dependency/analysis.go:73.2,73.28 1 0
github.com/denkhaus/knot/internal/commands/dependency/analysis.go:73.28,74.17 1 0
github.com/denkhaus/knot/internal/commands/dependency/analysis.go:74.17,76.4 1 0
github.com/denkhaus/knot/internal/commands/dependency/analysis.go:77.3,77.13 1 0
github.com/denkhaus/knot/internal/commands/dependency/analysis.go:80.2,80.35 1 0
github.com/denkhaus/knot/internal/commands/dependency/analysis.go:80.35,82.30 2 0
github.com/denkhaus/knot/internal/commands/dependency/analysis.go:82.30,84.4 1 0
github.com/denkhaus/knot/internal/commands/dependency/analysis.go:85.3,88.76 2 0
github.com/denkhaus/knot/internal/commands/dependency/analysis.go:88.76,90.4 1 0
github.com/denkhaus/knot/internal/commands/dependency/analysis.go:93.2,93.12 1 0
github.com/denkhaus/knot/internal/commands/dependency/analysis.go:97.100,99.16 2 0
github.com/denkhaus/knot/internal/commands/dependency/analysis.go:99.16,101.3 1 0
github.com/denkhaus/knot/internal/commands/dependency/analysis.go:103.2,103.26 1 0
github.com/denkhaus/knot/internal/commands/dependency/analysis.go:103.26,104.17 1 0
github.com/denkhaus/knot/internal/commands/dependency/analysis.go:104.17,106.4 1 0
github.com/denkhaus/knot/internal/commands/dependency/analysis.go:107.3,107.13 1 0
github.com/denkhaus/knot/internal/commands/dependency/analysis.go:110.2,110.33 1 0
github.com/denkhaus/knot/internal/commands/dependency/analysis.go:110.33,112.30 2 0
github.com/denkhaus/knot/internal/commands/dependency/analysis.go:112.30,114.4 1 0
github.com/denkhaus/knot/internal/commands/dependency/analysis.go:115.3,118.78 2 0
github.com/denkhaus/knot/internal/commands/dependency/analysis.go:118.78,120.4 1 0
github.com/denkhaus/knot/internal/commands/dependency/analysis.go:123.2,123.12 1 0
github.com/denkhaus/knot/internal/commands/dependency/analysis.go:127.61,128.36 1 1
github.com/denkhaus/knot/internal/commands/dependency/analysis.go:128.36,131.17 3 0
github.com/denkhaus/knot/internal/commands/dependency/analysis.go:131.17,133.4 1 0
github.com/denkhaus/knot/internal/commands/dependency/analysis.go:135.3,139.17 3 0
github.com/denkhaus/knot/internal/commands/dependency/analysis.go:139.17,142.4 2 0
github.com/denkhaus/knot/internal/commands/dependency/analysis.go:144.3,148.23 3 0
github.com/denkhaus/knot/internal/commands/dependency/analysis.go:148.23,151.4 2 0
github.com/denkhaus/knot/internal/commands/dependency/analysis.go:153.3,155.32 2 0
github.com/denkhaus/knot/internal/commands/dependency/analysis.go:155.32,157.33 2 0
github.com/denkhaus/knot/internal/commands/dependency/analysis.go:157.33,160.29 2 0
github.com/denkhaus/knot/internal/commands/dependency/analysis.go:160.29,161.24 1 0
github.com/denkhaus/knot/internal/commands/dependency/analysis.go:161.24,163.12 2 0
github.com/denkhaus/knot/internal/commands/dependency/analysis.go:167.5,167.20 1 0
github.com/denkhaus/knot/internal/commands/dependency/analysis.go:167.20,169.6 1 0
github.com/denkhaus/knot/internal/commands/dependency/analysis.go:169.11,171.6 1 0
github.com/denkhaus/knot/internal/commands/dependency/analysis.go:173.4,173.52 1 0
github.com/denkhaus/knot/internal/commands/dependency/analysis.go:176.3,176.13 1 0
github.com/denkhaus/knot/internal/commands/dependency/analysis.go:181.54,184.29 2 0
github.com/denkhaus/knot/internal/commands/dependency/analysis.go:184.29,186.3 1 0
github.com/denkhaus/knot/internal/commands/dependency/analysis.go:188.2,194.36 6 0
github.com/denkhaus/knot/internal/commands/dependency/analysis.go:194.36,199.39 4 0
github.com/denkhaus/knot/internal/commands/dependency/analysis.go:199.39,200.23 1 0
github.com/denkhaus/knot/internal/commands/dependency/analysis.go:200.23,201.19 1 0
github.com/denkhaus/knot/internal/commands/dependency/analysis.go:201.19,203.6 1 0
github.com/denkhaus/knot/internal/commands/dependency/analysis.go:204.10,204.30 1 0
github.com/denkhaus/knot/internal/commands/dependency/analysis.go:204.30,207.29 2 0
github.com/denkhaus/knot/internal/commands/dependency/analysis.go:207.29,208.21 1 0
github.com/denkhaus/knot/internal/commands/dependency/analysis.go:208.21,210.12 2 0
github.com/denkhaus/knot/internal/commands/dependency/analysis.go:213.5,213.24 1 0
github.com/denkhaus/knot/internal/commands/dependency/analysis.go:213.24,217.6 3 0
github.com/denkhaus/knot/internal/commands/dependency/analysis.go:218.5,218.16 1 0
github.com/denkhaus/knot/internal/commands/dependency/analysis.go:222.3,224.15 3 0
github.com/denkhaus/knot/internal/commands/dependency/analysis.go:228.2,228.29 1 0
github.com/denkhaus/knot/internal/commands/dependency/analysis.go:228.29,229.24 1 0
github.com/denkhaus/knot/internal/commands/dependency/analysis.go:229.24,231.4 1 0
github.com/denkhaus/knot/internal/commands/dependency/analysis.go:234.2,234.15 1 0
github.com/denkhaus/knot/internal/commands/dependency/analysis.go:238.63,239.36 1 1
github.com/denkhaus/knot/internal/commands/dependency/analysis.go:239.36,242.17 3 0
github.com/denkhaus/knot/internal/commands/dependency/analysis.go:242.17,244.4 1 0
github.com/denkhaus/knot/internal/commands/dependency/analysis.go:246.3,250.17 3 0
github.com/denkhaus/knot/internal/commands/dependency/analysis.go:250.17,253.4 2 0
github.com/denkhaus/knot/internal/commands/dependency/analysis.go:255.3,259.30 3 0
github.com/denkhaus/knot/internal/commands/dependency/analysis.go:259.30,261.4 1 0
github.com/denkhaus/knot/internal/commands/dependency/analysis.go:263.3,268.30 4 0
github.com/denkhaus/knot/internal/commands/dependency/analysis.go:268.30,269.44 1 0
github.com/denkhaus/knot/internal/commands/dependency/analysis.go:269.44,271.45 2 0
github.com/denkhaus/knot/internal/commands/dependency/analysis.go:271.45,275.6 2 0
github.com/denkhaus/knot/internal/commands/dependency/analysis.go:280.3,290.43 8 0
github.com/denkhaus/knot/internal/commands/dependency/analysis.go:290.43,293.4 2 0
github.com/denkhaus/knot/internal/commands/dependency/analysis.go:295.3,295.22 1 0
github.com/denkhaus/knot/internal/commands/dependency/analysis.go:295.22,297.33 2 0
github.com/denkhaus/knot/internal/commands/dependency/analysis.go:297.33,299.5 1 0
github.com/denkhaus/knot/internal/commands/dependency/analysis.go:300.4,300.17 1 0
github.com/denkhaus/knot/internal/commands/dependency/analysis.go:303.3,303.22 1 0
github.com/denkhaus/knot/internal/commands/dependency/analysis.go:303.22,307.4 3 0
github.com/denkhaus/knot/internal/commands/dependency/analysis.go:309.3,309.13 1 0
github.com/denkhaus/knot/internal/commands/dependency/commands.go:15.57,75.2 6 1
github.com/denkhaus/knot/internal/commands/dependency/commands.go:77.58,78.36 1 1
github.com/denkhaus/knot/internal/commands/dependency/commands.go:78.36,81.17 3 0
github.com/denkhaus/knot/internal/commands/dependency/commands.go:81.17,83.4 1 0
github.com/denkhaus/knot/internal/commands/dependency/commands.go:85.3,87.17 3 0
github.com/denkhaus/knot/internal/commands/dependency/commands.go:87.17,89.4 1 0
github.com/denkhaus/knot/internal/commands/dependency/commands.go:91.3,99.17 4 0
github.com/denkhaus/knot/internal/commands/dependency/commands.go:99.17,102.4 2 0
github.com/denkhaus/knot/internal/commands/dependency/commands.go:104.3,107.13 4 0
github.com/denkhaus/knot/internal/commands/dependency/commands.go:111.61,112.36 1 1
github.com/denkhaus/knot/internal/commands/dependency/commands.go:112.36,115.17 3 0
github.com/denkhaus/knot/internal/commands/dependency/commands.go:115.17,117.4 1 0
github.com/denkhaus/knot/internal/commands/dependency/commands.go:119.3,121.17 3 0
github.com/denkhaus/knot/internal/commands/dependency/commands.go:121.17,123.4 1 0
github.com/denkhaus/knot/internal/commands/dependency/commands.go:125.3,133.17 4 0
github.com/denkhaus/knot/internal/commands/dependency/commands.go:133.17,136.4 2 0
github.com/denkhaus/knot/internal/commands/dependency/commands.go:138.3,141.13 4 0
github.com/denkhaus/knot/internal/commands/dependency/commands.go:145.59,146.36 1 1
github.com/denkhaus/knot/internal/commands/dependency/commands.go:146.36,149.17 3 0
github.com/denkhaus/knot/internal/commands/dependency/commands.go:149.17,151.4 1 0
github.com/denkhaus/knot/internal/commands/dependency/commands.go:153.3,156.17 3 0
github.com/denkhaus/knot/internal/commands/dependency/commands.go:156.17,159.4 2 0
github.com/denkhaus/knot/internal/commands/dependency/commands.go:161.3,162.17 2 0
github.com/denkhaus/knot/internal/commands/dependency/commands.go:162.17,165.4 2 0
github.com/denkhaus/knot/internal/commands/dependency/commands.go:167.3,173.28 3 0
github.com/denkhaus/knot/internal/commands/dependency/commands.go:173.28,175.37 2 0
github.com/denkhaus/knot/internal/commands/dependency/commands.go:175.37,177.5 1 0
github.com/denkhaus/knot/internal/commands/dependency/commands.go:178.9,180.4 1 0
github.com/denkhaus/knot/internal/commands/dependency/commands.go:182.3,184.26 2 0
github.com/denkhaus/knot/internal/commands/dependency/commands.go:184.26,186.35 2 0
github.com/denkhaus/knot/internal/commands/dependency/commands.go:186.35,188.5 1 0
github.com/denkhaus/knot/internal/commands/dependency/commands.go:189.9,191.4 1 0
github.com/denkhaus/knot/internal/commands/dependency/commands.go:193.3,193.13 1 0
github.com/denkhaus/knot/internal/commands/dependency/enhanced.go:17.65,69.2 1 1
github.com/denkhaus/knot/internal/commands/dependency/enhanced.go:71.65,72.36 1 1
github.com/denkhaus/knot/internal/commands/dependency/enhanced.go:72.36,75.17 3 0
github.com/denkhaus/knot/internal/commands/dependency/enhanced.go:75.17,77.4 1 0
github.com/denkhaus/knot/internal/commands/dependency/enhanced.go:79.3,86.16 4 0
github.com/denkhaus/knot/internal/commands/dependency/enhanced.go:86.16,88.4 1 0
github.com/denkhaus/knot/internal/commands/dependency/enhanced.go:88.9,90.4 1 0
github.com/denkhaus/knot/internal/commands/dependency/enhanced.go:92.3,92.17 1 0
github.com/denkhaus/knot/internal/commands/dependency/enhanced.go:92.17,95.4 2 0
github.com/denkhaus/knot/internal/commands/dependency/enhanced.go:98.3,99.17 2 0
github.com/denkhaus/knot/internal/commands/dependency/enhanced.go:99.17,102.4 2 0
github.com/denkhaus/knot/internal/commands/dependency/enhanced.go:104.3,106.27 2 0
github.com/denkhaus/knot/internal/commands/dependency/enhanced.go:106.27,109.4 2 0
github.com/denkhaus/knot/internal/commands/dependency/enhanced.go:112.3,112.46 1 0
github.com/denkhaus/knot/internal/commands/dependency/enhanced.go:112.46,113.50 1 0
github.com/denkhaus/knot/internal/commands/dependency/enhanced.go:113.50,115.5 1 0
github.com/denkhaus/knot/internal/commands/dependency/enhanced.go:116.4,116.52 1 0
github.com/denkhaus/knot/internal/commands/dependency/enhanced.go:119.3,119.34 1 0
github.com/denkhaus/knot/internal/commands/dependency/enhanced.go:119.34,121.29 2 0
github.com/denkhaus/knot/internal/commands/dependency/enhanced.go:121.29,123.5 1 0
github.com/denkhaus/knot/internal/commands/dependency/enhanced.go:124.4,125.21 2 0
github.com/denkhaus/knot/internal/commands/dependency/enhanced.go:125.21,127.28 2 0
github.com/denkhaus/knot/internal/commands/dependency/enhanced.go:127.28,129.6 1 0
github.com/denkhaus/knot/internal/commands/dependency/enhanced.go:130.5,130.18 1 0
github.com/denkhaus/knot/internal/commands/dependency/enhanced.go:132.4,132.17 1 0
github.com/denkhaus/knot/internal/commands/dependency/enhanced.go:135.3,135.16 1 0
github.com/denkhaus/knot/internal/commands/dependency/enhanced.go:135.16,137.4 1 0
github.com/denkhaus/knot/internal/commands/dependency/enhanced.go:137.9,139.4 1 0
github.com/denkhaus/knot/internal/commands/dependency/enhanced.go:141.3,141.13 1 0
github.com/denkhaus/knot/internal/commands/dependency/enhanced.go:146.113,151.47 4 0
github.com/denkhaus/knot/internal/commands/dependency/enhanced.go:151.47,152.18 1 0
github.com/denkhaus/knot/internal/commands/dependency/enhanced.go:152.18,154.4 1 0
github.com/denkhaus/knot/internal/commands/dependency/enhanced.go:155.3,158.17 3 0
github.com/denkhaus/knot/internal/commands/dependency/enhanced.go:158.17,160.4 1 0
github.com/denkhaus/knot/internal/commands/dependency/enhanced.go:162.3,162.34 1 0
github.com/denkhaus/knot/internal/commands/dependency/enhanced.go:162.34,163.24 1 0
github.com/denkhaus/knot/internal/commands/dependency/enhanced.go:163.24,165.53 2 0
github.com/denkhaus/knot/internal/commands/dependency/enhanced.go:165.53,167.6 1 0
github.com/denkhaus/knot/internal/commands/dependency/enhanced.go:171.3,171.13 1 0
github.com/denkhaus/knot/internal/commands/dependency/enhanced.go:174.2,174.50 1 0
github.com/denkhaus/knot/internal/commands/dependency/enhanced.go:174.50,176.3 1 0
github.com/denkhaus/knot/internal/commands/dependency/enhanced.go:178.2,178.20 1 0
github.com/denkhaus/knot/internal/commands/health/commands.go:16.57,60.2 1 1
github.com/denkhaus/knot/internal/commands/health/commands.go:62.60,63.36 1 1
github.com/denkhaus/knot/internal/commands/health/commands.go:63.36,75.17 7 0
github.com/denkhaus/knot/internal/commands/health/commands.go:75.17,78.4 2 0
github.com/denkhaus/knot/internal/commands/health/commands.go:80.3,80.17 1 0
github.com/denkhaus/knot/internal/commands/health/commands.go:80.17,82.18 2 0
github.com/denkhaus/knot/internal/commands/health/commands.go:82.18,84.5 1 0
github.com/denkhaus/knot/internal/commands/health/commands.go:85.4,85.33 1 0
github.com/denkhaus/knot/internal/commands/health/commands.go:86.9,88.4 1 0
github.com/denkhaus/knot/internal/commands/health/commands.go:90.3,90.22 1 0
github.com/denkhaus/knot/internal/commands/health/commands.go:90.22,92.4 1 0
github.com/denkhaus/knot/internal/commands/health/commands.go:94.3,94.13 1 0
github.com/denkhaus/knot/internal/commands/health/commands.go:98.59,99.36 1 1
github.com/denkhaus/knot/internal/commands/health/commands.go:99.36,111.17 8 0
github.com/denkhaus/knot/internal/commands/health/commands.go:111.17,116.4 4 0
github.com/denkhaus/knot/internal/commands/health/commands.go:118.3,122.37 4 0
github.com/denkhaus/knot/internal/commands/health/commands.go:122.37,124.4 1 0
github.com/denkhaus/knot/internal/commands/health/commands.go:126.3,126.13 1 0
github.com/denkhaus/knot/internal/commands/health/commands.go:130.63,131.36 1 1
github.com/denkhaus/knot/internal/commands/health/commands.go:131.36,140.17 6 0
github.com/denkhaus/knot/internal/commands/health/commands.go:140.17,144.4 3 0
github.com/denkhaus/knot/internal/commands/health/commands.go:146.3,150.13 4 0
github.com/denkhaus/knot/internal/commands/health/commands.go:170.96,188.16 5 0
github.com/denkhaus/knot/internal/commands/health/commands.go:188.16,190.3 1 0
github.com/denkhaus/knot/internal/commands/health/commands.go:192.2,192.20 1 0
github.com/denkhaus/knot/internal/commands/health/commands.go:196.72,200.2 2 0
github.com/denkhaus/knot/internal/commands/health/commands.go:203.78,209.34 1 0
github.com/denkhaus/knot/internal/commands/health/commands.go:209.34,212.4 2 0
github.com/denkhaus/knot/internal/commands/health/commands.go:213.31,215.21 2 0
github.com/denkhaus/knot/internal/commands/health/commands.go:215.21,217.5 1 0
github.com/denkhaus/knot/internal/commands/health/commands.go:218.4,218.14 1 0
github.com/denkhaus/knot/internal/commands/health/commands.go:222.2,222.29 1 0
github.com/denkhaus/knot/internal/commands/health/commands.go:222.29,223.37 1 0
github.com/denkhaus/knot/internal/commands/health/commands.go:223.37,225.4 1 0
github.com/denkhaus/knot/internal/commands/health/commands.go:226.3,226.76 1 0
github.com/denkhaus/knot/internal/commands/health/commands.go:229.2,229.12 1 0
github.com/denkhaus/knot/internal/commands/health/commands.go:233.46,236.20 2 0
github.com/denkhaus/knot/internal/commands/health/commands.go:236.20,238.3 1 0
github.com/denkhaus/knot/internal/commands/health/commands.go:238.8,240.32 2 0
github.com/denkhaus/knot/internal/commands/health/commands.go:240.32,242.4 1 0
github.com/denkhaus/knot/internal/commands/health/commands.go:245.2,251.32 6 0
github.com/denkhaus/knot/internal/commands/health/commands.go:251.32,256.3 4 0
github.com/denkhaus/knot/internal/commands/health/commands.go:258.2,258.49 1 0
github.com/denkhaus/knot/internal/commands/health/commands.go:258.49,260.28 2 0
github.com/denkhaus/knot/internal/commands/health/commands.go:260.28,262.4 1 0
github.com/denkhaus/knot/internal/commands/health/commands.go:263.3,263.25 1 0
github.com/denkhaus/knot/internal/commands/health/commands.go:263.25,265.4 1 0
