mode: atomic
github.com/denkhaus/knot/internal/manager/interfaces.go:78.30,86.2 1 7
github.com/denkhaus/knot/internal/manager/manager.go:9.48,13.2 3 0
github.com/denkhaus/knot/internal/manager/manager.go:16.85,19.2 2 7
github.com/denkhaus/knot/internal/manager/service.go:24.65,25.19 1 7
github.com/denkhaus/knot/internal/manager/service.go:25.19,27.3 1 0
github.com/denkhaus/knot/internal/manager/service.go:28.2,31.3 1 7
github.com/denkhaus/knot/internal/manager/service.go:39.112,40.67 1 10
github.com/denkhaus/knot/internal/manager/service.go:40.67,42.3 1 0
github.com/denkhaus/knot/internal/manager/service.go:44.2,55.59 2 10
github.com/denkhaus/knot/internal/manager/service.go:55.59,57.3 1 0
github.com/denkhaus/knot/internal/manager/service.go:59.2,59.43 1 10
github.com/denkhaus/knot/internal/manager/service.go:62.96,64.2 1 3
github.com/denkhaus/knot/internal/manager/service.go:66.140,67.67 1 1
github.com/denkhaus/knot/internal/manager/service.go:67.67,69.3 1 0
github.com/denkhaus/knot/internal/manager/service.go:71.2,72.16 2 1
github.com/denkhaus/knot/internal/manager/service.go:72.16,74.3 1 0
github.com/denkhaus/knot/internal/manager/service.go:76.2,80.59 4 1
github.com/denkhaus/knot/internal/manager/service.go:80.59,82.3 1 0
github.com/denkhaus/knot/internal/manager/service.go:84.2,84.42 1 1
github.com/denkhaus/knot/internal/manager/service.go:87.144,89.54 1 0
github.com/denkhaus/knot/internal/manager/service.go:89.54,91.3 1 0
github.com/denkhaus/knot/internal/manager/service.go:93.2,94.16 2 0
github.com/denkhaus/knot/internal/manager/service.go:94.16,96.3 1 0
github.com/denkhaus/knot/internal/manager/service.go:98.2,101.59 3 0
github.com/denkhaus/knot/internal/manager/service.go:101.59,103.3 1 0
github.com/denkhaus/knot/internal/manager/service.go:105.2,105.42 1 0
github.com/denkhaus/knot/internal/manager/service.go:108.144,110.16 2 0
github.com/denkhaus/knot/internal/manager/service.go:110.16,112.3 1 0
github.com/denkhaus/knot/internal/manager/service.go:115.2,115.58 1 0
github.com/denkhaus/knot/internal/manager/service.go:115.58,117.3 1 0
github.com/denkhaus/knot/internal/manager/service.go:119.2,123.59 4 0
github.com/denkhaus/knot/internal/manager/service.go:123.59,125.3 1 0
github.com/denkhaus/knot/internal/manager/service.go:127.2,127.42 1 0
github.com/denkhaus/knot/internal/manager/service.go:130.81,132.2 1 1
github.com/denkhaus/knot/internal/manager/service.go:134.79,136.2 1 1
github.com/denkhaus/knot/internal/manager/service.go:140.171,141.76 1 33
github.com/denkhaus/knot/internal/manager/service.go:141.76,143.3 1 5
github.com/denkhaus/knot/internal/manager/service.go:146.2,146.61 1 28
github.com/denkhaus/knot/internal/manager/service.go:146.61,148.3 1 1
github.com/denkhaus/knot/internal/manager/service.go:151.2,152.21 2 27
github.com/denkhaus/knot/internal/manager/service.go:152.21,154.17 2 1
github.com/denkhaus/knot/internal/manager/service.go:154.17,156.4 1 0
github.com/denkhaus/knot/internal/manager/service.go:157.3,157.40 1 1
github.com/denkhaus/knot/internal/manager/service.go:157.40,159.4 1 0
github.com/denkhaus/knot/internal/manager/service.go:160.3,160.31 1 1
github.com/denkhaus/knot/internal/manager/service.go:164.2,164.31 1 27
github.com/denkhaus/knot/internal/manager/service.go:164.31,166.3 1 0
github.com/denkhaus/knot/internal/manager/service.go:169.2,170.16 2 27
github.com/denkhaus/knot/internal/manager/service.go:170.16,172.3 1 0
github.com/denkhaus/knot/internal/manager/service.go:173.2,173.48 1 27
github.com/denkhaus/knot/internal/manager/service.go:173.48,175.3 1 0
github.com/denkhaus/knot/internal/manager/service.go:177.2,192.53 2 27
github.com/denkhaus/knot/internal/manager/service.go:192.53,194.3 1 0
github.com/denkhaus/knot/internal/manager/service.go:197.2,197.54 1 27
github.com/denkhaus/knot/internal/manager/service.go:197.54,198.70 1 1
github.com/denkhaus/knot/internal/manager/service.go:198.70,202.4 1 0
github.com/denkhaus/knot/internal/manager/service.go:205.2,205.37 1 27
github.com/denkhaus/knot/internal/manager/service.go:208.87,210.2 1 5
github.com/denkhaus/knot/internal/manager/service.go:212.132,214.16 2 3
github.com/denkhaus/knot/internal/manager/service.go:214.16,216.3 1 1
github.com/denkhaus/knot/internal/manager/service.go:219.2,219.52 1 2
github.com/denkhaus/knot/internal/manager/service.go:219.52,221.3 1 0
github.com/denkhaus/knot/internal/manager/service.go:223.2,228.66 4 2
github.com/denkhaus/knot/internal/manager/service.go:228.66,231.3 2 1
github.com/denkhaus/knot/internal/manager/service.go:231.8,231.73 1 1
github.com/denkhaus/knot/internal/manager/service.go:231.73,234.3 1 0
github.com/denkhaus/knot/internal/manager/service.go:236.2,236.53 1 2
github.com/denkhaus/knot/internal/manager/service.go:236.53,238.3 1 0
github.com/denkhaus/knot/internal/manager/service.go:240.2,240.36 1 2
github.com/denkhaus/knot/internal/manager/service.go:243.170,244.76 1 0
github.com/denkhaus/knot/internal/manager/service.go:244.76,246.3 1 0
github.com/denkhaus/knot/internal/manager/service.go:248.2,249.16 2 0
github.com/denkhaus/knot/internal/manager/service.go:249.16,251.3 1 0
github.com/denkhaus/knot/internal/manager/service.go:253.2,259.53 6 0
github.com/denkhaus/knot/internal/manager/service.go:259.53,261.3 1 0
github.com/denkhaus/knot/internal/manager/service.go:263.2,263.36 1 0
github.com/denkhaus/knot/internal/manager/service.go:266.135,268.54 1 1
github.com/denkhaus/knot/internal/manager/service.go:268.54,270.3 1 0
github.com/denkhaus/knot/internal/manager/service.go:272.2,273.16 2 1
github.com/denkhaus/knot/internal/manager/service.go:273.16,275.3 1 0
github.com/denkhaus/knot/internal/manager/service.go:277.2,280.53 3 1
github.com/denkhaus/knot/internal/manager/service.go:280.53,282.3 1 0
github.com/denkhaus/knot/internal/manager/service.go:284.2,284.36 1 1
github.com/denkhaus/knot/internal/manager/service.go:287.123,289.17 1 1
github.com/denkhaus/knot/internal/manager/service.go:289.17,291.3 1 0
github.com/denkhaus/knot/internal/manager/service.go:292.2,292.22 1 1
github.com/denkhaus/knot/internal/manager/service.go:292.22,294.3 1 0
github.com/denkhaus/knot/internal/manager/service.go:296.2,297.16 2 1
github.com/denkhaus/knot/internal/manager/service.go:297.16,299.3 1 0
github.com/denkhaus/knot/internal/manager/service.go:301.2,304.53 3 1
github.com/denkhaus/knot/internal/manager/service.go:304.53,306.3 1 0
github.com/denkhaus/knot/internal/manager/service.go:308.2,308.36 1 1
github.com/denkhaus/knot/internal/manager/service.go:311.89,313.2 1 1
github.com/denkhaus/knot/internal/manager/service.go:315.96,317.2 1 0
github.com/denkhaus/knot/internal/manager/service.go:321.93,323.16 2 0
github.com/denkhaus/knot/internal/manager/service.go:323.16,325.3 1 0
github.com/denkhaus/knot/internal/manager/service.go:326.2,326.26 1 0
github.com/denkhaus/knot/internal/manager/service.go:326.26,328.3 1 0
github.com/denkhaus/knot/internal/manager/service.go:329.2,329.44 1 0
github.com/denkhaus/knot/internal/manager/service.go:332.95,334.55 1 0
github.com/denkhaus/knot/internal/manager/service.go:334.55,336.3 1 0
github.com/denkhaus/knot/internal/manager/service.go:337.2,337.45 1 0
github.com/denkhaus/knot/internal/manager/service.go:340.97,342.2 1 0
github.com/denkhaus/knot/internal/manager/service.go:345.104,347.61 1 2
github.com/denkhaus/knot/internal/manager/service.go:347.61,349.3 1 0
github.com/denkhaus/knot/internal/manager/service.go:351.2,351.49 1 2
github.com/denkhaus/knot/internal/manager/service.go:355.110,356.23 1 0
github.com/denkhaus/knot/internal/manager/service.go:356.23,358.3 1 0
github.com/denkhaus/knot/internal/manager/service.go:361.2,361.55 1 0
github.com/denkhaus/knot/internal/manager/service.go:361.55,363.3 1 0
github.com/denkhaus/knot/internal/manager/service.go:366.2,366.88 1 0
github.com/denkhaus/knot/internal/manager/service.go:366.88,368.3 1 0
github.com/denkhaus/knot/internal/manager/service.go:371.2,371.33 1 0
github.com/denkhaus/knot/internal/manager/service.go:371.33,373.17 2 0
github.com/denkhaus/knot/internal/manager/service.go:373.17,375.4 1 0
github.com/denkhaus/knot/internal/manager/service.go:378.3,378.27 1 0
github.com/denkhaus/knot/internal/manager/service.go:378.27,380.73 2 0
github.com/denkhaus/knot/internal/manager/service.go:380.73,383.5 2 0
github.com/denkhaus/knot/internal/manager/service.go:383.10,383.80 1 0
github.com/denkhaus/knot/internal/manager/service.go:383.80,385.5 1 0
github.com/denkhaus/knot/internal/manager/service.go:387.3,387.32 1 0
github.com/denkhaus/knot/internal/manager/service.go:387.32,389.4 1 0
github.com/denkhaus/knot/internal/manager/service.go:391.3,393.54 2 0
github.com/denkhaus/knot/internal/manager/service.go:393.54,395.4 1 0
github.com/denkhaus/knot/internal/manager/service.go:398.2,398.12 1 0
github.com/denkhaus/knot/internal/manager/service.go:402.117,405.16 2 0
github.com/denkhaus/knot/internal/manager/service.go:405.16,407.3 1 0
github.com/denkhaus/knot/internal/manager/service.go:410.2,410.64 1 0
github.com/denkhaus/knot/internal/manager/service.go:410.64,412.3 1 0
github.com/denkhaus/knot/internal/manager/service.go:415.2,430.56 2 0
github.com/denkhaus/knot/internal/manager/service.go:430.56,432.3 1 0
github.com/denkhaus/knot/internal/manager/service.go:434.2,434.40 1 0
github.com/denkhaus/knot/internal/manager/service.go:438.111,440.18 1 0
github.com/denkhaus/knot/internal/manager/service.go:440.18,442.3 1 0
github.com/denkhaus/knot/internal/manager/service.go:444.2,445.16 2 0
github.com/denkhaus/knot/internal/manager/service.go:445.16,447.3 1 0
github.com/denkhaus/knot/internal/manager/service.go:449.2,452.53 3 0
github.com/denkhaus/knot/internal/manager/service.go:452.53,454.3 1 0
github.com/denkhaus/knot/internal/manager/service.go:456.2,456.36 1 0
github.com/denkhaus/knot/internal/manager/service.go:462.116,464.16 2 0
github.com/denkhaus/knot/internal/manager/service.go:464.16,466.3 1 0
github.com/denkhaus/knot/internal/manager/service.go:468.2,471.53 3 0
github.com/denkhaus/knot/internal/manager/service.go:471.53,473.3 1 0
github.com/denkhaus/knot/internal/manager/service.go:475.2,475.36 1 0
github.com/denkhaus/knot/internal/manager/service.go:479.101,481.16 2 0
github.com/denkhaus/knot/internal/manager/service.go:481.16,483.3 1 0
github.com/denkhaus/knot/internal/manager/service.go:485.2,488.53 3 0
github.com/denkhaus/knot/internal/manager/service.go:488.53,490.3 1 0
github.com/denkhaus/knot/internal/manager/service.go:492.2,492.36 1 0
github.com/denkhaus/knot/internal/manager/service.go:496.120,498.61 1 0
github.com/denkhaus/knot/internal/manager/service.go:498.61,500.3 1 0
github.com/denkhaus/knot/internal/manager/service.go:503.2,504.16 2 0
github.com/denkhaus/knot/internal/manager/service.go:504.16,506.3 1 0
github.com/denkhaus/knot/internal/manager/service.go:509.2,510.32 2 0
github.com/denkhaus/knot/internal/manager/service.go:510.32,511.66 1 0
github.com/denkhaus/knot/internal/manager/service.go:511.66,513.4 1 0
github.com/denkhaus/knot/internal/manager/service.go:516.2,516.27 1 0
github.com/denkhaus/knot/internal/manager/service.go:520.104,522.61 1 0
github.com/denkhaus/knot/internal/manager/service.go:522.61,524.3 1 0
github.com/denkhaus/knot/internal/manager/service.go:527.2,528.16 2 0
github.com/denkhaus/knot/internal/manager/service.go:528.16,530.3 1 0
github.com/denkhaus/knot/internal/manager/service.go:533.2,534.32 2 0
github.com/denkhaus/knot/internal/manager/service.go:534.32,535.32 1 0
github.com/denkhaus/knot/internal/manager/service.go:535.32,537.4 1 0
github.com/denkhaus/knot/internal/manager/service.go:540.2,540.29 1 0
github.com/denkhaus/knot/internal/manager/service.go:543.105,545.61 1 0
github.com/denkhaus/knot/internal/manager/service.go:545.61,547.3 1 0
github.com/denkhaus/knot/internal/manager/service.go:550.2,551.16 2 0
github.com/denkhaus/knot/internal/manager/service.go:551.16,553.3 1 0
github.com/denkhaus/knot/internal/manager/service.go:556.2,557.32 2 0
github.com/denkhaus/knot/internal/manager/service.go:557.32,559.3 1 0
github.com/denkhaus/knot/internal/manager/service.go:562.2,563.32 2 0
github.com/denkhaus/knot/internal/manager/service.go:563.32,564.21 1 0
github.com/denkhaus/knot/internal/manager/service.go:565.31,566.45 1 0
github.com/denkhaus/knot/internal/manager/service.go:567.34,568.51 1 0
github.com/denkhaus/knot/internal/manager/service.go:573.2,573.30 1 0
github.com/denkhaus/knot/internal/manager/service.go:573.30,575.40 1 0
github.com/denkhaus/knot/internal/manager/service.go:575.40,576.43 1 0
github.com/denkhaus/knot/internal/manager/service.go:576.43,578.5 1 0
github.com/denkhaus/knot/internal/manager/service.go:583.3,583.117 1 0
github.com/denkhaus/knot/internal/manager/service.go:587.2,587.36 1 0
github.com/denkhaus/knot/internal/manager/service.go:587.36,588.42 1 0
github.com/denkhaus/knot/internal/manager/service.go:588.42,590.4 1 0
github.com/denkhaus/knot/internal/manager/service.go:597.2,597.27 1 0
github.com/denkhaus/knot/internal/manager/service.go:597.27,599.3 1 0
github.com/denkhaus/knot/internal/manager/service.go:602.2,602.53 1 0
github.com/denkhaus/knot/internal/manager/service.go:606.96,607.42 1 0
github.com/denkhaus/knot/internal/manager/service.go:607.42,609.59 2 0
github.com/denkhaus/knot/internal/manager/service.go:609.59,612.4 1 0
github.com/denkhaus/knot/internal/manager/service.go:614.2,614.13 1 0
github.com/denkhaus/knot/internal/manager/service.go:617.110,619.61 1 0
github.com/denkhaus/knot/internal/manager/service.go:619.61,621.3 1 0
github.com/denkhaus/knot/internal/manager/service.go:624.2,625.16 2 0
github.com/denkhaus/knot/internal/manager/service.go:625.16,627.3 1 0
github.com/denkhaus/knot/internal/manager/service.go:629.2,630.29 2 0
github.com/denkhaus/knot/internal/manager/service.go:630.29,631.54 1 0
github.com/denkhaus/knot/internal/manager/service.go:631.54,634.18 2 0
github.com/denkhaus/knot/internal/manager/service.go:634.18,636.5 1 0
github.com/denkhaus/knot/internal/manager/service.go:637.4,637.26 1 0
github.com/denkhaus/knot/internal/manager/service.go:637.26,639.5 1 0
github.com/denkhaus/knot/internal/manager/service.go:643.2,643.28 1 0
github.com/denkhaus/knot/internal/manager/service.go:646.112,648.61 1 0
github.com/denkhaus/knot/internal/manager/service.go:648.61,650.3 1 0
github.com/denkhaus/knot/internal/manager/service.go:652.2,652.50 1 0
github.com/denkhaus/knot/internal/manager/service.go:655.124,657.61 1 0
github.com/denkhaus/knot/internal/manager/service.go:657.61,659.3 1 0
github.com/denkhaus/knot/internal/manager/service.go:661.2,664.4 1 0
github.com/denkhaus/knot/internal/manager/service.go:669.73,670.17 1 11
github.com/denkhaus/knot/internal/manager/service.go:670.17,672.3 1 0
github.com/denkhaus/knot/internal/manager/service.go:673.2,673.22 1 11
github.com/denkhaus/knot/internal/manager/service.go:673.22,675.3 1 0
github.com/denkhaus/knot/internal/manager/service.go:676.2,676.54 1 11
github.com/denkhaus/knot/internal/manager/service.go:676.54,678.3 1 0
github.com/denkhaus/knot/internal/manager/service.go:679.2,679.12 1 11
github.com/denkhaus/knot/internal/manager/service.go:682.86,683.17 1 33
github.com/denkhaus/knot/internal/manager/service.go:683.17,685.3 1 1
github.com/denkhaus/knot/internal/manager/service.go:686.2,686.22 1 32
github.com/denkhaus/knot/internal/manager/service.go:686.22,688.3 1 1
github.com/denkhaus/knot/internal/manager/service.go:689.2,689.54 1 31
github.com/denkhaus/knot/internal/manager/service.go:689.54,691.3 1 1
github.com/denkhaus/knot/internal/manager/service.go:692.2,692.39 1 30
github.com/denkhaus/knot/internal/manager/service.go:692.39,694.3 1 2
github.com/denkhaus/knot/internal/manager/service.go:695.2,695.12 1 28
github.com/denkhaus/knot/internal/manager/service.go:700.39,702.2 1 0
github.com/denkhaus/knot/internal/manager/service.go:704.48,705.19 1 0
github.com/denkhaus/knot/internal/manager/service.go:705.19,707.3 1 0
github.com/denkhaus/knot/internal/manager/service.go:711.46,714.16 2 0
github.com/denkhaus/knot/internal/manager/service.go:714.16,716.3 1 0
github.com/denkhaus/knot/internal/manager/service.go:719.2,719.55 1 0
github.com/denkhaus/knot/internal/manager/service.go:719.55,721.3 1 0
github.com/denkhaus/knot/internal/manager/service.go:724.2,725.16 2 0
github.com/denkhaus/knot/internal/manager/service.go:725.16,727.3 1 0
github.com/denkhaus/knot/internal/manager/service.go:729.2,730.54 2 0
github.com/denkhaus/knot/internal/manager/service.go:730.54,732.3 1 0
github.com/denkhaus/knot/internal/manager/service.go:735.2,735.48 1 0
github.com/denkhaus/knot/internal/manager/service.go:735.48,737.3 1 0
github.com/denkhaus/knot/internal/manager/service.go:739.2,740.12 2 0
github.com/denkhaus/knot/internal/manager/service.go:744.44,745.49 1 0
github.com/denkhaus/knot/internal/manager/service.go:745.49,747.3 1 0
github.com/denkhaus/knot/internal/manager/service.go:749.2,750.16 2 0
github.com/denkhaus/knot/internal/manager/service.go:750.16,752.3 1 0
github.com/denkhaus/knot/internal/manager/service.go:755.2,756.51 2 0
github.com/denkhaus/knot/internal/manager/service.go:756.51,758.3 1 0
github.com/denkhaus/knot/internal/manager/service.go:761.2,762.16 2 0
github.com/denkhaus/knot/internal/manager/service.go:762.16,764.3 1 0
github.com/denkhaus/knot/internal/manager/service.go:767.2,767.61 1 0
github.com/denkhaus/knot/internal/manager/service.go:767.61,769.3 1 0
github.com/denkhaus/knot/internal/manager/service.go:771.2,771.12 1 0
github.com/denkhaus/knot/internal/manager/service.go:775.138,777.2 1 5
github.com/denkhaus/knot/internal/manager/service.go:780.141,782.2 1 1
github.com/denkhaus/knot/internal/manager/service.go:785.101,787.2 1 0
github.com/denkhaus/knot/internal/manager/service.go:790.99,792.2 1 0
github.com/denkhaus/knot/internal/manager/service.go:797.38,800.16 2 0
github.com/denkhaus/knot/internal/manager/service.go:800.16,802.3 1 0
github.com/denkhaus/knot/internal/manager/service.go:804.2,806.24 3 0
github.com/denkhaus/knot/internal/manager/service.go:810.38,811.28 1 0
github.com/denkhaus/knot/internal/manager/service.go:811.28,813.3 1 0
github.com/denkhaus/knot/internal/manager/service.go:814.2,814.61 1 0
github.com/denkhaus/knot/internal/manager/service.go:814.61,816.3 1 0
github.com/denkhaus/knot/internal/manager/service.go:817.2,817.20 1 0
github.com/denkhaus/knot/internal/manager/service.go:817.20,819.3 1 0
github.com/denkhaus/knot/internal/manager/service.go:820.2,820.32 1 0
github.com/denkhaus/knot/internal/manager/service.go:820.32,822.3 1 0
github.com/denkhaus/knot/internal/manager/service.go:823.2,823.12 1 0
github.com/denkhaus/knot/internal/manager/service.go:827.93,830.16 2 1
github.com/denkhaus/knot/internal/manager/service.go:830.16,832.3 1 0
github.com/denkhaus/knot/internal/manager/service.go:835.2,835.58 1 1
github.com/denkhaus/knot/internal/manager/service.go:835.58,837.3 1 1
github.com/denkhaus/knot/internal/manager/service.go:840.2,841.16 2 0
github.com/denkhaus/knot/internal/manager/service.go:841.16,843.3 1 0
github.com/denkhaus/knot/internal/manager/service.go:847.2,850.9 3 0
github.com/denkhaus/knot/internal/manager/service.go:851.23,853.44 1 0
github.com/denkhaus/knot/internal/manager/service.go:854.23,856.20 1 0
github.com/denkhaus/knot/internal/manager/service.go:857.23,859.20 1 0
github.com/denkhaus/knot/internal/manager/service.go:860.10,862.20 1 0
github.com/denkhaus/knot/internal/manager/service.go:866.2,866.23 1 0
github.com/denkhaus/knot/internal/manager/service.go:866.23,868.3 1 0
github.com/denkhaus/knot/internal/manager/service.go:871.2,871.44 1 0
github.com/denkhaus/knot/internal/manager/service.go:871.44,873.60 2 0
github.com/denkhaus/knot/internal/manager/service.go:873.60,875.4 1 0
github.com/denkhaus/knot/internal/manager/service.go:877.3,878.88 1 0
github.com/denkhaus/knot/internal/manager/service.go:881.2,881.12 1 0
github.com/denkhaus/knot/internal/manager/service.go:887.64,922.16 2 2
github.com/denkhaus/knot/internal/manager/service.go:922.16,924.3 1 0
github.com/denkhaus/knot/internal/manager/service.go:927.2,928.13 2 2
github.com/denkhaus/knot/internal/manager/service.go:928.13,930.3 1 0
github.com/denkhaus/knot/internal/manager/service.go:932.2,932.45 1 2
github.com/denkhaus/knot/internal/manager/service.go:932.45,933.25 1 2
github.com/denkhaus/knot/internal/manager/service.go:933.25,935.4 1 2
github.com/denkhaus/knot/internal/manager/service.go:938.2,938.14 1 0
github.com/denkhaus/knot/internal/manager/service.go:942.70,965.16 2 0
github.com/denkhaus/knot/internal/manager/service.go:965.16,967.3 1 0
github.com/denkhaus/knot/internal/manager/service.go:970.2,970.89 1 0
github.com/denkhaus/knot/internal/manager/service.go:970.89,972.3 1 0
github.com/denkhaus/knot/internal/manager/service.go:975.2,976.13 2 0
github.com/denkhaus/knot/internal/manager/service.go:976.13,978.3 1 0
github.com/denkhaus/knot/internal/manager/service.go:980.2,980.45 1 0
github.com/denkhaus/knot/internal/manager/service.go:980.45,981.25 1 0
github.com/denkhaus/knot/internal/manager/service.go:981.25,983.4 1 0
github.com/denkhaus/knot/internal/manager/service.go:986.2,986.14 1 0
github.com/denkhaus/knot/internal/validation/input_validation.go:19.42,25.2 1 9
github.com/denkhaus/knot/internal/validation/input_validation.go:28.64,29.17 1 12
github.com/denkhaus/knot/internal/validation/input_validation.go:29.17,31.3 1 1
github.com/denkhaus/knot/internal/validation/input_validation.go:34.2,34.54 1 11
github.com/denkhaus/knot/internal/validation/input_validation.go:34.54,37.3 1 2
github.com/denkhaus/knot/internal/validation/input_validation.go:40.2,40.58 1 9
github.com/denkhaus/knot/internal/validation/input_validation.go:40.58,42.3 1 4
github.com/denkhaus/knot/internal/validation/input_validation.go:44.2,44.12 1 5
github.com/denkhaus/knot/internal/validation/input_validation.go:48.76,50.23 1 7
github.com/denkhaus/knot/internal/validation/input_validation.go:50.23,52.3 1 1
github.com/denkhaus/knot/internal/validation/input_validation.go:55.2,55.66 1 6
github.com/denkhaus/knot/internal/validation/input_validation.go:55.66,58.3 1 2
github.com/denkhaus/knot/internal/validation/input_validation.go:61.2,61.70 1 4
github.com/denkhaus/knot/internal/validation/input_validation.go:61.70,63.3 1 1
github.com/denkhaus/knot/internal/validation/input_validation.go:65.2,65.12 1 3
github.com/denkhaus/knot/internal/validation/input_validation.go:69.67,70.17 1 3
github.com/denkhaus/knot/internal/validation/input_validation.go:70.17,72.3 1 1
github.com/denkhaus/knot/internal/validation/input_validation.go:75.2,75.54 1 2
github.com/denkhaus/knot/internal/validation/input_validation.go:75.54,78.3 1 1
github.com/denkhaus/knot/internal/validation/input_validation.go:81.2,81.66 1 1
github.com/denkhaus/knot/internal/validation/input_validation.go:81.66,83.3 1 0
github.com/denkhaus/knot/internal/validation/input_validation.go:85.2,85.12 1 1
github.com/denkhaus/knot/internal/validation/input_validation.go:89.79,91.23 1 0
github.com/denkhaus/knot/internal/validation/input_validation.go:91.23,93.3 1 0
github.com/denkhaus/knot/internal/validation/input_validation.go:96.2,96.66 1 0
github.com/denkhaus/knot/internal/validation/input_validation.go:96.66,99.3 1 0
github.com/denkhaus/knot/internal/validation/input_validation.go:102.2,102.78 1 0
github.com/denkhaus/knot/internal/validation/input_validation.go:102.78,104.3 1 0
github.com/denkhaus/knot/internal/validation/input_validation.go:106.2,106.12 1 0
github.com/denkhaus/knot/internal/validation/input_validation.go:110.75,112.39 1 17
github.com/denkhaus/knot/internal/validation/input_validation.go:112.39,114.3 1 1
github.com/denkhaus/knot/internal/validation/input_validation.go:117.2,117.28 1 16
github.com/denkhaus/knot/internal/validation/input_validation.go:117.28,118.52 1 2609
github.com/denkhaus/knot/internal/validation/input_validation.go:118.52,120.4 1 1
github.com/denkhaus/knot/internal/validation/input_validation.go:124.2,124.18 1 15
github.com/denkhaus/knot/internal/validation/input_validation.go:124.18,125.60 1 14
github.com/denkhaus/knot/internal/validation/input_validation.go:125.60,127.4 1 3
github.com/denkhaus/knot/internal/validation/input_validation.go:130.2,130.12 1 12
github.com/denkhaus/knot/internal/validation/input_validation.go:134.72,137.41 2 14
github.com/denkhaus/knot/internal/validation/input_validation.go:137.41,139.3 1 2
github.com/denkhaus/knot/internal/validation/input_validation.go:142.2,152.41 3 12
github.com/denkhaus/knot/internal/validation/input_validation.go:152.41,153.46 1 67
github.com/denkhaus/knot/internal/validation/input_validation.go:153.46,155.4 1 1
github.com/denkhaus/knot/internal/validation/input_validation.go:158.2,158.12 1 11
github.com/denkhaus/knot/internal/validation/input_validation.go:162.65,163.17 1 4
github.com/denkhaus/knot/internal/validation/input_validation.go:163.17,165.3 1 1
github.com/denkhaus/knot/internal/validation/input_validation.go:168.2,168.35 1 3
github.com/denkhaus/knot/internal/validation/input_validation.go:172.67,173.39 1 6
github.com/denkhaus/knot/internal/validation/input_validation.go:173.39,175.3 1 3
github.com/denkhaus/knot/internal/validation/input_validation.go:176.2,176.12 1 3
github.com/denkhaus/knot/internal/validation/input_validation.go:180.60,181.17 1 5
github.com/denkhaus/knot/internal/validation/input_validation.go:181.17,183.3 1 1
github.com/denkhaus/knot/internal/validation/input_validation.go:186.2,186.41 1 4
github.com/denkhaus/knot/internal/validation/input_validation.go:186.41,189.3 1 1
github.com/denkhaus/knot/internal/validation/input_validation.go:192.2,192.63 1 3
github.com/denkhaus/knot/internal/validation/input_validation.go:192.63,194.3 1 0
github.com/denkhaus/knot/internal/validation/input_validation.go:196.2,196.12 1 3
github.com/denkhaus/knot/internal/validation/state_validation.go:30.42,43.2 4 10
github.com/denkhaus/knot/internal/validation/state_validation.go:46.54,90.41 2 10
github.com/denkhaus/knot/internal/validation/state_validation.go:90.41,92.3 1 250
github.com/denkhaus/knot/internal/validation/state_validation.go:96.48,101.69 1 10
github.com/denkhaus/knot/internal/validation/state_validation.go:101.69,102.73 1 14
github.com/denkhaus/knot/internal/validation/state_validation.go:102.73,110.6 1 0
github.com/denkhaus/knot/internal/validation/state_validation.go:111.5,111.15 1 14
github.com/denkhaus/knot/internal/validation/state_validation.go:117.69,118.68 1 14
github.com/denkhaus/knot/internal/validation/state_validation.go:118.68,126.6 1 0
github.com/denkhaus/knot/internal/validation/state_validation.go:127.5,127.15 1 14
github.com/denkhaus/knot/internal/validation/state_validation.go:133.69,134.63 1 14
github.com/denkhaus/knot/internal/validation/state_validation.go:134.63,143.6 1 1
github.com/denkhaus/knot/internal/validation/state_validation.go:144.5,144.15 1 13
github.com/denkhaus/knot/internal/validation/state_validation.go:150.69,151.87 1 14
github.com/denkhaus/knot/internal/validation/state_validation.go:151.87,159.6 1 0
github.com/denkhaus/knot/internal/validation/state_validation.go:160.5,160.15 1 14
github.com/denkhaus/knot/internal/validation/state_validation.go:167.96,170.40 2 22
github.com/denkhaus/knot/internal/validation/state_validation.go:170.40,172.3 1 10
github.com/denkhaus/knot/internal/validation/state_validation.go:175.2,175.42 1 12
github.com/denkhaus/knot/internal/validation/state_validation.go:175.42,176.55 1 48
github.com/denkhaus/knot/internal/validation/state_validation.go:176.55,180.4 1 0
github.com/denkhaus/knot/internal/validation/state_validation.go:183.2,183.12 1 12
github.com/denkhaus/knot/internal/validation/state_validation.go:187.102,189.2 1 0
github.com/denkhaus/knot/internal/validation/state_validation.go:192.115,195.40 2 4
github.com/denkhaus/knot/internal/validation/state_validation.go:195.40,197.3 1 2
github.com/denkhaus/knot/internal/validation/state_validation.go:199.2,202.42 2 2
github.com/denkhaus/knot/internal/validation/state_validation.go:202.42,203.55 1 8
github.com/denkhaus/knot/internal/validation/state_validation.go:203.55,205.58 1 1
github.com/denkhaus/knot/internal/validation/state_validation.go:205.58,207.5 1 1
github.com/denkhaus/knot/internal/validation/state_validation.go:207.10,209.5 1 0
github.com/denkhaus/knot/internal/validation/state_validation.go:213.2,213.22 1 2
github.com/denkhaus/knot/internal/validation/state_validation.go:217.106,221.31 3 12
github.com/denkhaus/knot/internal/validation/state_validation.go:221.31,223.3 1 3
github.com/denkhaus/knot/internal/validation/state_validation.go:223.8,225.3 1 9
github.com/denkhaus/knot/internal/validation/state_validation.go:227.2,233.3 1 12
github.com/denkhaus/knot/internal/validation/state_validation.go:237.82,240.48 2 24
github.com/denkhaus/knot/internal/validation/state_validation.go:240.48,241.55 1 600
github.com/denkhaus/knot/internal/validation/state_validation.go:241.55,243.4 1 50
github.com/denkhaus/knot/internal/validation/state_validation.go:246.2,246.20 1 24
github.com/denkhaus/knot/internal/validation/state_validation.go:250.65,259.2 1 12
github.com/denkhaus/knot/internal/validation/state_validation.go:262.59,264.41 2 10
github.com/denkhaus/knot/internal/validation/state_validation.go:264.41,265.34 1 45
github.com/denkhaus/knot/internal/validation/state_validation.go:265.34,267.4 1 5
github.com/denkhaus/knot/internal/validation/state_validation.go:269.2,269.14 1 5
github.com/denkhaus/knot/internal/validation/state_validation.go:273.74,276.47 2 2
github.com/denkhaus/knot/internal/validation/state_validation.go:276.47,278.3 1 12
github.com/denkhaus/knot/internal/validation/state_validation.go:280.2,280.15 1 2
github.com/denkhaus/knot/internal/commands/project/commands.go:18.59,20.24 2 4
github.com/denkhaus/knot/internal/commands/project/commands.go:20.24,22.3 1 1
github.com/denkhaus/knot/internal/commands/project/commands.go:23.2,24.16 2 3
github.com/denkhaus/knot/internal/commands/project/commands.go:24.16,26.3 1 2
github.com/denkhaus/knot/internal/commands/project/commands.go:27.2,27.23 1 1
github.com/denkhaus/knot/internal/commands/project/commands.go:31.57,86.2 1 0
github.com/denkhaus/knot/internal/commands/project/commands.go:88.61,89.36 1 7
github.com/denkhaus/knot/internal/commands/project/commands.go:89.36,98.63 5 7
github.com/denkhaus/knot/internal/commands/project/commands.go:98.63,100.4 1 3
github.com/denkhaus/knot/internal/commands/project/commands.go:102.3,102.75 1 4
github.com/denkhaus/knot/internal/commands/project/commands.go:102.75,104.4 1 1
github.com/denkhaus/knot/internal/commands/project/commands.go:107.3,107.18 1 3
github.com/denkhaus/knot/internal/commands/project/commands.go:107.18,109.19 2 1
github.com/denkhaus/knot/internal/commands/project/commands.go:109.19,111.5 1 0
github.com/denkhaus/knot/internal/commands/project/commands.go:114.3,117.17 3 3
github.com/denkhaus/knot/internal/commands/project/commands.go:117.17,120.4 2 0
github.com/denkhaus/knot/internal/commands/project/commands.go:122.3,125.32 4 3
github.com/denkhaus/knot/internal/commands/project/commands.go:125.32,127.4 1 3
github.com/denkhaus/knot/internal/commands/project/commands.go:128.3,128.13 1 3
github.com/denkhaus/knot/internal/commands/project/commands.go:132.59,133.36 1 3
github.com/denkhaus/knot/internal/commands/project/commands.go:133.36,137.17 3 3
github.com/denkhaus/knot/internal/commands/project/commands.go:137.17,140.4 2 0
github.com/denkhaus/knot/internal/commands/project/commands.go:142.3,144.25 2 3
github.com/denkhaus/knot/internal/commands/project/commands.go:144.25,146.4 1 1
github.com/denkhaus/knot/internal/commands/project/commands.go:148.3,149.36 2 2
github.com/denkhaus/knot/internal/commands/project/commands.go:149.36,151.33 2 3
github.com/denkhaus/knot/internal/commands/project/commands.go:151.33,153.5 1 3
github.com/denkhaus/knot/internal/commands/project/commands.go:154.4,156.17 2 3
github.com/denkhaus/knot/internal/commands/project/commands.go:158.3,158.13 1 2
github.com/denkhaus/knot/internal/commands/project/commands.go:162.58,163.36 1 4
github.com/denkhaus/knot/internal/commands/project/commands.go:163.36,166.17 3 4
github.com/denkhaus/knot/internal/commands/project/commands.go:166.17,168.4 1 1
github.com/denkhaus/knot/internal/commands/project/commands.go:170.3,173.17 3 3
github.com/denkhaus/knot/internal/commands/project/commands.go:173.17,176.4 2 1
github.com/denkhaus/knot/internal/commands/project/commands.go:178.3,180.32 3 2
github.com/denkhaus/knot/internal/commands/project/commands.go:180.32,182.4 1 2
github.com/denkhaus/knot/internal/commands/project/commands.go:183.3,188.13 4 2
github.com/denkhaus/knot/internal/commands/project/commands.go:192.61,193.36 1 0
github.com/denkhaus/knot/internal/commands/project/commands.go:193.36,196.17 3 0
github.com/denkhaus/knot/internal/commands/project/commands.go:196.17,204.4 1 0
github.com/denkhaus/knot/internal/commands/project/commands.go:206.3,210.17 3 0
github.com/denkhaus/knot/internal/commands/project/commands.go:210.17,218.4 1 0
github.com/denkhaus/knot/internal/commands/project/commands.go:221.3,222.17 2 0
github.com/denkhaus/knot/internal/commands/project/commands.go:222.17,229.4 1 0
github.com/denkhaus/knot/internal/commands/project/commands.go:232.3,232.57 1 0
github.com/denkhaus/knot/internal/commands/project/commands.go:232.57,234.14 1 0
github.com/denkhaus/knot/internal/commands/project/commands.go:234.14,237.5 2 0
github.com/denkhaus/knot/internal/commands/project/commands.go:240.4,242.33 3 0
github.com/denkhaus/knot/internal/commands/project/commands.go:242.33,244.5 1 0
github.com/denkhaus/knot/internal/commands/project/commands.go:245.4,245.22 1 0
github.com/denkhaus/knot/internal/commands/project/commands.go:245.22,247.5 1 0
github.com/denkhaus/knot/internal/commands/project/commands.go:250.4,251.18 2 0
github.com/denkhaus/knot/internal/commands/project/commands.go:251.18,258.5 1 0
github.com/denkhaus/knot/internal/commands/project/commands.go:260.4,261.14 2 0
github.com/denkhaus/knot/internal/commands/project/commands.go:262.9,264.14 1 0
github.com/denkhaus/knot/internal/commands/project/commands.go:264.14,267.5 2 0
github.com/denkhaus/knot/internal/commands/project/commands.go:270.4,272.33 3 0
github.com/denkhaus/knot/internal/commands/project/commands.go:272.33,274.5 1 0
github.com/denkhaus/knot/internal/commands/project/commands.go:275.4,278.22 3 0
github.com/denkhaus/knot/internal/commands/project/commands.go:278.22,280.32 2 0
github.com/denkhaus/knot/internal/commands/project/commands.go:280.32,281.15 1 0
github.com/denkhaus/knot/internal/commands/project/commands.go:281.15,283.7 1 0
github.com/denkhaus/knot/internal/commands/project/commands.go:283.12,283.23 1 0
github.com/denkhaus/knot/internal/commands/project/commands.go:283.23,285.12 2 0
github.com/denkhaus/knot/internal/commands/project/commands.go:288.5,288.68 1 0
github.com/denkhaus/knot/internal/commands/project/commands.go:292.4,293.18 2 0
github.com/denkhaus/knot/internal/commands/project/commands.go:293.18,300.5 1 0
github.com/denkhaus/knot/internal/commands/project/commands.go:302.4,307.14 5 0
github.com/denkhaus/knot/internal/repository/sqlite/config.go:16.38,18.16 2 6
github.com/denkhaus/knot/internal/repository/sqlite/config.go:18.16,20.3 1 0
github.com/denkhaus/knot/internal/repository/sqlite/config.go:22.2,23.24 2 6
github.com/denkhaus/knot/internal/repository/sqlite/config.go:27.41,29.16 2 6
github.com/denkhaus/knot/internal/repository/sqlite/config.go:29.16,31.3 1 0
github.com/denkhaus/knot/internal/repository/sqlite/config.go:34.2,34.54 1 6
github.com/denkhaus/knot/internal/repository/sqlite/config.go:34.54,36.3 1 0
github.com/denkhaus/knot/internal/repository/sqlite/config.go:38.2,38.24 1 6
github.com/denkhaus/knot/internal/repository/sqlite/config.go:43.40,45.16 2 6
github.com/denkhaus/knot/internal/repository/sqlite/config.go:45.16,47.3 1 0
github.com/denkhaus/knot/internal/repository/sqlite/config.go:49.2,53.49 3 6
github.com/denkhaus/knot/internal/repository/sqlite/config.go:53.49,54.52 1 0
github.com/denkhaus/knot/internal/repository/sqlite/config.go:54.52,56.58 1 0
github.com/denkhaus/knot/internal/repository/sqlite/config.go:56.58,59.5 1 0
github.com/denkhaus/knot/internal/repository/sqlite/config.go:63.2,63.20 1 6
github.com/denkhaus/knot/internal/repository/sqlite/config.go:67.50,69.16 2 6
github.com/denkhaus/knot/internal/repository/sqlite/config.go:69.16,71.3 1 0
github.com/denkhaus/knot/internal/repository/sqlite/config.go:74.2,74.20 1 6
github.com/denkhaus/knot/internal/repository/sqlite/dependency_operations.go:17.133,19.67 2 0
github.com/denkhaus/knot/internal/repository/sqlite/dependency_operations.go:19.67,22.17 2 0
github.com/denkhaus/knot/internal/repository/sqlite/dependency_operations.go:22.17,23.27 1 0
github.com/denkhaus/knot/internal/repository/sqlite/dependency_operations.go:23.27,25.5 1 0
github.com/denkhaus/knot/internal/repository/sqlite/dependency_operations.go:26.4,26.52 1 0
github.com/denkhaus/knot/internal/repository/sqlite/dependency_operations.go:29.3,30.17 2 0
github.com/denkhaus/knot/internal/repository/sqlite/dependency_operations.go:30.17,31.27 1 0
github.com/denkhaus/knot/internal/repository/sqlite/dependency_operations.go:31.27,33.5 1 0
github.com/denkhaus/knot/internal/repository/sqlite/dependency_operations.go:34.4,34.63 1 0
github.com/denkhaus/knot/internal/repository/sqlite/dependency_operations.go:37.3,37.48 1 0
github.com/denkhaus/knot/internal/repository/sqlite/dependency_operations.go:37.48,39.4 1 0
github.com/denkhaus/knot/internal/repository/sqlite/dependency_operations.go:42.3,48.17 2 0
github.com/denkhaus/knot/internal/repository/sqlite/dependency_operations.go:48.17,50.4 1 0
github.com/denkhaus/knot/internal/repository/sqlite/dependency_operations.go:51.3,51.13 1 0
github.com/denkhaus/knot/internal/repository/sqlite/dependency_operations.go:51.13,53.4 1 0
github.com/denkhaus/knot/internal/repository/sqlite/dependency_operations.go:56.3,56.113 1 0
github.com/denkhaus/knot/internal/repository/sqlite/dependency_operations.go:56.113,58.4 1 0
github.com/denkhaus/knot/internal/repository/sqlite/dependency_operations.go:61.3,65.17 2 0
github.com/denkhaus/knot/internal/repository/sqlite/dependency_operations.go:65.17,67.4 1 0
github.com/denkhaus/knot/internal/repository/sqlite/dependency_operations.go:70.3,71.13 2 0
github.com/denkhaus/knot/internal/repository/sqlite/dependency_operations.go:73.2,73.20 1 0
github.com/denkhaus/knot/internal/repository/sqlite/dependency_operations.go:77.136,79.67 2 0
github.com/denkhaus/knot/internal/repository/sqlite/dependency_operations.go:79.67,82.17 2 0
github.com/denkhaus/knot/internal/repository/sqlite/dependency_operations.go:82.17,83.27 1 0
github.com/denkhaus/knot/internal/repository/sqlite/dependency_operations.go:83.27,85.5 1 0
github.com/denkhaus/knot/internal/repository/sqlite/dependency_operations.go:86.4,86.52 1 0
github.com/denkhaus/knot/internal/repository/sqlite/dependency_operations.go:90.3,96.17 2 0
github.com/denkhaus/knot/internal/repository/sqlite/dependency_operations.go:96.17,98.4 1 0
github.com/denkhaus/knot/internal/repository/sqlite/dependency_operations.go:100.3,100.24 1 0
github.com/denkhaus/knot/internal/repository/sqlite/dependency_operations.go:100.24,102.4 1 0
github.com/denkhaus/knot/internal/repository/sqlite/dependency_operations.go:105.3,106.13 2 0
github.com/denkhaus/knot/internal/repository/sqlite/dependency_operations.go:108.2,108.20 1 0
github.com/denkhaus/knot/internal/repository/sqlite/dependency_operations.go:112.110,118.16 2 0
github.com/denkhaus/knot/internal/repository/sqlite/dependency_operations.go:118.16,120.3 1 0
github.com/denkhaus/knot/internal/repository/sqlite/dependency_operations.go:122.2,122.33 1 0
github.com/denkhaus/knot/internal/repository/sqlite/dependency_operations.go:122.33,124.3 1 0
github.com/denkhaus/knot/internal/repository/sqlite/dependency_operations.go:127.2,128.40 2 0
github.com/denkhaus/knot/internal/repository/sqlite/dependency_operations.go:128.40,130.3 1 0
github.com/denkhaus/knot/internal/repository/sqlite/dependency_operations.go:133.2,137.16 2 0
github.com/denkhaus/knot/internal/repository/sqlite/dependency_operations.go:137.16,139.3 1 0
github.com/denkhaus/knot/internal/repository/sqlite/dependency_operations.go:141.2,142.35 2 0
github.com/denkhaus/knot/internal/repository/sqlite/dependency_operations.go:142.35,144.3 1 0
github.com/denkhaus/knot/internal/repository/sqlite/dependency_operations.go:146.2,146.19 1 0
github.com/denkhaus/knot/internal/repository/sqlite/dependency_operations.go:150.108,156.16 2 0
github.com/denkhaus/knot/internal/repository/sqlite/dependency_operations.go:156.16,158.3 1 0
github.com/denkhaus/knot/internal/repository/sqlite/dependency_operations.go:160.2,160.32 1 0
github.com/denkhaus/knot/internal/repository/sqlite/dependency_operations.go:160.32,162.3 1 0
github.com/denkhaus/knot/internal/repository/sqlite/dependency_operations.go:165.2,166.39 2 0
github.com/denkhaus/knot/internal/repository/sqlite/dependency_operations.go:166.39,168.3 1 0
github.com/denkhaus/knot/internal/repository/sqlite/dependency_operations.go:171.2,175.16 2 0
github.com/denkhaus/knot/internal/repository/sqlite/dependency_operations.go:175.16,177.3 1 0
github.com/denkhaus/knot/internal/repository/sqlite/dependency_operations.go:179.2,180.35 2 0
github.com/denkhaus/knot/internal/repository/sqlite/dependency_operations.go:180.35,182.3 1 0
github.com/denkhaus/knot/internal/repository/sqlite/dependency_operations.go:184.2,184.19 1 0
github.com/denkhaus/knot/internal/repository/sqlite/dependency_operations.go:188.153,190.28 1 0
github.com/denkhaus/knot/internal/repository/sqlite/dependency_operations.go:190.28,192.3 1 0
github.com/denkhaus/knot/internal/repository/sqlite/dependency_operations.go:195.2,195.23 1 0
github.com/denkhaus/knot/internal/repository/sqlite/dependency_operations.go:195.23,197.3 1 0
github.com/denkhaus/knot/internal/repository/sqlite/dependency_operations.go:199.2,206.16 3 0
github.com/denkhaus/knot/internal/repository/sqlite/dependency_operations.go:206.16,208.3 1 0
github.com/denkhaus/knot/internal/repository/sqlite/dependency_operations.go:211.2,211.35 1 0
github.com/denkhaus/knot/internal/repository/sqlite/dependency_operations.go:211.35,212.104 1 0
github.com/denkhaus/knot/internal/repository/sqlite/dependency_operations.go:212.104,214.4 1 0
github.com/denkhaus/knot/internal/repository/sqlite/dependency_operations.go:217.2,217.12 1 0
github.com/denkhaus/knot/internal/repository/sqlite/dependency_operations.go:221.112,225.16 2 0
github.com/denkhaus/knot/internal/repository/sqlite/dependency_operations.go:225.16,226.26 1 0
github.com/denkhaus/knot/internal/repository/sqlite/dependency_operations.go:226.26,228.4 1 0
github.com/denkhaus/knot/internal/repository/sqlite/dependency_operations.go:229.3,229.71 1 0
github.com/denkhaus/knot/internal/repository/sqlite/dependency_operations.go:232.2,238.16 3 0
github.com/denkhaus/knot/internal/repository/sqlite/dependency_operations.go:238.16,240.3 1 0
github.com/denkhaus/knot/internal/repository/sqlite/dependency_operations.go:241.2,248.16 3 0
github.com/denkhaus/knot/internal/repository/sqlite/dependency_operations.go:248.16,250.3 1 0
github.com/denkhaus/knot/internal/repository/sqlite/dependency_operations.go:251.2,253.18 2 0
github.com/denkhaus/knot/internal/repository/sqlite/errors.go:31.42,32.20 1 0
github.com/denkhaus/knot/internal/repository/sqlite/errors.go:32.20,34.3 1 0
github.com/denkhaus/knot/internal/repository/sqlite/errors.go:35.2,35.18 1 0
github.com/denkhaus/knot/internal/repository/sqlite/errors.go:39.42,41.2 1 0
github.com/denkhaus/knot/internal/repository/sqlite/errors.go:44.49,45.45 1 0
github.com/denkhaus/knot/internal/repository/sqlite/errors.go:45.45,47.3 1 0
github.com/denkhaus/knot/internal/repository/sqlite/errors.go:48.2,48.14 1 0
github.com/denkhaus/knot/internal/repository/sqlite/errors.go:54.66,59.2 1 5
github.com/denkhaus/knot/internal/repository/sqlite/errors.go:62.83,68.2 1 0
github.com/denkhaus/knot/internal/repository/sqlite/errors.go:71.66,76.2 1 0
github.com/denkhaus/knot/internal/repository/sqlite/errors.go:79.62,84.2 1 0
github.com/denkhaus/knot/internal/repository/sqlite/errors.go:87.62,92.2 1 0
github.com/denkhaus/knot/internal/repository/sqlite/errors.go:95.71,101.2 1 0
github.com/denkhaus/knot/internal/repository/sqlite/errors.go:104.72,110.2 1 0
github.com/denkhaus/knot/internal/repository/sqlite/errors.go:113.70,119.2 1 0
github.com/denkhaus/knot/internal/repository/sqlite/errors.go:122.71,128.2 1 0
github.com/denkhaus/knot/internal/repository/sqlite/errors.go:133.38,136.2 2 0
github.com/denkhaus/knot/internal/repository/sqlite/errors.go:139.49,142.2 2 0
github.com/denkhaus/knot/internal/repository/sqlite/errors.go:145.48,148.2 2 0
github.com/denkhaus/knot/internal/repository/sqlite/errors.go:151.46,154.2 2 0
github.com/denkhaus/knot/internal/repository/sqlite/errors.go:157.46,160.2 2 0
github.com/denkhaus/knot/internal/repository/sqlite/errors.go:163.40,166.2 2 0
github.com/denkhaus/knot/internal/repository/sqlite/errors.go:169.41,172.2 2 0
github.com/denkhaus/knot/internal/repository/sqlite/errors.go:175.39,178.2 2 0
github.com/denkhaus/knot/internal/repository/sqlite/errors.go:181.40,184.2 2 0
github.com/denkhaus/knot/internal/repository/sqlite/health.go:28.84,36.16 3 0
github.com/denkhaus/knot/internal/repository/sqlite/health.go:36.16,39.3 2 0
github.com/denkhaus/knot/internal/repository/sqlite/health.go:42.2,43.44 2 0
github.com/denkhaus/knot/internal/repository/sqlite/health.go:43.44,46.3 2 0
github.com/denkhaus/knot/internal/repository/sqlite/health.go:47.2,57.50 7 0
github.com/denkhaus/knot/internal/repository/sqlite/health.go:57.50,60.3 2 0
github.com/denkhaus/knot/internal/repository/sqlite/health.go:63.2,63.63 1 0
github.com/denkhaus/knot/internal/repository/sqlite/health.go:63.63,66.3 1 0
github.com/denkhaus/knot/internal/repository/sqlite/health.go:68.2,69.20 2 0
github.com/denkhaus/knot/internal/repository/sqlite/health.go:73.60,75.16 2 0
github.com/denkhaus/knot/internal/repository/sqlite/health.go:75.16,77.3 1 0
github.com/denkhaus/knot/internal/repository/sqlite/health.go:79.2,79.28 1 0
github.com/denkhaus/knot/internal/repository/sqlite/health.go:83.74,85.16 2 0
github.com/denkhaus/knot/internal/repository/sqlite/health.go:85.16,87.3 1 0
github.com/denkhaus/knot/internal/repository/sqlite/health.go:89.2,89.21 1 0
github.com/denkhaus/knot/internal/repository/sqlite/health.go:89.21,91.3 1 0
github.com/denkhaus/knot/internal/repository/sqlite/health.go:94.2,94.38 1 0
github.com/denkhaus/knot/internal/repository/sqlite/health.go:94.38,97.3 1 0
github.com/denkhaus/knot/internal/repository/sqlite/health.go:99.2,99.33 1 0
github.com/denkhaus/knot/internal/repository/sqlite/health.go:99.33,101.3 1 0
github.com/denkhaus/knot/internal/repository/sqlite/health.go:103.2,108.12 2 0
github.com/denkhaus/knot/internal/repository/sqlite/health.go:112.63,113.21 1 0
github.com/denkhaus/knot/internal/repository/sqlite/health.go:113.21,115.3 1 0
github.com/denkhaus/knot/internal/repository/sqlite/health.go:119.2,119.83 1 0
github.com/denkhaus/knot/internal/repository/sqlite/health.go:123.82,127.16 3 0
github.com/denkhaus/knot/internal/repository/sqlite/health.go:127.16,129.3 1 0
github.com/denkhaus/knot/internal/repository/sqlite/health.go:131.2,131.17 1 0
github.com/denkhaus/knot/internal/repository/sqlite/health.go:131.17,133.3 1 0
github.com/denkhaus/knot/internal/repository/sqlite/health.go:135.2,135.12 1 0
github.com/denkhaus/knot/internal/repository/sqlite/health.go:139.109,150.35 2 0
github.com/denkhaus/knot/internal/repository/sqlite/health.go:150.35,153.17 3 0
github.com/denkhaus/knot/internal/repository/sqlite/health.go:153.17,157.12 2 0
github.com/denkhaus/knot/internal/repository/sqlite/health.go:160.3,160.27 1 0
github.com/denkhaus/knot/internal/repository/sqlite/health.go:160.27,162.4 1 0
github.com/denkhaus/knot/internal/repository/sqlite/health.go:164.3,167.45 1 0
github.com/denkhaus/knot/internal/repository/sqlite/health.go:170.2,170.12 1 0
github.com/denkhaus/knot/internal/repository/sqlite/health.go:174.91,178.6 3 0
github.com/denkhaus/knot/internal/repository/sqlite/health.go:178.6,179.10 1 0
github.com/denkhaus/knot/internal/repository/sqlite/health.go:180.21,182.10 2 0
github.com/denkhaus/knot/internal/repository/sqlite/health.go:183.19,185.18 2 0
github.com/denkhaus/knot/internal/repository/sqlite/health.go:185.18,187.13 2 0
github.com/denkhaus/knot/internal/repository/sqlite/health.go:190.4,190.23 1 0
github.com/denkhaus/knot/internal/repository/sqlite/health.go:190.23,194.5 1 0
github.com/denkhaus/knot/internal/repository/sqlite/health.go:194.10,198.5 1 0
github.com/denkhaus/knot/internal/repository/sqlite/mappers.go:14.58,26.2 1 34
github.com/denkhaus/knot/internal/repository/sqlite/mappers.go:29.89,35.22 2 8
github.com/denkhaus/knot/internal/repository/sqlite/mappers.go:35.22,37.3 1 8
github.com/denkhaus/knot/internal/repository/sqlite/mappers.go:38.2,38.27 1 8
github.com/denkhaus/knot/internal/repository/sqlite/mappers.go:38.27,40.3 1 8
github.com/denkhaus/knot/internal/repository/sqlite/mappers.go:41.2,41.27 1 8
github.com/denkhaus/knot/internal/repository/sqlite/mappers.go:41.27,43.3 1 8
github.com/denkhaus/knot/internal/repository/sqlite/mappers.go:44.2,44.22 1 8
github.com/denkhaus/knot/internal/repository/sqlite/mappers.go:44.22,46.3 1 0
github.com/denkhaus/knot/internal/repository/sqlite/mappers.go:47.2,47.26 1 8
github.com/denkhaus/knot/internal/repository/sqlite/mappers.go:47.26,49.3 1 0
github.com/denkhaus/knot/internal/repository/sqlite/mappers.go:50.2,50.20 1 8
github.com/denkhaus/knot/internal/repository/sqlite/mappers.go:50.20,52.3 1 0
github.com/denkhaus/knot/internal/repository/sqlite/mappers.go:54.2,54.15 1 8
github.com/denkhaus/knot/internal/repository/sqlite/mappers.go:60.46,74.24 2 7
github.com/denkhaus/knot/internal/repository/sqlite/mappers.go:74.24,76.3 1 0
github.com/denkhaus/knot/internal/repository/sqlite/mappers.go:77.2,77.24 1 7
github.com/denkhaus/knot/internal/repository/sqlite/mappers.go:77.24,79.3 1 0
github.com/denkhaus/knot/internal/repository/sqlite/mappers.go:80.2,80.29 1 7
github.com/denkhaus/knot/internal/repository/sqlite/mappers.go:80.29,82.3 1 0
github.com/denkhaus/knot/internal/repository/sqlite/mappers.go:83.2,83.27 1 7
github.com/denkhaus/knot/internal/repository/sqlite/mappers.go:83.27,85.3 1 0
github.com/denkhaus/knot/internal/repository/sqlite/mappers.go:88.2,91.19 3 7
github.com/denkhaus/knot/internal/repository/sqlite/mappers.go:95.77,104.22 2 11
github.com/denkhaus/knot/internal/repository/sqlite/mappers.go:104.22,106.3 1 11
github.com/denkhaus/knot/internal/repository/sqlite/mappers.go:107.2,107.23 1 11
github.com/denkhaus/knot/internal/repository/sqlite/mappers.go:107.23,109.3 1 0
github.com/denkhaus/knot/internal/repository/sqlite/mappers.go:110.2,110.23 1 11
github.com/denkhaus/knot/internal/repository/sqlite/mappers.go:110.23,112.3 1 0
github.com/denkhaus/knot/internal/repository/sqlite/mappers.go:113.2,113.28 1 11
github.com/denkhaus/knot/internal/repository/sqlite/mappers.go:113.28,115.3 1 0
github.com/denkhaus/knot/internal/repository/sqlite/mappers.go:116.2,116.27 1 11
github.com/denkhaus/knot/internal/repository/sqlite/mappers.go:116.27,118.3 1 11
github.com/denkhaus/knot/internal/repository/sqlite/mappers.go:119.2,119.27 1 11
github.com/denkhaus/knot/internal/repository/sqlite/mappers.go:119.27,121.3 1 11
github.com/denkhaus/knot/internal/repository/sqlite/mappers.go:122.2,122.26 1 11
github.com/denkhaus/knot/internal/repository/sqlite/mappers.go:122.26,124.3 1 0
github.com/denkhaus/knot/internal/repository/sqlite/mappers.go:126.2,126.15 1 11
github.com/denkhaus/knot/internal/repository/sqlite/mappers.go:130.87,138.23 2 1
github.com/denkhaus/knot/internal/repository/sqlite/mappers.go:138.23,140.3 1 0
github.com/denkhaus/knot/internal/repository/sqlite/mappers.go:140.8,142.3 1 1
github.com/denkhaus/knot/internal/repository/sqlite/mappers.go:144.2,144.28 1 1
github.com/denkhaus/knot/internal/repository/sqlite/mappers.go:144.28,146.3 1 0
github.com/denkhaus/knot/internal/repository/sqlite/mappers.go:146.8,148.3 1 1
github.com/denkhaus/knot/internal/repository/sqlite/mappers.go:150.2,150.26 1 1
github.com/denkhaus/knot/internal/repository/sqlite/mappers.go:150.26,152.3 1 0
github.com/denkhaus/knot/internal/repository/sqlite/mappers.go:152.8,154.3 1 1
github.com/denkhaus/knot/internal/repository/sqlite/mappers.go:156.2,156.15 1 1
github.com/denkhaus/knot/internal/repository/sqlite/mappers.go:162.83,164.35 2 2
github.com/denkhaus/knot/internal/repository/sqlite/mappers.go:164.35,166.3 1 0
github.com/denkhaus/knot/internal/repository/sqlite/mappers.go:167.2,167.12 1 2
github.com/denkhaus/knot/internal/repository/sqlite/mappers.go:171.79,173.33 2 2
github.com/denkhaus/knot/internal/repository/sqlite/mappers.go:173.33,175.3 1 0
github.com/denkhaus/knot/internal/repository/sqlite/mappers.go:176.2,176.12 1 2
github.com/denkhaus/knot/internal/repository/sqlite/mappers.go:182.73,184.33 2 1
github.com/denkhaus/knot/internal/repository/sqlite/mappers.go:184.33,186.3 1 32
github.com/denkhaus/knot/internal/repository/sqlite/mappers.go:187.2,187.17 1 1
github.com/denkhaus/knot/internal/repository/sqlite/mappers.go:191.58,193.30 2 0
github.com/denkhaus/knot/internal/repository/sqlite/mappers.go:193.30,195.3 1 0
github.com/denkhaus/knot/internal/repository/sqlite/mappers.go:196.2,196.14 1 0
github.com/denkhaus/knot/internal/repository/sqlite/mappers.go:202.76,203.68 1 0
github.com/denkhaus/knot/internal/repository/sqlite/mappers.go:203.68,205.3 1 0
github.com/denkhaus/knot/internal/repository/sqlite/mappers.go:206.2,206.28 1 0
github.com/denkhaus/knot/internal/repository/sqlite/mappers.go:206.28,207.59 1 0
github.com/denkhaus/knot/internal/repository/sqlite/mappers.go:207.59,209.4 1 0
github.com/denkhaus/knot/internal/repository/sqlite/mappers.go:210.3,210.65 1 0
github.com/denkhaus/knot/internal/repository/sqlite/mappers.go:210.65,212.4 1 0
github.com/denkhaus/knot/internal/repository/sqlite/mappers.go:214.2,214.73 1 0
github.com/denkhaus/knot/internal/repository/sqlite/mappers.go:214.73,216.3 1 0
github.com/denkhaus/knot/internal/repository/sqlite/mappers.go:217.2,217.61 1 0
github.com/denkhaus/knot/internal/repository/sqlite/mappers.go:217.61,219.3 1 0
github.com/denkhaus/knot/internal/repository/sqlite/mappers.go:220.2,220.61 1 0
github.com/denkhaus/knot/internal/repository/sqlite/mappers.go:220.61,222.3 1 0
github.com/denkhaus/knot/internal/repository/sqlite/mappers.go:223.2,223.76 1 0
github.com/denkhaus/knot/internal/repository/sqlite/mappers.go:223.76,225.3 1 0
github.com/denkhaus/knot/internal/repository/sqlite/mappers.go:226.2,226.76 1 0
github.com/denkhaus/knot/internal/repository/sqlite/mappers.go:226.76,228.3 1 0
github.com/denkhaus/knot/internal/repository/sqlite/mappers.go:229.2,229.13 1 0
github.com/denkhaus/knot/internal/repository/sqlite/mappers.go:235.69,236.15 1 9
github.com/denkhaus/knot/internal/repository/sqlite/mappers.go:237.32,238.29 1 0
github.com/denkhaus/knot/internal/repository/sqlite/mappers.go:239.35,240.32 1 0
github.com/denkhaus/knot/internal/repository/sqlite/mappers.go:241.34,242.31 1 0
github.com/denkhaus/knot/internal/repository/sqlite/mappers.go:243.41,244.38 1 0
github.com/denkhaus/knot/internal/repository/sqlite/mappers.go:245.10,246.29 1 9
github.com/denkhaus/knot/internal/repository/sqlite/mappers.go:251.62,252.15 1 34
github.com/denkhaus/knot/internal/repository/sqlite/mappers.go:253.16,254.34 1 34
github.com/denkhaus/knot/internal/repository/sqlite/mappers.go:255.19,256.37 1 0
github.com/denkhaus/knot/internal/repository/sqlite/mappers.go:257.18,258.36 1 0
github.com/denkhaus/knot/internal/repository/sqlite/mappers.go:259.26,260.43 1 0
github.com/denkhaus/knot/internal/repository/sqlite/mappers.go:261.10,262.34 1 0
github.com/denkhaus/knot/internal/repository/sqlite/options.go:25.30,38.2 1 6
github.com/denkhaus/knot/internal/repository/sqlite/options.go:44.40,45.35 1 0
github.com/denkhaus/knot/internal/repository/sqlite/options.go:45.35,47.3 1 0
github.com/denkhaus/knot/internal/repository/sqlite/options.go:51.43,52.35 1 6
github.com/denkhaus/knot/internal/repository/sqlite/options.go:52.35,54.3 1 6
github.com/denkhaus/knot/internal/repository/sqlite/options.go:58.44,59.35 1 5
github.com/denkhaus/knot/internal/repository/sqlite/options.go:59.35,61.3 1 5
github.com/denkhaus/knot/internal/repository/sqlite/options.go:65.42,66.35 1 6
github.com/denkhaus/knot/internal/repository/sqlite/options.go:66.35,68.3 1 6
github.com/denkhaus/knot/internal/repository/sqlite/options.go:72.54,73.35 1 1
github.com/denkhaus/knot/internal/repository/sqlite/options.go:73.35,76.3 2 1
github.com/denkhaus/knot/internal/repository/sqlite/options.go:80.76,81.35 1 1
github.com/denkhaus/knot/internal/repository/sqlite/options.go:81.35,84.3 2 1
github.com/denkhaus/knot/internal/repository/sqlite/options.go:88.57,89.35 1 0
github.com/denkhaus/knot/internal/repository/sqlite/options.go:89.35,91.3 1 0
github.com/denkhaus/knot/internal/repository/sqlite/pool_optimization.go:11.32,15.77 2 6
github.com/denkhaus/knot/internal/repository/sqlite/pool_optimization.go:15.77,16.74 1 0
github.com/denkhaus/knot/internal/repository/sqlite/pool_optimization.go:16.74,18.4 1 0
github.com/denkhaus/knot/internal/repository/sqlite/pool_optimization.go:21.2,21.77 1 6
github.com/denkhaus/knot/internal/repository/sqlite/pool_optimization.go:21.77,22.74 1 0
github.com/denkhaus/knot/internal/repository/sqlite/pool_optimization.go:22.74,24.4 1 0
github.com/denkhaus/knot/internal/repository/sqlite/pool_optimization.go:28.2,30.15 2 6
github.com/denkhaus/knot/internal/repository/sqlite/pool_optimization.go:34.48,44.30 2 6
github.com/denkhaus/knot/internal/repository/sqlite/pool_optimization.go:44.30,49.3 3 6
github.com/denkhaus/knot/internal/repository/sqlite/pool_optimization.go:52.2,52.33 1 6
github.com/denkhaus/knot/internal/repository/sqlite/pool_optimization.go:52.33,55.3 1 6
github.com/denkhaus/knot/internal/repository/sqlite/pool_optimization.go:58.2,58.46 1 6
github.com/denkhaus/knot/internal/repository/sqlite/pool_optimization.go:58.46,60.3 1 6
github.com/denkhaus/knot/internal/repository/sqlite/pool_optimization.go:62.2,62.15 1 6
github.com/denkhaus/knot/internal/repository/sqlite/pool_optimization.go:66.68,69.22 2 0
github.com/denkhaus/knot/internal/repository/sqlite/pool_optimization.go:70.25,74.37 3 0
github.com/denkhaus/knot/internal/repository/sqlite/pool_optimization.go:76.26,80.44 3 0
github.com/denkhaus/knot/internal/repository/sqlite/pool_optimization.go:82.21,86.44 3 0
github.com/denkhaus/knot/internal/repository/sqlite/pool_optimization.go:88.21,93.41 4 0
github.com/denkhaus/knot/internal/repository/sqlite/pool_optimization.go:96.2,96.15 1 0
github.com/denkhaus/knot/internal/repository/sqlite/pool_optimization.go:110.24,111.11 1 12
github.com/denkhaus/knot/internal/repository/sqlite/pool_optimization.go:111.11,113.3 1 0
github.com/denkhaus/knot/internal/repository/sqlite/pool_optimization.go:114.2,114.10 1 12
github.com/denkhaus/knot/internal/repository/sqlite/project_operations.go:17.93,19.16 2 8
github.com/denkhaus/knot/internal/repository/sqlite/project_operations.go:19.16,21.3 1 0
github.com/denkhaus/knot/internal/repository/sqlite/project_operations.go:22.2,22.12 1 8
github.com/denkhaus/knot/internal/repository/sqlite/project_operations.go:26.98,28.16 2 4
github.com/denkhaus/knot/internal/repository/sqlite/project_operations.go:28.16,29.26 1 2
github.com/denkhaus/knot/internal/repository/sqlite/project_operations.go:29.26,31.4 1 2
github.com/denkhaus/knot/internal/repository/sqlite/project_operations.go:32.3,32.45 1 0
github.com/denkhaus/knot/internal/repository/sqlite/project_operations.go:34.2,34.45 1 2
github.com/denkhaus/knot/internal/repository/sqlite/project_operations.go:38.93,49.16 2 1
github.com/denkhaus/knot/internal/repository/sqlite/project_operations.go:49.16,50.26 1 0
github.com/denkhaus/knot/internal/repository/sqlite/project_operations.go:50.26,52.4 1 0
github.com/denkhaus/knot/internal/repository/sqlite/project_operations.go:53.3,53.43 1 0
github.com/denkhaus/knot/internal/repository/sqlite/project_operations.go:55.2,55.12 1 1
github.com/denkhaus/knot/internal/repository/sqlite/project_operations.go:59.83,60.67 1 1
github.com/denkhaus/knot/internal/repository/sqlite/project_operations.go:60.67,65.41 2 1
github.com/denkhaus/knot/internal/repository/sqlite/project_operations.go:65.41,67.4 1 0
github.com/denkhaus/knot/internal/repository/sqlite/project_operations.go:69.3,69.23 1 1
github.com/denkhaus/knot/internal/repository/sqlite/project_operations.go:69.23,77.18 2 0
github.com/denkhaus/knot/internal/repository/sqlite/project_operations.go:77.18,79.5 1 0
github.com/denkhaus/knot/internal/repository/sqlite/project_operations.go:82.4,85.18 2 0
github.com/denkhaus/knot/internal/repository/sqlite/project_operations.go:85.18,87.5 1 0
github.com/denkhaus/knot/internal/repository/sqlite/project_operations.go:91.3,92.17 2 1
github.com/denkhaus/knot/internal/repository/sqlite/project_operations.go:92.17,93.27 1 0
github.com/denkhaus/knot/internal/repository/sqlite/project_operations.go:93.27,95.5 1 0
github.com/denkhaus/knot/internal/repository/sqlite/project_operations.go:96.4,96.58 1 0
github.com/denkhaus/knot/internal/repository/sqlite/project_operations.go:99.3,99.13 1 1
github.com/denkhaus/knot/internal/repository/sqlite/project_operations.go:104.88,108.16 2 1
github.com/denkhaus/knot/internal/repository/sqlite/project_operations.go:108.16,110.3 1 0
github.com/denkhaus/knot/internal/repository/sqlite/project_operations.go:112.2,112.48 1 1
github.com/denkhaus/knot/internal/repository/sqlite/project_operations.go:116.97,125.16 4 0
github.com/denkhaus/knot/internal/repository/sqlite/project_operations.go:125.16,127.3 1 0
github.com/denkhaus/knot/internal/repository/sqlite/project_operations.go:130.2,136.16 2 0
github.com/denkhaus/knot/internal/repository/sqlite/project_operations.go:136.16,138.3 1 0
github.com/denkhaus/knot/internal/repository/sqlite/project_operations.go:141.2,142.20 2 0
github.com/denkhaus/knot/internal/repository/sqlite/project_operations.go:142.20,144.3 1 0
github.com/denkhaus/knot/internal/repository/sqlite/project_operations.go:147.2,153.16 2 0
github.com/denkhaus/knot/internal/repository/sqlite/project_operations.go:153.16,155.3 1 0
github.com/denkhaus/knot/internal/repository/sqlite/project_operations.go:157.2,157.12 1 0
github.com/denkhaus/knot/internal/repository/sqlite/project_operations.go:161.113,170.16 4 9
github.com/denkhaus/knot/internal/repository/sqlite/project_operations.go:170.16,172.3 1 0
github.com/denkhaus/knot/internal/repository/sqlite/project_operations.go:175.2,181.16 2 9
github.com/denkhaus/knot/internal/repository/sqlite/project_operations.go:181.16,183.3 1 0
github.com/denkhaus/knot/internal/repository/sqlite/project_operations.go:186.2,187.20 2 9
github.com/denkhaus/knot/internal/repository/sqlite/project_operations.go:187.20,189.3 1 9
github.com/denkhaus/knot/internal/repository/sqlite/project_operations.go:192.2,198.16 2 9
github.com/denkhaus/knot/internal/repository/sqlite/project_operations.go:198.16,200.3 1 0
github.com/denkhaus/knot/internal/repository/sqlite/project_operations.go:202.2,202.12 1 9
github.com/denkhaus/knot/internal/repository/sqlite/repository.go:23.62,31.27 3 6
github.com/denkhaus/knot/internal/repository/sqlite/repository.go:31.27,33.3 1 19
github.com/denkhaus/knot/internal/repository/sqlite/repository.go:35.2,35.42 1 6
github.com/denkhaus/knot/internal/repository/sqlite/repository.go:35.42,37.3 1 0
github.com/denkhaus/knot/internal/repository/sqlite/repository.go:39.2,39.18 1 6
github.com/denkhaus/knot/internal/repository/sqlite/repository.go:43.47,46.16 2 6
github.com/denkhaus/knot/internal/repository/sqlite/repository.go:46.16,48.3 1 0
github.com/denkhaus/knot/internal/repository/sqlite/repository.go:50.2,53.16 3 6
github.com/denkhaus/knot/internal/repository/sqlite/repository.go:53.16,55.3 1 0
github.com/denkhaus/knot/internal/repository/sqlite/repository.go:58.2,58.59 1 6
github.com/denkhaus/knot/internal/repository/sqlite/repository.go:58.59,60.3 1 0
github.com/denkhaus/knot/internal/repository/sqlite/repository.go:63.2,69.56 5 6
github.com/denkhaus/knot/internal/repository/sqlite/repository.go:69.56,71.3 1 0
github.com/denkhaus/knot/internal/repository/sqlite/repository.go:74.2,78.26 3 6
github.com/denkhaus/knot/internal/repository/sqlite/repository.go:78.26,82.53 3 6
github.com/denkhaus/knot/internal/repository/sqlite/repository.go:82.53,84.4 1 0
github.com/denkhaus/knot/internal/repository/sqlite/repository.go:87.2,87.12 1 6
github.com/denkhaus/knot/internal/repository/sqlite/repository.go:91.42,92.21 1 6
github.com/denkhaus/knot/internal/repository/sqlite/repository.go:92.21,94.3 1 6
github.com/denkhaus/knot/internal/repository/sqlite/repository.go:95.2,95.12 1 0
github.com/denkhaus/knot/internal/repository/sqlite/repository.go:99.72,100.16 1 0
github.com/denkhaus/knot/internal/repository/sqlite/repository.go:100.16,102.3 1 0
github.com/denkhaus/knot/internal/repository/sqlite/repository.go:104.2,104.25 1 0
github.com/denkhaus/knot/internal/repository/sqlite/repository.go:104.25,106.3 1 0
github.com/denkhaus/knot/internal/repository/sqlite/repository.go:108.2,108.32 1 0
github.com/denkhaus/knot/internal/repository/sqlite/repository.go:108.32,110.3 1 0
github.com/denkhaus/knot/internal/repository/sqlite/repository.go:113.2,113.89 1 0
github.com/denkhaus/knot/internal/repository/sqlite/repository.go:117.75,131.36 2 6
github.com/denkhaus/knot/internal/repository/sqlite/repository.go:131.36,132.48 1 42
github.com/denkhaus/knot/internal/repository/sqlite/repository.go:132.48,138.4 1 0
github.com/denkhaus/knot/internal/repository/sqlite/repository.go:138.9,141.4 1 42
github.com/denkhaus/knot/internal/repository/sqlite/repository.go:144.2,144.12 1 6
github.com/denkhaus/knot/internal/repository/sqlite/repository.go:148.72,150.34 1 6
github.com/denkhaus/knot/internal/repository/sqlite/repository.go:150.34,152.3 1 0
github.com/denkhaus/knot/internal/repository/sqlite/repository.go:155.2,156.62 2 6
github.com/denkhaus/knot/internal/repository/sqlite/repository.go:156.62,158.3 1 0
github.com/denkhaus/knot/internal/repository/sqlite/repository.go:160.2,160.17 1 6
github.com/denkhaus/knot/internal/repository/sqlite/repository.go:160.17,162.3 1 0
github.com/denkhaus/knot/internal/repository/sqlite/repository.go:165.2,171.49 2 6
github.com/denkhaus/knot/internal/repository/sqlite/repository.go:171.49,173.3 1 0
github.com/denkhaus/knot/internal/repository/sqlite/repository.go:176.2,176.81 1 6
github.com/denkhaus/knot/internal/repository/sqlite/repository.go:176.81,179.3 1 0
github.com/denkhaus/knot/internal/repository/sqlite/repository.go:181.2,182.12 2 6
github.com/denkhaus/knot/internal/repository/sqlite/task_operations.go:19.84,20.67 1 12
github.com/denkhaus/knot/internal/repository/sqlite/task_operations.go:20.67,23.17 2 12
github.com/denkhaus/knot/internal/repository/sqlite/task_operations.go:23.17,25.4 1 0
github.com/denkhaus/knot/internal/repository/sqlite/task_operations.go:26.3,26.14 1 12
github.com/denkhaus/knot/internal/repository/sqlite/task_operations.go:26.14,28.4 1 1
github.com/denkhaus/knot/internal/repository/sqlite/task_operations.go:31.3,31.27 1 11
github.com/denkhaus/knot/internal/repository/sqlite/task_operations.go:31.27,33.18 2 0
github.com/denkhaus/knot/internal/repository/sqlite/task_operations.go:33.18,34.28 1 0
github.com/denkhaus/knot/internal/repository/sqlite/task_operations.go:34.28,36.6 1 0
github.com/denkhaus/knot/internal/repository/sqlite/task_operations.go:37.5,37.60 1 0
github.com/denkhaus/knot/internal/repository/sqlite/task_operations.go:39.4,39.46 1 0
github.com/denkhaus/knot/internal/repository/sqlite/task_operations.go:39.46,41.5 1 0
github.com/denkhaus/knot/internal/repository/sqlite/task_operations.go:43.4,43.37 1 0
github.com/denkhaus/knot/internal/repository/sqlite/task_operations.go:44.9,46.4 1 11
github.com/denkhaus/knot/internal/repository/sqlite/task_operations.go:49.3,49.30 1 11
github.com/denkhaus/knot/internal/repository/sqlite/task_operations.go:49.30,51.4 1 0
github.com/denkhaus/knot/internal/repository/sqlite/task_operations.go:52.3,52.30 1 11
github.com/denkhaus/knot/internal/repository/sqlite/task_operations.go:52.30,54.4 1 0
github.com/denkhaus/knot/internal/repository/sqlite/task_operations.go:57.3,58.17 2 11
github.com/denkhaus/knot/internal/repository/sqlite/task_operations.go:58.17,60.4 1 4
github.com/denkhaus/knot/internal/repository/sqlite/task_operations.go:63.3,63.33 1 7
github.com/denkhaus/knot/internal/repository/sqlite/task_operations.go:63.33,65.44 2 0
github.com/denkhaus/knot/internal/repository/sqlite/task_operations.go:65.44,68.19 2 0
github.com/denkhaus/knot/internal/repository/sqlite/task_operations.go:68.19,69.29 1 0
github.com/denkhaus/knot/internal/repository/sqlite/task_operations.go:69.29,71.7 1 0
github.com/denkhaus/knot/internal/repository/sqlite/task_operations.go:72.6,72.65 1 0
github.com/denkhaus/knot/internal/repository/sqlite/task_operations.go:74.5,74.44 1 0
github.com/denkhaus/knot/internal/repository/sqlite/task_operations.go:74.44,76.6 1 0
github.com/denkhaus/knot/internal/repository/sqlite/task_operations.go:78.5,81.6 1 0
github.com/denkhaus/knot/internal/repository/sqlite/task_operations.go:85.4,85.37 1 0
github.com/denkhaus/knot/internal/repository/sqlite/task_operations.go:85.37,86.123 1 0
github.com/denkhaus/knot/internal/repository/sqlite/task_operations.go:86.123,88.6 1 0
github.com/denkhaus/knot/internal/repository/sqlite/task_operations.go:92.4,93.37 2 0
github.com/denkhaus/knot/internal/repository/sqlite/task_operations.go:93.37,97.5 1 0
github.com/denkhaus/knot/internal/repository/sqlite/task_operations.go:98.4,98.77 1 0
github.com/denkhaus/knot/internal/repository/sqlite/task_operations.go:98.77,100.5 1 0
github.com/denkhaus/knot/internal/repository/sqlite/task_operations.go:104.3,104.61 1 7
github.com/denkhaus/knot/internal/repository/sqlite/task_operations.go:109.92,113.16 2 4
github.com/denkhaus/knot/internal/repository/sqlite/task_operations.go:113.16,114.26 1 2
github.com/denkhaus/knot/internal/repository/sqlite/task_operations.go:114.26,116.4 1 2
github.com/denkhaus/knot/internal/repository/sqlite/task_operations.go:117.3,117.42 1 0
github.com/denkhaus/knot/internal/repository/sqlite/task_operations.go:120.2,126.16 3 2
github.com/denkhaus/knot/internal/repository/sqlite/task_operations.go:126.16,128.3 1 0
github.com/denkhaus/knot/internal/repository/sqlite/task_operations.go:129.2,136.16 3 2
github.com/denkhaus/knot/internal/repository/sqlite/task_operations.go:136.16,138.3 1 0
github.com/denkhaus/knot/internal/repository/sqlite/task_operations.go:139.2,141.24 2 2
github.com/denkhaus/knot/internal/repository/sqlite/task_operations.go:145.84,146.67 1 1
github.com/denkhaus/knot/internal/repository/sqlite/task_operations.go:146.67,149.17 2 1
github.com/denkhaus/knot/internal/repository/sqlite/task_operations.go:149.17,150.27 1 0
github.com/denkhaus/knot/internal/repository/sqlite/task_operations.go:150.27,152.5 1 0
github.com/denkhaus/knot/internal/repository/sqlite/task_operations.go:153.4,153.61 1 0
github.com/denkhaus/knot/internal/repository/sqlite/task_operations.go:157.3,164.111 6 1
github.com/denkhaus/knot/internal/repository/sqlite/task_operations.go:164.111,167.4 2 0
github.com/denkhaus/knot/internal/repository/sqlite/task_operations.go:167.9,167.52 1 1
github.com/denkhaus/knot/internal/repository/sqlite/task_operations.go:167.52,169.4 1 1
github.com/denkhaus/knot/internal/repository/sqlite/task_operations.go:172.3,175.17 4 1
github.com/denkhaus/knot/internal/repository/sqlite/task_operations.go:175.17,177.4 1 0
github.com/denkhaus/knot/internal/repository/sqlite/task_operations.go:180.3,180.55 1 1
github.com/denkhaus/knot/internal/repository/sqlite/task_operations.go:180.55,182.4 1 1
github.com/denkhaus/knot/internal/repository/sqlite/task_operations.go:184.3,184.13 1 0
github.com/denkhaus/knot/internal/repository/sqlite/task_operations.go:189.80,190.67 1 1
github.com/denkhaus/knot/internal/repository/sqlite/task_operations.go:190.67,193.17 2 1
github.com/denkhaus/knot/internal/repository/sqlite/task_operations.go:193.17,194.27 1 0
github.com/denkhaus/knot/internal/repository/sqlite/task_operations.go:194.27,196.5 1 0
github.com/denkhaus/knot/internal/repository/sqlite/task_operations.go:197.4,197.52 1 0
github.com/denkhaus/knot/internal/repository/sqlite/task_operations.go:201.3,204.17 2 1
github.com/denkhaus/knot/internal/repository/sqlite/task_operations.go:204.17,206.4 1 0
github.com/denkhaus/knot/internal/repository/sqlite/task_operations.go:207.3,207.24 1 1
github.com/denkhaus/knot/internal/repository/sqlite/task_operations.go:207.24,209.4 1 0
github.com/denkhaus/knot/internal/repository/sqlite/task_operations.go:212.3,218.17 2 1
github.com/denkhaus/knot/internal/repository/sqlite/task_operations.go:218.17,220.4 1 0
github.com/denkhaus/knot/internal/repository/sqlite/task_operations.go:223.3,224.17 2 1
github.com/denkhaus/knot/internal/repository/sqlite/task_operations.go:224.17,226.4 1 0
github.com/denkhaus/knot/internal/repository/sqlite/task_operations.go:229.3,229.61 1 1
github.com/denkhaus/knot/internal/repository/sqlite/task_operations.go:234.91,235.67 1 0
github.com/denkhaus/knot/internal/repository/sqlite/task_operations.go:235.67,238.17 2 0
github.com/denkhaus/knot/internal/repository/sqlite/task_operations.go:238.17,239.27 1 0
github.com/denkhaus/knot/internal/repository/sqlite/task_operations.go:239.27,241.5 1 0
github.com/denkhaus/knot/internal/repository/sqlite/task_operations.go:242.4,242.52 1 0
github.com/denkhaus/knot/internal/repository/sqlite/task_operations.go:246.3,247.17 2 0
github.com/denkhaus/knot/internal/repository/sqlite/task_operations.go:247.17,249.4 1 0
github.com/denkhaus/knot/internal/repository/sqlite/task_operations.go:252.3,261.17 3 0
github.com/denkhaus/knot/internal/repository/sqlite/task_operations.go:261.17,263.4 1 0
github.com/denkhaus/knot/internal/repository/sqlite/task_operations.go:266.3,269.17 2 0
github.com/denkhaus/knot/internal/repository/sqlite/task_operations.go:269.17,271.4 1 0
github.com/denkhaus/knot/internal/repository/sqlite/task_operations.go:274.3,274.61 1 0
github.com/denkhaus/knot/internal/repository/sqlite/task_operations.go:279.125,284.21 4 0
github.com/denkhaus/knot/internal/repository/sqlite/task_operations.go:284.21,288.25 3 0
github.com/denkhaus/knot/internal/repository/sqlite/task_operations.go:288.25,289.12 1 0
github.com/denkhaus/knot/internal/repository/sqlite/task_operations.go:291.3,297.17 3 0
github.com/denkhaus/knot/internal/repository/sqlite/task_operations.go:297.17,299.4 1 0
github.com/denkhaus/knot/internal/repository/sqlite/task_operations.go:301.3,301.36 1 0
github.com/denkhaus/knot/internal/repository/sqlite/task_operations.go:301.36,302.25 1 0
github.com/denkhaus/knot/internal/repository/sqlite/task_operations.go:302.25,305.5 2 0
github.com/denkhaus/knot/internal/repository/sqlite/task_operations.go:309.2,309.28 1 0
github.com/denkhaus/knot/internal/repository/sqlite/task_queries.go:17.107,21.29 2 0
github.com/denkhaus/knot/internal/repository/sqlite/task_queries.go:21.29,23.3 1 0
github.com/denkhaus/knot/internal/repository/sqlite/task_queries.go:24.2,24.28 1 0
github.com/denkhaus/knot/internal/repository/sqlite/task_queries.go:24.28,25.35 1 0
github.com/denkhaus/knot/internal/repository/sqlite/task_queries.go:25.35,27.4 1 0
github.com/denkhaus/knot/internal/repository/sqlite/task_queries.go:27.9,29.4 1 0
github.com/denkhaus/knot/internal/repository/sqlite/task_queries.go:31.2,31.25 1 0
github.com/denkhaus/knot/internal/repository/sqlite/task_queries.go:31.25,33.3 1 0
github.com/denkhaus/knot/internal/repository/sqlite/task_queries.go:34.2,34.28 1 0
github.com/denkhaus/knot/internal/repository/sqlite/task_queries.go:34.28,36.3 1 0
github.com/denkhaus/knot/internal/repository/sqlite/task_queries.go:37.2,37.28 1 0
github.com/denkhaus/knot/internal/repository/sqlite/task_queries.go:37.28,39.3 1 0
github.com/denkhaus/knot/internal/repository/sqlite/task_queries.go:40.2,40.33 1 0
github.com/denkhaus/knot/internal/repository/sqlite/task_queries.go:40.33,42.3 1 0
github.com/denkhaus/knot/internal/repository/sqlite/task_queries.go:43.2,43.33 1 0
github.com/denkhaus/knot/internal/repository/sqlite/task_queries.go:43.33,45.3 1 0
github.com/denkhaus/knot/internal/repository/sqlite/task_queries.go:48.2,51.16 2 0
github.com/denkhaus/knot/internal/repository/sqlite/task_queries.go:51.16,53.3 1 0
github.com/denkhaus/knot/internal/repository/sqlite/task_queries.go:56.2,57.35 2 0
github.com/denkhaus/knot/internal/repository/sqlite/task_queries.go:57.35,59.3 1 0
github.com/denkhaus/knot/internal/repository/sqlite/task_queries.go:61.2,61.19 1 0
github.com/denkhaus/knot/internal/repository/sqlite/task_queries.go:65.111,70.16 2 2
github.com/denkhaus/knot/internal/repository/sqlite/task_queries.go:70.16,72.3 1 0
github.com/denkhaus/knot/internal/repository/sqlite/task_queries.go:75.2,76.35 2 2
github.com/denkhaus/knot/internal/repository/sqlite/task_queries.go:76.35,78.3 1 5
github.com/denkhaus/knot/internal/repository/sqlite/task_queries.go:80.2,80.19 1 2
github.com/denkhaus/knot/internal/repository/sqlite/task_queries.go:84.109,89.16 2 0
github.com/denkhaus/knot/internal/repository/sqlite/task_queries.go:89.16,91.3 1 0
github.com/denkhaus/knot/internal/repository/sqlite/task_queries.go:93.2,94.35 2 0
github.com/denkhaus/knot/internal/repository/sqlite/task_queries.go:94.35,96.3 1 0
github.com/denkhaus/knot/internal/repository/sqlite/task_queries.go:98.2,98.19 1 0
github.com/denkhaus/knot/internal/repository/sqlite/task_queries.go:102.106,110.16 2 0
github.com/denkhaus/knot/internal/repository/sqlite/task_queries.go:110.16,112.3 1 0
github.com/denkhaus/knot/internal/repository/sqlite/task_queries.go:114.2,115.35 2 0
github.com/denkhaus/knot/internal/repository/sqlite/task_queries.go:115.35,117.3 1 0
github.com/denkhaus/knot/internal/repository/sqlite/task_queries.go:119.2,119.19 1 0
github.com/denkhaus/knot/internal/repository/sqlite/task_queries.go:123.102,126.16 2 0
github.com/denkhaus/knot/internal/repository/sqlite/task_queries.go:126.16,127.26 1 0
github.com/denkhaus/knot/internal/repository/sqlite/task_queries.go:127.26,129.4 1 0
github.com/denkhaus/knot/internal/repository/sqlite/task_queries.go:130.3,130.60 1 0
github.com/denkhaus/knot/internal/repository/sqlite/task_queries.go:133.2,133.26 1 0
github.com/denkhaus/knot/internal/repository/sqlite/task_queries.go:133.26,135.3 1 0
github.com/denkhaus/knot/internal/repository/sqlite/task_queries.go:138.2,138.39 1 0
github.com/denkhaus/knot/internal/repository/sqlite/task_queries.go:142.121,145.16 2 0
github.com/denkhaus/knot/internal/repository/sqlite/task_queries.go:145.16,147.3 1 0
github.com/denkhaus/knot/internal/repository/sqlite/task_queries.go:148.2,148.13 1 0
github.com/denkhaus/knot/internal/repository/sqlite/task_queries.go:148.13,150.3 1 0
github.com/denkhaus/knot/internal/repository/sqlite/task_queries.go:153.2,164.31 4 0
github.com/denkhaus/knot/internal/repository/sqlite/task_queries.go:164.31,171.17 2 0
github.com/denkhaus/knot/internal/repository/sqlite/task_queries.go:171.17,173.4 1 0
github.com/denkhaus/knot/internal/repository/sqlite/task_queries.go:174.3,175.22 2 0
github.com/denkhaus/knot/internal/repository/sqlite/task_queries.go:179.2,180.20 2 0
github.com/denkhaus/knot/internal/repository/sqlite/task_queries.go:180.20,186.17 2 0
github.com/denkhaus/knot/internal/repository/sqlite/task_queries.go:186.17,188.4 1 0
github.com/denkhaus/knot/internal/repository/sqlite/task_queries.go:191.3,191.52 1 0
github.com/denkhaus/knot/internal/repository/sqlite/task_queries.go:191.52,198.18 2 0
github.com/denkhaus/knot/internal/repository/sqlite/task_queries.go:198.18,200.5 1 0
[...]
github.com/denkhaus/knot/internal/repository/sqlite/ent/project/project.go:168.58,170.2 1 0
github.com/denkhaus/knot/internal/repository/sqlite/ent/project/project.go:173.60,174.31 1 0
github.com/denkhaus/knot/internal/repository/sqlite/ent/project/project.go:174.31,176.3 1 0
github.com/denkhaus/knot/internal/repository/sqlite/ent/project/project.go:180.70,181.31 1 0
github.com/denkhaus/knot/internal/repository/sqlite/ent/project/project.go:181.31,183.3 1 0
github.com/denkhaus/knot/internal/repository/sqlite/ent/project/project.go:185.36,191.2 1 0
github.com/denkhaus/knot/internal/repository/sqlite/ent/project/where.go:15.41,17.2 1 0
github.com/denkhaus/knot/internal/repository/sqlite/ent/project/where.go:20.43,22.2 1 0
github.com/denkhaus/knot/internal/repository/sqlite/ent/project/where.go:25.44,27.2 1 0
github.com/denkhaus/knot/internal/repository/sqlite/ent/project/where.go:30.47,32.2 1 0
github.com/denkhaus/knot/internal/repository/sqlite/ent/project/where.go:35.50,37.2 1 0
github.com/denkhaus/knot/internal/repository/sqlite/ent/project/where.go:40.43,42.2 1 0
github.com/denkhaus/knot/internal/repository/sqlite/ent/project/where.go:45.44,47.2 1 0
github.com/denkhaus/knot/internal/repository/sqlite/ent/project/where.go:50.43,52.2 1 0
github.com/denkhaus/knot/internal/repository/sqlite/ent/project/where.go:55.44,57.2 1 0
github.com/denkhaus/knot/internal/repository/sqlite/ent/project/where.go:60.40,62.2 1 0
github.com/denkhaus/knot/internal/repository/sqlite/ent/project/where.go:65.46,67.2 1 0
github.com/denkhaus/knot/internal/repository/sqlite/ent/project/where.go:70.47,72.2 1 0
github.com/denkhaus/knot/internal/repository/sqlite/ent/project/where.go:75.47,77.2 1 0
github.com/denkhaus/knot/internal/repository/sqlite/ent/project/where.go:80.42,82.2 1 0
github.com/denkhaus/knot/internal/repository/sqlite/ent/project/where.go:85.46,87.2 1 0
github.com/denkhaus/knot/internal/repository/sqlite/ent/project/where.go:90.44,92.2 1 0
github.com/denkhaus/knot/internal/repository/sqlite/ent/project/where.go:95.42,97.2 1 0
github.com/denkhaus/knot/internal/repository/sqlite/ent/project/where.go:100.43,102.2 1 0
github.com/denkhaus/knot/internal/repository/sqlite/ent/project/where.go:105.46,107.2 1 0
github.com/denkhaus/knot/internal/repository/sqlite/ent/project/where.go:110.49,112.2 1 0
github.com/denkhaus/knot/internal/repository/sqlite/ent/project/where.go:115.42,117.2 1 0
github.com/denkhaus/knot/internal/repository/sqlite/ent/project/where.go:120.43,122.2 1 0
github.com/denkhaus/knot/internal/repository/sqlite/ent/project/where.go:125.42,127.2 1 0
github.com/denkhaus/knot/internal/repository/sqlite/ent/project/where.go:130.43,132.2 1 0
github.com/denkhaus/knot/internal/repository/sqlite/ent/project/where.go:135.48,137.2 1 0
github.com/denkhaus/knot/internal/repository/sqlite/ent/project/where.go:140.49,142.2 1 0
github.com/denkhaus/knot/internal/repository/sqlite/ent/project/where.go:145.49,147.2 1 0
github.com/denkhaus/knot/internal/repository/sqlite/ent/project/where.go:150.49,152.2 1 0
github.com/denkhaus/knot/internal/repository/sqlite/ent/project/where.go:155.52,157.2 1 0
github.com/denkhaus/knot/internal/repository/sqlite/ent/project/where.go:160.48,162.2 1 0
github.com/denkhaus/knot/internal/repository/sqlite/ent/project/where.go:165.49,167.2 1 0
github.com/denkhaus/knot/internal/repository/sqlite/ent/project/where.go:170.52,172.2 1 0
github.com/denkhaus/knot/internal/repository/sqlite/ent/project/where.go:175.55,177.2 1 0
github.com/denkhaus/knot/internal/repository/sqlite/ent/project/where.go:180.48,182.2 1 0
github.com/denkhaus/knot/internal/repository/sqlite/ent/project/where.go:185.49,187.2 1 0
github.com/denkhaus/knot/internal/repository/sqlite/ent/project/where.go:190.48,192.2 1 0
github.com/denkhaus/knot/internal/repository/sqlite/ent/project/where.go:195.49,197.2 1 0
github.com/denkhaus/knot/internal/repository/sqlite/ent/project/where.go:200.54,202.2 1 0
github.com/denkhaus/knot/internal/repository/sqlite/ent/project/where.go:205.55,207.2 1 0
github.com/denkhaus/knot/internal/repository/sqlite/ent/project/where.go:210.55,212.2 1 0
github.com/denkhaus/knot/internal/repository/sqlite/ent/project/where.go:215.43,217.2 1 0
github.com/denkhaus/knot/internal/repository/sqlite/ent/project/where.go:220.44,222.2 1 0
github.com/denkhaus/knot/internal/repository/sqlite/ent/project/where.go:225.55,227.2 1 0
github.com/denkhaus/knot/internal/repository/sqlite/ent/project/where.go:230.58,232.2 1 0
github.com/denkhaus/knot/internal/repository/sqlite/ent/project/where.go:235.41,237.2 1 0
github.com/denkhaus/knot/internal/repository/sqlite/ent/project/where.go:240.42,242.2 1 0
github.com/denkhaus/knot/internal/repository/sqlite/ent/project/where.go:245.45,247.2 1 0
github.com/denkhaus/knot/internal/repository/sqlite/ent/project/where.go:250.48,252.2 1 0
github.com/denkhaus/knot/internal/repository/sqlite/ent/project/where.go:255.49,257.2 1 0
github.com/denkhaus/knot/internal/repository/sqlite/ent/project/where.go:260.50,262.2 1 0
github.com/denkhaus/knot/internal/repository/sqlite/ent/project/where.go:265.53,267.2 1 0
github.com/denkhaus/knot/internal/repository/sqlite/ent/project/where.go:270.56,272.2 1 0
github.com/denkhaus/knot/internal/repository/sqlite/ent/project/where.go:275.49,277.2 1 0
github.com/denkhaus/knot/internal/repository/sqlite/ent/project/where.go:280.50,282.2 1 0
github.com/denkhaus/knot/internal/repository/sqlite/ent/project/where.go:285.49,287.2 1 0
github.com/denkhaus/knot/internal/repository/sqlite/ent/project/where.go:290.50,292.2 1 0
github.com/denkhaus/knot/internal/repository/sqlite/ent/project/where.go:295.49,297.2 1 0
github.com/denkhaus/knot/internal/repository/sqlite/ent/project/where.go:300.50,302.2 1 0
github.com/denkhaus/knot/internal/repository/sqlite/ent/project/where.go:305.53,307.2 1 0
github.com/denkhaus/knot/internal/repository/sqlite/ent/project/where.go:310.56,312.2 1 0
github.com/denkhaus/knot/internal/repository/sqlite/ent/project/where.go:315.49,317.2 1 0
github.com/denkhaus/knot/internal/repository/sqlite/ent/project/where.go:320.50,322.2 1 0
github.com/denkhaus/knot/internal/repository/sqlite/ent/project/where.go:325.49,327.2 1 0
github.com/denkhaus/knot/internal/repository/sqlite/ent/project/where.go:330.50,332.2 1 0
github.com/denkhaus/knot/internal/repository/sqlite/ent/project/where.go:335.44,337.2 1 0
github.com/denkhaus/knot/internal/repository/sqlite/ent/project/where.go:340.45,342.2 1 0
github.com/denkhaus/knot/internal/repository/sqlite/ent/project/where.go:345.48,347.2 1 0
github.com/denkhaus/knot/internal/repository/sqlite/ent/project/where.go:350.51,352.2 1 0
github.com/denkhaus/knot/internal/repository/sqlite/ent/project/where.go:355.44,357.2 1 0
github.com/denkhaus/knot/internal/repository/sqlite/ent/project/where.go:360.45,362.2 1 0
github.com/denkhaus/knot/internal/repository/sqlite/ent/project/where.go:365.44,367.2 1 0
github.com/denkhaus/knot/internal/repository/sqlite/ent/project/where.go:370.45,372.2 1 0
github.com/denkhaus/knot/internal/repository/sqlite/ent/project/where.go:375.48,377.2 1 0
github.com/denkhaus/knot/internal/repository/sqlite/ent/project/where.go:380.49,382.2 1 0
github.com/denkhaus/knot/internal/repository/sqlite/ent/project/where.go:385.52,387.2 1 0
github.com/denkhaus/knot/internal/repository/sqlite/ent/project/where.go:390.55,392.2 1 0
github.com/denkhaus/knot/internal/repository/sqlite/ent/project/where.go:395.48,397.2 1 0
github.com/denkhaus/knot/internal/repository/sqlite/ent/project/where.go:400.49,402.2 1 0
github.com/denkhaus/knot/internal/repository/sqlite/ent/project/where.go:405.48,407.2 1 0
github.com/denkhaus/knot/internal/repository/sqlite/ent/project/where.go:410.49,412.2 1 0
github.com/denkhaus/knot/internal/repository/sqlite/ent/project/where.go:415.46,417.2 1 0
github.com/denkhaus/knot/internal/repository/sqlite/ent/project/where.go:420.47,422.2 1 0
github.com/denkhaus/knot/internal/repository/sqlite/ent/project/where.go:425.50,427.2 1 0
github.com/denkhaus/knot/internal/repository/sqlite/ent/project/where.go:430.53,432.2 1 0
github.com/denkhaus/knot/internal/repository/sqlite/ent/project/where.go:435.46,437.2 1 0
github.com/denkhaus/knot/internal/repository/sqlite/ent/project/where.go:440.47,442.2 1 0
github.com/denkhaus/knot/internal/repository/sqlite/ent/project/where.go:445.46,447.2 1 0
github.com/denkhaus/knot/internal/repository/sqlite/ent/project/where.go:450.47,452.2 1 0
github.com/denkhaus/knot/internal/repository/sqlite/ent/project/where.go:455.35,456.49 1 0
github.com/denkhaus/knot/internal/repository/sqlite/ent/project/where.go:456.49,462.3 2 0
github.com/denkhaus/knot/internal/repository/sqlite/ent/project/where.go:466.62,467.49 1 0
github.com/denkhaus/knot/internal/repository/sqlite/ent/project/where.go:467.49,469.60 2 0
github.com/denkhaus/knot/internal/repository/sqlite/ent/project/where.go:469.60,470.28 1 0
github.com/denkhaus/knot/internal/repository/sqlite/ent/project/where.go:470.28,472.5 1 0
github.com/denkhaus/knot/internal/repository/sqlite/ent/project/where.go:478.61,480.2 1 0
github.com/denkhaus/knot/internal/repository/sqlite/ent/project/where.go:483.60,485.2 1 0
github.com/denkhaus/knot/internal/repository/sqlite/ent/project/where.go:488.49,490.2 1 0
github.com/denkhaus/knot/internal/repository/sqlite/ent/enttest/enttest.go:34.45,35.26 1 0
github.com/denkhaus/knot/internal/repository/sqlite/ent/enttest/enttest.go:35.26,37.3 1 0
github.com/denkhaus/knot/internal/repository/sqlite/ent/enttest/enttest.go:41.62,42.26 1 0
github.com/denkhaus/knot/internal/repository/sqlite/ent/enttest/enttest.go:42.26,44.3 1 0
github.com/denkhaus/knot/internal/repository/sqlite/ent/enttest/enttest.go:47.41,49.27 2 0
github.com/denkhaus/knot/internal/repository/sqlite/ent/enttest/enttest.go:49.27,51.3 1 0
github.com/denkhaus/knot/internal/repository/sqlite/ent/enttest/enttest.go:52.2,52.10 1 0
github.com/denkhaus/knot/internal/repository/sqlite/ent/enttest/enttest.go:56.86,59.16 3 0
github.com/denkhaus/knot/internal/repository/sqlite/ent/enttest/enttest.go:59.16,62.3 2 0
github.com/denkhaus/knot/internal/repository/sqlite/ent/enttest/enttest.go:63.2,64.10 2 0
github.com/denkhaus/knot/internal/repository/sqlite/ent/enttest/enttest.go:68.56,73.2 4 0
github.com/denkhaus/knot/internal/repository/sqlite/ent/enttest/enttest.go:74.59,76.16 2 0
github.com/denkhaus/knot/internal/repository/sqlite/ent/enttest/enttest.go:76.16,79.3 2 0
github.com/denkhaus/knot/internal/repository/sqlite/ent/enttest/enttest.go:80.2,80.97 1 0
github.com/denkhaus/knot/internal/repository/sqlite/ent/enttest/enttest.go:80.97,83.3 2 0
github.com/denkhaus/knot/internal/testutil/testutil.go:27.46,32.2 1 0
github.com/denkhaus/knot/internal/testutil/testutil.go:35.50,38.2 2 0
github.com/denkhaus/knot/internal/testutil/testutil.go:41.59,44.2 2 0
github.com/denkhaus/knot/internal/testutil/testutil.go:47.74,48.22 1 0
github.com/denkhaus/knot/internal/testutil/testutil.go:48.22,50.3 1 0
github.com/denkhaus/knot/internal/testutil/testutil.go:53.2,54.19 2 0
github.com/denkhaus/knot/internal/testutil/testutil.go:54.19,58.20 4 0
github.com/denkhaus/knot/internal/testutil/testutil.go:58.20,60.4 1 0
github.com/denkhaus/knot/internal/testutil/testutil.go:64.2,70.19 5 0
github.com/denkhaus/knot/internal/testutil/testutil.go:70.19,72.3 1 0
github.com/denkhaus/knot/internal/testutil/testutil.go:75.2,84.13 3 0
github.com/denkhaus/knot/internal/testutil/testutil.go:88.77,92.2 3 0
github.com/denkhaus/knot/internal/testutil/testutil.go:95.81,103.2 5 0
github.com/denkhaus/knot/internal/testutil/testutil.go:106.96,114.2 5 0
github.com/denkhaus/knot/internal/testutil/testutil.go:117.116,125.2 5 0
github.com/denkhaus/knot/internal/testutil/testutil.go:128.113,134.2 4 0
github.com/denkhaus/knot/internal/testutil/testutil.go:137.104,143.2 4 0
github.com/denkhaus/knot/internal/testutil/testutil.go:146.99,153.6 5 0
github.com/denkhaus/knot/internal/testutil/testutil.go:153.6,154.10 1 0
github.com/denkhaus/knot/internal/testutil/testutil.go:155.21,156.58 1 0
github.com/denkhaus/knot/internal/testutil/testutil.go:157.19,158.19 1 0
github.com/denkhaus/knot/internal/testutil/testutil.go:158.19,160.5 1 0
github.com/denkhaus/knot/internal/testutil/testutil.go:166.52,176.19 7 0
github.com/denkhaus/knot/internal/testutil/testutil.go:176.19,178.3 1 0
github.com/denkhaus/knot/internal/testutil/testutil.go:180.2,180.23 1 0
github.com/denkhaus/knot/internal/testutil/testutil.go:184.35,188.19 3 0
github.com/denkhaus/knot/internal/testutil/testutil.go:188.19,190.3 1 0
github.com/denkhaus/knot/internal/testutil/testutil.go:192.2,192.12 1 0
github.com/denkhaus/knot/internal/testutil/testutil.go:202.49,204.2 1 0
github.com/denkhaus/knot/internal/testutil/testutil.go:206.66,208.2 1 0
github.com/denkhaus/knot/internal/repository/sqlite/ent/schema/project.go:19.37,50.2 1 0
github.com/denkhaus/knot/internal/repository/sqlite/ent/schema/project.go:53.35,57.2 1 0
github.com/denkhaus/knot/internal/repository/sqlite/ent/schema/project.go:60.38,67.2 1 0
github.com/denkhaus/knot/internal/repository/sqlite/ent/schema/task.go:19.34,60.2 1 0
github.com/denkhaus/knot/internal/repository/sqlite/ent/schema/task.go:63.32,78.2 1 0
github.com/denkhaus/knot/internal/repository/sqlite/ent/schema/task.go:81.35,99.2 1 0
github.com/denkhaus/knot/internal/repository/sqlite/ent/schema/taskdependency.go:20.44,32.2 1 0
github.com/denkhaus/knot/internal/repository/sqlite/ent/schema/taskdependency.go:35.42,49.2 1 0
github.com/denkhaus/knot/internal/repository/sqlite/ent/schema/taskdependency.go:52.45,67.2 1 0
github.com/denkhaus/knot/internal/repository/sqlite/ent/migrate/migrate.go:41.44,41.72 1 0
github.com/denkhaus/knot/internal/repository/sqlite/ent/migrate/migrate.go:44.82,46.2 1 0
github.com/denkhaus/knot/internal/repository/sqlite/ent/migrate/migrate.go:49.105,51.16 2 0
github.com/denkhaus/knot/internal/repository/sqlite/ent/migrate/migrate.go:51.16,53.3 1 0
github.com/denkhaus/knot/internal/repository/sqlite/ent/migrate/migrate.go:54.2,54.39 1 0
github.com/denkhaus/knot/internal/repository/sqlite/ent/migrate/migrate.go:62.96,64.2 1 0
github.com/denkhaus/knot/internal/repository/sqlite/ent/migrate/schema.go:211.13,216.2 4 0
github.com/denkhaus/knot/internal/repository/sqlite/ent/taskdependency/taskdependency.go:55.38,56.25 1 0
github.com/denkhaus/knot/internal/repository/sqlite/ent/taskdependency/taskdependency.go:56.25,57.27 1 0
github.com/denkhaus/knot/internal/repository/sqlite/ent/taskdependency/taskdependency.go:57.27,59.4 1 0
github.com/denkhaus/knot/internal/repository/sqlite/ent/taskdependency/taskdependency.go:61.2,61.14 1 0
github.com/denkhaus/knot/internal/repository/sqlite/ent/taskdependency/taskdependency.go:75.52,77.2 1 0
github.com/denkhaus/knot/internal/repository/sqlite/ent/taskdependency/taskdependency.go:80.56,82.2 1 0
github.com/denkhaus/knot/internal/repository/sqlite/ent/taskdependency/taskdependency.go:85.65,87.2 1 0
github.com/denkhaus/knot/internal/repository/sqlite/ent/taskdependency/taskdependency.go:90.59,92.2 1 0
github.com/denkhaus/knot/internal/repository/sqlite/ent/taskdependency/taskdependency.go:95.73,96.31 1 0
github.com/denkhaus/knot/internal/repository/sqlite/ent/taskdependency/taskdependency.go:96.31,98.3 1 0
github.com/denkhaus/knot/internal/repository/sqlite/ent/taskdependency/taskdependency.go:102.82,103.31 1 0
github.com/denkhaus/knot/internal/repository/sqlite/ent/taskdependency/taskdependency.go:103.31,105.3 1 0
github.com/denkhaus/knot/internal/repository/sqlite/ent/taskdependency/taskdependency.go:107.35,113.2 1 0
github.com/denkhaus/knot/internal/repository/sqlite/ent/taskdependency/taskdependency.go:114.44,120.2 1 0
github.com/denkhaus/knot/internal/repository/sqlite/ent/taskdependency/where.go:15.48,17.2 1 0
github.com/denkhaus/knot/internal/repository/sqlite/ent/taskdependency/where.go:20.50,22.2 1 0
github.com/denkhaus/knot/internal/repository/sqlite/ent/taskdependency/where.go:25.51,27.2 1 0
github.com/denkhaus/knot/internal/repository/sqlite/ent/taskdependency/where.go:30.54,32.2 1 0
github.com/denkhaus/knot/internal/repository/sqlite/ent/taskdependency/where.go:35.57,37.2 1 0
github.com/denkhaus/knot/internal/repository/sqlite/ent/taskdependency/where.go:40.50,42.2 1 0
github.com/denkhaus/knot/internal/repository/sqlite/ent/taskdependency/where.go:45.51,47.2 1 0
github.com/denkhaus/knot/internal/repository/sqlite/ent/taskdependency/where.go:50.50,52.2 1 0
github.com/denkhaus/knot/internal/repository/sqlite/ent/taskdependency/where.go:55.51,57.2 1 0
github.com/denkhaus/knot/internal/repository/sqlite/ent/taskdependency/where.go:60.51,62.2 1 0
github.com/denkhaus/knot/internal/repository/sqlite/ent/taskdependency/where.go:65.60,67.2 1 0
github.com/denkhaus/knot/internal/repository/sqlite/ent/taskdependency/where.go:70.54,72.2 1 0
github.com/denkhaus/knot/internal/repository/sqlite/ent/taskdependency/where.go:75.53,77.2 1 0
github.com/denkhaus/knot/internal/repository/sqlite/ent/taskdependency/where.go:80.54,82.2 1 0
github.com/denkhaus/knot/internal/repository/sqlite/ent/taskdependency/where.go:85.57,87.2 1 0
github.com/denkhaus/knot/internal/repository/sqlite/ent/taskdependency/where.go:90.60,92.2 1 0
github.com/denkhaus/knot/internal/repository/sqlite/ent/taskdependency/where.go:95.62,97.2 1 0
github.com/denkhaus/knot/internal/repository/sqlite/ent/taskdependency/where.go:100.63,102.2 1 0
github.com/denkhaus/knot/internal/repository/sqlite/ent/taskdependency/where.go:105.66,107.2 1 0
github.com/denkhaus/knot/internal/repository/sqlite/ent/taskdependency/where.go:110.69,112.2 1 0
github.com/denkhaus/knot/internal/repository/sqlite/ent/taskdependency/where.go:115.56,117.2 1 0
github.com/denkhaus/knot/internal/repository/sqlite/ent/taskdependency/where.go:120.57,122.2 1 0
github.com/denkhaus/knot/internal/repository/sqlite/ent/taskdependency/where.go:125.60,127.2 1 0
github.com/denkhaus/knot/internal/repository/sqlite/ent/taskdependency/where.go:130.63,132.2 1 0
github.com/denkhaus/knot/internal/repository/sqlite/ent/taskdependency/where.go:135.56,137.2 1 0
github.com/denkhaus/knot/internal/repository/sqlite/ent/taskdependency/where.go:140.57,142.2 1 0
github.com/denkhaus/knot/internal/repository/sqlite/ent/taskdependency/where.go:145.56,147.2 1 0
github.com/denkhaus/knot/internal/repository/sqlite/ent/taskdependency/where.go:150.57,152.2 1 0
github.com/denkhaus/knot/internal/repository/sqlite/ent/taskdependency/where.go:155.41,156.56 1 0
github.com/denkhaus/knot/internal/repository/sqlite/ent/taskdependency/where.go:156.56,162.3 2 0
github.com/denkhaus/knot/internal/repository/sqlite/ent/taskdependency/where.go:166.68,167.56 1 0
github.com/denkhaus/knot/internal/repository/sqlite/ent/taskdependency/where.go:167.56,169.60 2 0
github.com/denkhaus/knot/internal/repository/sqlite/ent/taskdependency/where.go:169.60,170.28 1 0
github.com/denkhaus/knot/internal/repository/sqlite/ent/taskdependency/where.go:170.28,172.5 1 0
github.com/denkhaus/knot/internal/repository/sqlite/ent/taskdependency/where.go:178.50,179.56 1 0
github.com/denkhaus/knot/internal/repository/sqlite/ent/taskdependency/where.go:179.56,185.3 2 0
github.com/denkhaus/knot/internal/repository/sqlite/ent/taskdependency/where.go:189.77,190.56 1 0
github.com/denkhaus/knot/internal/repository/sqlite/ent/taskdependency/where.go:190.56,192.60 2 0
github.com/denkhaus/knot/internal/repository/sqlite/ent/taskdependency/where.go:192.60,193.28 1 0
github.com/denkhaus/knot/internal/repository/sqlite/ent/taskdependency/where.go:193.28,195.5 1 0
github.com/denkhaus/knot/internal/repository/sqlite/ent/taskdependency/where.go:201.75,203.2 1 0
github.com/denkhaus/knot/internal/repository/sqlite/ent/taskdependency/where.go:206.74,208.2 1 0
github.com/denkhaus/knot/internal/repository/sqlite/ent/taskdependency/where.go:211.63,213.2 1 0
github.com/denkhaus/knot/internal/shared/context.go:17.91,22.2 1 0
github.com/denkhaus/knot/internal/shared/context.go:24.45,26.2 1 0
