mode: atomic
github.com/denkhaus/knot/internal/shared/context.go:17.91,22.2 1 1
github.com/denkhaus/knot/internal/shared/context.go:24.45,26.2 1 0
github.com/denkhaus/knot/internal/shared/context.go:29.40,30.19 1 0
github.com/denkhaus/knot/internal/shared/context.go:30.19,32.3 1 0
github.com/denkhaus/knot/internal/shared/context.go:33.2,33.16 1 0
github.com/denkhaus/knot/internal/shared/shared.go:13.78,15.121 1 2
github.com/denkhaus/knot/internal/shared/shared.go:15.121,17.3 1 1
github.com/denkhaus/knot/internal/shared/shared.go:20.2,20.49 1 1
github.com/denkhaus/knot/internal/shared/shared.go:25.66,27.20 1 0
github.com/denkhaus/knot/internal/shared/shared.go:27.20,29.3 1 0
github.com/denkhaus/knot/internal/shared/shared.go:32.2,33.44 2 0
github.com/denkhaus/knot/internal/shared/shared.go:33.44,35.3 1 0
github.com/denkhaus/knot/internal/shared/shared.go:38.2,39.16 2 0
github.com/denkhaus/knot/internal/shared/shared.go:39.16,41.3 1 0
github.com/denkhaus/knot/internal/shared/shared.go:44.2,45.13 2 0
github.com/denkhaus/knot/internal/shared/shared.go:49.79,50.35 1 0
github.com/denkhaus/knot/internal/shared/shared.go:50.35,53.3 2 0
github.com/denkhaus/knot/internal/shared/shared.go:54.2,54.14 1 0
github.com/denkhaus/knot/internal/manager/interfaces.go:89.30,97.2 1 10
github.com/denkhaus/knot/internal/manager/manager.go:9.48,13.2 3 0
github.com/denkhaus/knot/internal/manager/manager.go:16.85,19.2 2 10
github.com/denkhaus/knot/internal/manager/service.go:24.65,25.19 1 10
github.com/denkhaus/knot/internal/manager/service.go:25.19,27.3 1 0
github.com/denkhaus/knot/internal/manager/service.go:28.2,31.3 1 10
github.com/denkhaus/knot/internal/manager/service.go:39.112,40.67 1 14
github.com/denkhaus/knot/internal/manager/service.go:40.67,42.3 1 0
github.com/denkhaus/knot/internal/manager/service.go:44.2,55.59 2 14
github.com/denkhaus/knot/internal/manager/service.go:55.59,57.3 1 0
github.com/denkhaus/knot/internal/manager/service.go:59.2,59.43 1 14
github.com/denkhaus/knot/internal/manager/service.go:62.96,64.2 1 3
github.com/denkhaus/knot/internal/manager/service.go:66.140,67.67 1 1
github.com/denkhaus/knot/internal/manager/service.go:67.67,69.3 1 0
github.com/denkhaus/knot/internal/manager/service.go:71.2,72.16 2 1
github.com/denkhaus/knot/internal/manager/service.go:72.16,74.3 1 0
github.com/denkhaus/knot/internal/manager/service.go:76.2,80.59 4 1
github.com/denkhaus/knot/internal/manager/service.go:80.59,82.3 1 0
github.com/denkhaus/knot/internal/manager/service.go:84.2,84.42 1 1
github.com/denkhaus/knot/internal/manager/service.go:87.144,89.54 1 0
github.com/denkhaus/knot/internal/manager/service.go:89.54,91.3 1 0
github.com/denkhaus/knot/internal/manager/service.go:93.2,94.16 2 0
github.com/denkhaus/knot/internal/manager/service.go:94.16,96.3 1 0
github.com/denkhaus/knot/internal/manager/service.go:98.2,101.59 3 0
github.com/denkhaus/knot/internal/manager/service.go:101.59,103.3 1 0
github.com/denkhaus/knot/internal/manager/service.go:105.2,105.42 1 0
github.com/denkhaus/knot/internal/manager/service.go:108.144,110.16 2 0
github.com/denkhaus/knot/internal/manager/service.go:110.16,112.3 1 0
github.com/denkhaus/knot/internal/manager/service.go:115.2,115.58 1 0
github.com/denkhaus/knot/internal/manager/service.go:115.58,117.3 1 0
github.com/denkhaus/knot/internal/manager/service.go:119.2,123.59 4 0
github.com/denkhaus/knot/internal/manager/service.go:123.59,125.3 1 0
github.com/denkhaus/knot/internal/manager/service.go:127.2,127.42 1 0
github.com/denkhaus/knot/internal/manager/service.go:130.81,132.2 1 2
github.com/denkhaus/knot/internal/manager/service.go:134.79,136.2 1 1
github.com/denkhaus/knot/internal/manager/service.go:140.200,141.76 1 33
github.com/denkhaus/knot/internal/manager/service.go:141.76,143.3 1 5
github.com/denkhaus/knot/internal/manager/service.go:146.2,146.61 1 28
github.com/denkhaus/knot/internal/manager/service.go:146.61,148.3 1 1
github.com/denkhaus/knot/internal/manager/service.go:151.2,152.21 2 27
github.com/denkhaus/knot/internal/manager/service.go:152.21,154.17 2 1
github.com/denkhaus/knot/internal/manager/service.go:154.17,156.4 1 0
github.com/denkhaus/knot/internal/manager/service.go:157.3,157.40 1 1
github.com/denkhaus/knot/internal/manager/service.go:157.40,159.4 1 0
github.com/denkhaus/knot/internal/manager/service.go:160.3,160.31 1 1
github.com/denkhaus/knot/internal/manager/service.go:164.2,164.31 1 27
github.com/denkhaus/knot/internal/manager/service.go:164.31,166.3 1 0
github.com/denkhaus/knot/internal/manager/service.go:169.2,170.16 2 27
github.com/denkhaus/knot/internal/manager/service.go:170.16,172.3 1 0
github.com/denkhaus/knot/internal/manager/service.go:173.2,173.48 1 27
github.com/denkhaus/knot/internal/manager/service.go:173.48,175.3 1 0
github.com/denkhaus/knot/internal/manager/service.go:177.2,193.53 2 27
github.com/denkhaus/knot/internal/manager/service.go:193.53,195.3 1 0
github.com/denkhaus/knot/internal/manager/service.go:198.2,198.54 1 27
github.com/denkhaus/knot/internal/manager/service.go:198.54,199.70 1 1
github.com/denkhaus/knot/internal/manager/service.go:199.70,203.4 1 0
github.com/denkhaus/knot/internal/manager/service.go:206.2,206.37 1 27
github.com/denkhaus/knot/internal/manager/service.go:209.87,211.2 1 5
github.com/denkhaus/knot/internal/manager/service.go:213.132,215.16 2 3
github.com/denkhaus/knot/internal/manager/service.go:215.16,217.3 1 1
github.com/denkhaus/knot/internal/manager/service.go:220.2,220.52 1 2
github.com/denkhaus/knot/internal/manager/service.go:220.52,222.3 1 0
github.com/denkhaus/knot/internal/manager/service.go:224.2,229.66 4 2
github.com/denkhaus/knot/internal/manager/service.go:229.66,232.3 2 1
github.com/denkhaus/knot/internal/manager/service.go:232.8,232.73 1 1
github.com/denkhaus/knot/internal/manager/service.go:232.73,235.3 1 0
github.com/denkhaus/knot/internal/manager/service.go:237.2,237.53 1 2
github.com/denkhaus/knot/internal/manager/service.go:237.53,239.3 1 0
github.com/denkhaus/knot/internal/manager/service.go:241.2,241.36 1 2
github.com/denkhaus/knot/internal/manager/service.go:244.170,245.76 1 0
github.com/denkhaus/knot/internal/manager/service.go:245.76,247.3 1 0
github.com/denkhaus/knot/internal/manager/service.go:249.2,250.16 2 0
github.com/denkhaus/knot/internal/manager/service.go:250.16,252.3 1 0
github.com/denkhaus/knot/internal/manager/service.go:254.2,261.53 7 0
github.com/denkhaus/knot/internal/manager/service.go:261.53,263.3 1 0
github.com/denkhaus/knot/internal/manager/service.go:265.2,265.36 1 0
github.com/denkhaus/knot/internal/manager/service.go:268.135,270.54 1 1
github.com/denkhaus/knot/internal/manager/service.go:270.54,272.3 1 0
github.com/denkhaus/knot/internal/manager/service.go:274.2,275.16 2 1
github.com/denkhaus/knot/internal/manager/service.go:275.16,277.3 1 0
github.com/denkhaus/knot/internal/manager/service.go:279.2,282.53 3 1
github.com/denkhaus/knot/internal/manager/service.go:282.53,284.3 1 0
github.com/denkhaus/knot/internal/manager/service.go:286.2,286.36 1 1
github.com/denkhaus/knot/internal/manager/service.go:289.123,291.17 1 1
github.com/denkhaus/knot/internal/manager/service.go:291.17,293.3 1 0
github.com/denkhaus/knot/internal/manager/service.go:294.2,294.22 1 1
github.com/denkhaus/knot/internal/manager/service.go:294.22,296.3 1 0
github.com/denkhaus/knot/internal/manager/service.go:298.2,299.16 2 1
github.com/denkhaus/knot/internal/manager/service.go:299.16,301.3 1 0
github.com/denkhaus/knot/internal/manager/service.go:303.2,306.53 3 1
github.com/denkhaus/knot/internal/manager/service.go:306.53,308.3 1 0
github.com/denkhaus/knot/internal/manager/service.go:310.2,310.36 1 1
github.com/denkhaus/knot/internal/manager/service.go:313.141,315.16 2 0
github.com/denkhaus/knot/internal/manager/service.go:315.16,317.3 1 0
github.com/denkhaus/knot/internal/manager/service.go:319.2,323.53 4 0
github.com/denkhaus/knot/internal/manager/service.go:323.53,325.3 1 0
github.com/denkhaus/knot/internal/manager/service.go:327.2,327.36 1 0
github.com/denkhaus/knot/internal/manager/service.go:330.89,332.2 1 1
github.com/denkhaus/knot/internal/manager/service.go:334.96,336.2 1 0
github.com/denkhaus/knot/internal/manager/service.go:340.93,342.16 2 0
github.com/denkhaus/knot/internal/manager/service.go:342.16,344.3 1 0
github.com/denkhaus/knot/internal/manager/service.go:345.2,345.26 1 0
github.com/denkhaus/knot/internal/manager/service.go:345.26,347.3 1 0
github.com/denkhaus/knot/internal/manager/service.go:348.2,348.44 1 0
github.com/denkhaus/knot/internal/manager/service.go:351.95,353.55 1 0
github.com/denkhaus/knot/internal/manager/service.go:353.55,355.3 1 0
github.com/denkhaus/knot/internal/manager/service.go:356.2,356.45 1 0
github.com/denkhaus/knot/internal/manager/service.go:359.97,361.2 1 0
github.com/denkhaus/knot/internal/manager/service.go:364.104,366.61 1 2
github.com/denkhaus/knot/internal/manager/service.go:366.61,368.3 1 0
github.com/denkhaus/knot/internal/manager/service.go:370.2,370.49 1 2
github.com/denkhaus/knot/internal/manager/service.go:374.110,375.23 1 0
github.com/denkhaus/knot/internal/manager/service.go:375.23,377.3 1 0
github.com/denkhaus/knot/internal/manager/service.go:380.2,380.55 1 0
github.com/denkhaus/knot/internal/manager/service.go:380.55,382.3 1 0
github.com/denkhaus/knot/internal/manager/service.go:385.2,385.88 1 0
github.com/denkhaus/knot/internal/manager/service.go:385.88,387.3 1 0
github.com/denkhaus/knot/internal/manager/service.go:390.2,390.33 1 0
github.com/denkhaus/knot/internal/manager/service.go:390.33,392.17 2 0
github.com/denkhaus/knot/internal/manager/service.go:392.17,394.4 1 0
github.com/denkhaus/knot/internal/manager/service.go:397.3,397.27 1 0
github.com/denkhaus/knot/internal/manager/service.go:397.27,399.73 2 0
github.com/denkhaus/knot/internal/manager/service.go:399.73,402.5 2 0
github.com/denkhaus/knot/internal/manager/service.go:402.10,402.80 1 0
github.com/denkhaus/knot/internal/manager/service.go:402.80,404.5 1 0
github.com/denkhaus/knot/internal/manager/service.go:406.3,406.32 1 0
github.com/denkhaus/knot/internal/manager/service.go:406.32,408.4 1 0
github.com/denkhaus/knot/internal/manager/service.go:410.3,412.54 2 0
github.com/denkhaus/knot/internal/manager/service.go:412.54,414.4 1 0
github.com/denkhaus/knot/internal/manager/service.go:417.2,417.12 1 0
github.com/denkhaus/knot/internal/manager/service.go:421.117,424.16 2 0
github.com/denkhaus/knot/internal/manager/service.go:424.16,426.3 1 0
github.com/denkhaus/knot/internal/manager/service.go:429.2,429.64 1 0
github.com/denkhaus/knot/internal/manager/service.go:429.64,431.3 1 0
github.com/denkhaus/knot/internal/manager/service.go:434.2,449.56 2 0
github.com/denkhaus/knot/internal/manager/service.go:449.56,451.3 1 0
github.com/denkhaus/knot/internal/manager/service.go:453.2,453.40 1 0
github.com/denkhaus/knot/internal/manager/service.go:457.111,459.18 1 0
github.com/denkhaus/knot/internal/manager/service.go:459.18,461.3 1 0
github.com/denkhaus/knot/internal/manager/service.go:463.2,464.16 2 0
github.com/denkhaus/knot/internal/manager/service.go:464.16,466.3 1 0
github.com/denkhaus/knot/internal/manager/service.go:468.2,471.53 3 0
github.com/denkhaus/knot/internal/manager/service.go:471.53,473.3 1 0
github.com/denkhaus/knot/internal/manager/service.go:475.2,475.36 1 0
github.com/denkhaus/knot/internal/manager/service.go:481.116,483.16 2 0
github.com/denkhaus/knot/internal/manager/service.go:483.16,485.3 1 0
github.com/denkhaus/knot/internal/manager/service.go:487.2,490.53 3 0
github.com/denkhaus/knot/internal/manager/service.go:490.53,492.3 1 0
github.com/denkhaus/knot/internal/manager/service.go:494.2,494.36 1 0
github.com/denkhaus/knot/internal/manager/service.go:498.101,500.16 2 0
github.com/denkhaus/knot/internal/manager/service.go:500.16,502.3 1 0
github.com/denkhaus/knot/internal/manager/service.go:504.2,507.53 3 0
github.com/denkhaus/knot/internal/manager/service.go:507.53,509.3 1 0
github.com/denkhaus/knot/internal/manager/service.go:511.2,511.36 1 0
github.com/denkhaus/knot/internal/manager/service.go:515.120,517.61 1 0
github.com/denkhaus/knot/internal/manager/service.go:517.61,519.3 1 0
github.com/denkhaus/knot/internal/manager/service.go:522.2,523.16 2 0
github.com/denkhaus/knot/internal/manager/service.go:523.16,525.3 1 0
github.com/denkhaus/knot/internal/manager/service.go:528.2,529.32 2 0
github.com/denkhaus/knot/internal/manager/service.go:529.32,530.66 1 0
github.com/denkhaus/knot/internal/manager/service.go:530.66,532.4 1 0
github.com/denkhaus/knot/internal/manager/service.go:535.2,535.27 1 0
github.com/denkhaus/knot/internal/manager/service.go:539.104,541.61 1 0
github.com/denkhaus/knot/internal/manager/service.go:541.61,543.3 1 0
github.com/denkhaus/knot/internal/manager/service.go:546.2,547.16 2 0
github.com/denkhaus/knot/internal/manager/service.go:547.16,549.3 1 0
github.com/denkhaus/knot/internal/manager/service.go:552.2,553.32 2 0
github.com/denkhaus/knot/internal/manager/service.go:553.32,554.32 1 0
github.com/denkhaus/knot/internal/manager/service.go:554.32,556.4 1 0
github.com/denkhaus/knot/internal/manager/service.go:559.2,559.29 1 0
github.com/denkhaus/knot/internal/manager/service.go:562.105,564.61 1 0
github.com/denkhaus/knot/internal/manager/service.go:564.61,566.3 1 0
github.com/denkhaus/knot/internal/manager/service.go:569.2,570.16 2 0
github.com/denkhaus/knot/internal/manager/service.go:570.16,572.3 1 0
github.com/denkhaus/knot/internal/manager/service.go:575.2,576.32 2 0
github.com/denkhaus/knot/internal/manager/service.go:576.32,578.3 1 0
github.com/denkhaus/knot/internal/manager/service.go:581.2,582.32 2 0
github.com/denkhaus/knot/internal/manager/service.go:582.32,583.21 1 0
github.com/denkhaus/knot/internal/manager/service.go:584.31,585.45 1 0
github.com/denkhaus/knot/internal/manager/service.go:586.34,587.51 1 0
github.com/denkhaus/knot/internal/manager/service.go:592.2,592.30 1 0
github.com/denkhaus/knot/internal/manager/service.go:592.30,594.40 1 0
github.com/denkhaus/knot/internal/manager/service.go:594.40,595.43 1 0
github.com/denkhaus/knot/internal/manager/service.go:595.43,597.5 1 0
github.com/denkhaus/knot/internal/manager/service.go:602.3,602.117 1 0
github.com/denkhaus/knot/internal/manager/service.go:606.2,606.36 1 0
github.com/denkhaus/knot/internal/manager/service.go:606.36,607.42 1 0
github.com/denkhaus/knot/internal/manager/service.go:607.42,609.4 1 0
github.com/denkhaus/knot/internal/manager/service.go:616.2,616.27 1 0
github.com/denkhaus/knot/internal/manager/service.go:616.27,618.3 1 0
github.com/denkhaus/knot/internal/manager/service.go:621.2,621.53 1 0
github.com/denkhaus/knot/internal/manager/service.go:625.96,626.42 1 0
github.com/denkhaus/knot/internal/manager/service.go:626.42,628.59 2 0
github.com/denkhaus/knot/internal/manager/service.go:628.59,631.4 1 0
github.com/denkhaus/knot/internal/manager/service.go:633.2,633.13 1 0
github.com/denkhaus/knot/internal/manager/service.go:636.110,638.61 1 0
github.com/denkhaus/knot/internal/manager/service.go:638.61,640.3 1 0
github.com/denkhaus/knot/internal/manager/service.go:643.2,644.16 2 0
github.com/denkhaus/knot/internal/manager/service.go:644.16,646.3 1 0
github.com/denkhaus/knot/internal/manager/service.go:648.2,649.29 2 0
github.com/denkhaus/knot/internal/manager/service.go:649.29,650.54 1 0
github.com/denkhaus/knot/internal/manager/service.go:650.54,653.18 2 0
github.com/denkhaus/knot/internal/manager/service.go:653.18,655.5 1 0
github.com/denkhaus/knot/internal/manager/service.go:656.4,656.26 1 0
github.com/denkhaus/knot/internal/manager/service.go:656.26,658.5 1 0
github.com/denkhaus/knot/internal/manager/service.go:662.2,662.28 1 0
github.com/denkhaus/knot/internal/manager/service.go:665.112,667.61 1 0
github.com/denkhaus/knot/internal/manager/service.go:667.61,669.3 1 0
github.com/denkhaus/knot/internal/manager/service.go:671.2,671.50 1 0
github.com/denkhaus/knot/internal/manager/service.go:674.124,676.61 1 0
github.com/denkhaus/knot/internal/manager/service.go:676.61,678.3 1 0
github.com/denkhaus/knot/internal/manager/service.go:680.2,683.4 1 0
github.com/denkhaus/knot/internal/manager/service.go:688.73,689.17 1 15
github.com/denkhaus/knot/internal/manager/service.go:689.17,691.3 1 0
github.com/denkhaus/knot/internal/manager/service.go:692.2,692.22 1 15
github.com/denkhaus/knot/internal/manager/service.go:692.22,694.3 1 0
github.com/denkhaus/knot/internal/manager/service.go:695.2,695.54 1 15
github.com/denkhaus/knot/internal/manager/service.go:695.54,697.3 1 0
github.com/denkhaus/knot/internal/manager/service.go:698.2,698.12 1 15
github.com/denkhaus/knot/internal/manager/service.go:701.86,702.17 1 33
github.com/denkhaus/knot/internal/manager/service.go:702.17,704.3 1 1
github.com/denkhaus/knot/internal/manager/service.go:705.2,705.22 1 32
github.com/denkhaus/knot/internal/manager/service.go:705.22,707.3 1 1
github.com/denkhaus/knot/internal/manager/service.go:708.2,708.54 1 31
github.com/denkhaus/knot/internal/manager/service.go:708.54,710.3 1 1
github.com/denkhaus/knot/internal/manager/service.go:711.2,711.39 1 30
github.com/denkhaus/knot/internal/manager/service.go:711.39,713.3 1 2
github.com/denkhaus/knot/internal/manager/service.go:714.2,714.12 1 28
github.com/denkhaus/knot/internal/manager/service.go:719.39,721.2 1 0
github.com/denkhaus/knot/internal/manager/service.go:723.48,724.19 1 0
github.com/denkhaus/knot/internal/manager/service.go:724.19,726.3 1 0
github.com/denkhaus/knot/internal/manager/service.go:730.46,733.16 2 0
github.com/denkhaus/knot/internal/manager/service.go:733.16,735.3 1 0
github.com/denkhaus/knot/internal/manager/service.go:738.2,738.55 1 0
github.com/denkhaus/knot/internal/manager/service.go:738.55,740.3 1 0
github.com/denkhaus/knot/internal/manager/service.go:743.2,744.16 2 0
github.com/denkhaus/knot/internal/manager/service.go:744.16,746.3 1 0
github.com/denkhaus/knot/internal/manager/service.go:748.2,749.54 2 0
github.com/denkhaus/knot/internal/manager/service.go:749.54,751.3 1 0
github.com/denkhaus/knot/internal/manager/service.go:754.2,754.48 1 0
github.com/denkhaus/knot/internal/manager/service.go:754.48,756.3 1 0
github.com/denkhaus/knot/internal/manager/service.go:758.2,759.12 2 0
github.com/denkhaus/knot/internal/manager/service.go:763.44,764.49 1 0
github.com/denkhaus/knot/internal/manager/service.go:764.49,766.3 1 0
github.com/denkhaus/knot/internal/manager/service.go:768.2,769.16 2 0
github.com/denkhaus/knot/internal/manager/service.go:769.16,771.3 1 0
github.com/denkhaus/knot/internal/manager/service.go:774.2,775.51 2 0
github.com/denkhaus/knot/internal/manager/service.go:775.51,777.3 1 0
github.com/denkhaus/knot/internal/manager/service.go:780.2,781.16 2 0
github.com/denkhaus/knot/internal/manager/service.go:781.16,783.3 1 0
github.com/denkhaus/knot/internal/manager/service.go:786.2,786.61 1 0
github.com/denkhaus/knot/internal/manager/service.go:786.61,788.3 1 0
github.com/denkhaus/knot/internal/manager/service.go:790.2,790.12 1 0
github.com/denkhaus/knot/internal/manager/service.go:794.138,796.2 1 5
github.com/denkhaus/knot/internal/manager/service.go:799.141,801.2 1 1
github.com/denkhaus/knot/internal/manager/service.go:804.101,806.2 1 0
github.com/denkhaus/knot/internal/manager/service.go:809.99,811.2 1 0
github.com/denkhaus/knot/internal/manager/service.go:816.38,819.16 2 0
github.com/denkhaus/knot/internal/manager/service.go:819.16,821.3 1 0
github.com/denkhaus/knot/internal/manager/service.go:823.2,825.24 3 0
github.com/denkhaus/knot/internal/manager/service.go:829.38,830.28 1 0
github.com/denkhaus/knot/internal/manager/service.go:830.28,832.3 1 0
github.com/denkhaus/knot/internal/manager/service.go:833.2,833.61 1 0
github.com/denkhaus/knot/internal/manager/service.go:833.61,835.3 1 0
github.com/denkhaus/knot/internal/manager/service.go:836.2,836.20 1 0
github.com/denkhaus/knot/internal/manager/service.go:836.20,838.3 1 0
github.com/denkhaus/knot/internal/manager/service.go:839.2,839.32 1 0
github.com/denkhaus/knot/internal/manager/service.go:839.32,841.3 1 0
github.com/denkhaus/knot/internal/manager/service.go:842.2,842.12 1 0
github.com/denkhaus/knot/internal/manager/service.go:846.93,849.16 2 1
github.com/denkhaus/knot/internal/manager/service.go:849.16,851.3 1 0
github.com/denkhaus/knot/internal/manager/service.go:854.2,854.58 1 1
github.com/denkhaus/knot/internal/manager/service.go:854.58,856.3 1 1
github.com/denkhaus/knot/internal/manager/service.go:859.2,860.16 2 0
github.com/denkhaus/knot/internal/manager/service.go:860.16,862.3 1 0
github.com/denkhaus/knot/internal/manager/service.go:866.2,869.9 3 0
github.com/denkhaus/knot/internal/manager/service.go:870.23,872.44 1 0
github.com/denkhaus/knot/internal/manager/service.go:873.23,875.20 1 0
github.com/denkhaus/knot/internal/manager/service.go:876.23,878.20 1 0
github.com/denkhaus/knot/internal/manager/service.go:879.10,881.20 1 0
github.com/denkhaus/knot/internal/manager/service.go:885.2,885.23 1 0
github.com/denkhaus/knot/internal/manager/service.go:885.23,887.3 1 0
github.com/denkhaus/knot/internal/manager/service.go:890.2,890.44 1 0
github.com/denkhaus/knot/internal/manager/service.go:890.44,892.60 2 0
github.com/denkhaus/knot/internal/manager/service.go:892.60,894.4 1 0
github.com/denkhaus/knot/internal/manager/service.go:896.3,897.88 1 0
github.com/denkhaus/knot/internal/manager/service.go:900.2,900.12 1 0
github.com/denkhaus/knot/internal/manager/service.go:906.64,941.16 2 2
github.com/denkhaus/knot/internal/manager/service.go:941.16,943.3 1 0
github.com/denkhaus/knot/internal/manager/service.go:946.2,947.13 2 2
github.com/denkhaus/knot/internal/manager/service.go:947.13,949.3 1 0
github.com/denkhaus/knot/internal/manager/service.go:951.2,951.45 1 2
github.com/denkhaus/knot/internal/manager/service.go:951.45,952.25 1 2
github.com/denkhaus/knot/internal/manager/service.go:952.25,954.4 1 2
github.com/denkhaus/knot/internal/manager/service.go:957.2,957.14 1 0
github.com/denkhaus/knot/internal/manager/service.go:961.70,984.16 2 0
github.com/denkhaus/knot/internal/manager/service.go:984.16,986.3 1 0
github.com/denkhaus/knot/internal/manager/service.go:989.2,989.89 1 0
github.com/denkhaus/knot/internal/manager/service.go:989.89,991.3 1 0
github.com/denkhaus/knot/internal/manager/service.go:994.2,995.13 2 0
github.com/denkhaus/knot/internal/manager/service.go:995.13,997.3 1 0
github.com/denkhaus/knot/internal/manager/service.go:999.2,999.45 1 0
github.com/denkhaus/knot/internal/manager/service.go:999.45,1000.25 1 0
github.com/denkhaus/knot/internal/manager/service.go:1000.25,1002.4 1 0
github.com/denkhaus/knot/internal/manager/service.go:1005.2,1005.14 1 0
github.com/denkhaus/knot/internal/manager/service.go:1011.79,1013.2 1 8
github.com/denkhaus/knot/internal/manager/service.go:1016.100,1018.2 1 5
github.com/denkhaus/knot/internal/manager/service.go:1021.67,1023.2 1 1
github.com/denkhaus/knot/internal/manager/service.go:1026.73,1028.2 1 3
github.com/denkhaus/knot/internal/manager/service.go:1031.46,1033.2 1 0
github.com/denkhaus/knot/internal/validation/input_validation.go:19.42,25.2 1 9
github.com/denkhaus/knot/internal/validation/input_validation.go:28.64,29.17 1 12
github.com/denkhaus/knot/internal/validation/input_validation.go:29.17,31.3 1 1
github.com/denkhaus/knot/internal/validation/input_validation.go:34.2,34.54 1 11
github.com/denkhaus/knot/internal/validation/input_validation.go:34.54,37.3 1 2
github.com/denkhaus/knot/internal/validation/input_validation.go:40.2,40.58 1 9
github.com/denkhaus/knot/internal/validation/input_validation.go:40.58,42.3 1 4
github.com/denkhaus/knot/internal/validation/input_validation.go:44.2,44.12 1 5
github.com/denkhaus/knot/internal/validation/input_validation.go:48.76,50.23 1 7
github.com/denkhaus/knot/internal/validation/input_validation.go:50.23,52.3 1 1
github.com/denkhaus/knot/internal/validation/input_validation.go:55.2,55.66 1 6
github.com/denkhaus/knot/internal/validation/input_validation.go:55.66,58.3 1 2
github.com/denkhaus/knot/internal/validation/input_validation.go:61.2,61.70 1 4
github.com/denkhaus/knot/internal/validation/input_validation.go:61.70,63.3 1 1
github.com/denkhaus/knot/internal/validation/input_validation.go:65.2,65.12 1 3
github.com/denkhaus/knot/internal/validation/input_validation.go:69.67,70.17 1 3
github.com/denkhaus/knot/internal/validation/input_validation.go:70.17,72.3 1 1
github.com/denkhaus/knot/internal/validation/input_validation.go:75.2,75.54 1 2
github.com/denkhaus/knot/internal/validation/input_validation.go:75.54,78.3 1 1
github.com/denkhaus/knot/internal/validation/input_validation.go:81.2,81.66 1 1
github.com/denkhaus/knot/internal/validation/input_validation.go:81.66,83.3 1 0
github.com/denkhaus/knot/internal/validation/input_validation.go:85.2,85.12 1 1
github.com/denkhaus/knot/internal/validation/input_validation.go:89.79,91.23 1 0
github.com/denkhaus/knot/internal/validation/input_validation.go:91.23,93.3 1 0
github.com/denkhaus/knot/internal/validation/input_validation.go:96.2,96.66 1 0
github.com/denkhaus/knot/internal/validation/input_validation.go:96.66,99.3 1 0
github.com/denkhaus/knot/internal/validation/input_validation.go:102.2,102.78 1 0
github.com/denkhaus/knot/internal/validation/input_validation.go:102.78,104.3 1 0
github.com/denkhaus/knot/internal/validation/input_validation.go:106.2,106.12 1 0
github.com/denkhaus/knot/internal/validation/input_validation.go:110.75,112.39 1 17
github.com/denkhaus/knot/internal/validation/input_validation.go:112.39,114.3 1 1
github.com/denkhaus/knot/internal/validation/input_validation.go:117.2,117.28 1 16
github.com/denkhaus/knot/internal/validation/input_validation.go:117.28,118.52 1 2609
github.com/denkhaus/knot/internal/validation/input_validation.go:118.52,120.4 1 1
github.com/denkhaus/knot/internal/validation/input_validation.go:124.2,124.18 1 15
github.com/denkhaus/knot/internal/validation/input_validation.go:124.18,125.60 1 14
github.com/denkhaus/knot/internal/validation/input_validation.go:125.60,127.4 1 3
github.com/denkhaus/knot/internal/validation/input_validation.go:130.2,130.12 1 12
github.com/denkhaus/knot/internal/validation/input_validation.go:134.72,137.41 2 14
github.com/denkhaus/knot/internal/validation/input_validation.go:137.41,139.3 1 2
github.com/denkhaus/knot/internal/validation/input_validation.go:142.2,152.41 3 12
github.com/denkhaus/knot/internal/validation/input_validation.go:152.41,153.46 1 67
github.com/denkhaus/knot/internal/validation/input_validation.go:153.46,155.4 1 1
github.com/denkhaus/knot/internal/validation/input_validation.go:158.2,158.12 1 11
github.com/denkhaus/knot/internal/validation/input_validation.go:162.65,163.17 1 4
github.com/denkhaus/knot/internal/validation/input_validation.go:163.17,165.3 1 1
github.com/denkhaus/knot/internal/validation/input_validation.go:168.2,168.35 1 3
github.com/denkhaus/knot/internal/validation/input_validation.go:172.67,173.39 1 6
github.com/denkhaus/knot/internal/validation/input_validation.go:173.39,175.3 1 3
github.com/denkhaus/knot/internal/validation/input_validation.go:176.2,176.12 1 3
github.com/denkhaus/knot/internal/validation/input_validation.go:180.70,182.40 2 0
github.com/denkhaus/knot/internal/validation/input_validation.go:182.40,183.24 1 0
github.com/denkhaus/knot/internal/validation/input_validation.go:183.24,185.4 1 0
github.com/denkhaus/knot/internal/validation/input_validation.go:187.2,187.105 1 0
github.com/denkhaus/knot/internal/validation/input_validation.go:191.60,192.17 1 5
github.com/denkhaus/knot/internal/validation/input_validation.go:192.17,194.3 1 1
github.com/denkhaus/knot/internal/validation/input_validation.go:197.2,197.41 1 4
github.com/denkhaus/knot/internal/validation/input_validation.go:197.41,200.3 1 1
github.com/denkhaus/knot/internal/validation/input_validation.go:203.2,203.63 1 3
github.com/denkhaus/knot/internal/validation/input_validation.go:203.63,205.3 1 0
github.com/denkhaus/knot/internal/validation/input_validation.go:207.2,207.12 1 3
github.com/denkhaus/knot/internal/validation/state_validation.go:30.42,43.2 4 10
github.com/denkhaus/knot/internal/validation/state_validation.go:46.54,90.41 2 10
github.com/denkhaus/knot/internal/validation/state_validation.go:90.41,92.3 1 250
github.com/denkhaus/knot/internal/validation/state_validation.go:96.48,101.69 1 10
github.com/denkhaus/knot/internal/validation/state_validation.go:101.69,102.73 1 14
github.com/denkhaus/knot/internal/validation/state_validation.go:102.73,110.6 1 0
github.com/denkhaus/knot/internal/validation/state_validation.go:111.5,111.15 1 14
github.com/denkhaus/knot/internal/validation/state_validation.go:117.69,118.68 1 14
github.com/denkhaus/knot/internal/validation/state_validation.go:118.68,126.6 1 0
github.com/denkhaus/knot/internal/validation/state_validation.go:127.5,127.15 1 14
github.com/denkhaus/knot/internal/validation/state_validation.go:133.69,134.63 1 14
github.com/denkhaus/knot/internal/validation/state_validation.go:134.63,143.6 1 1
github.com/denkhaus/knot/internal/validation/state_validation.go:144.5,144.15 1 13
github.com/denkhaus/knot/internal/validation/state_validation.go:150.69,151.87 1 14
github.com/denkhaus/knot/internal/validation/state_validation.go:151.87,159.6 1 0
github.com/denkhaus/knot/internal/validation/state_validation.go:160.5,160.15 1 14
github.com/denkhaus/knot/internal/validation/state_validation.go:167.96,170.40 2 22
github.com/denkhaus/knot/internal/validation/state_validation.go:170.40,172.3 1 10
github.com/denkhaus/knot/internal/validation/state_validation.go:175.2,175.42 1 12
github.com/denkhaus/knot/internal/validation/state_validation.go:175.42,176.55 1 48
github.com/denkhaus/knot/internal/validation/state_validation.go:176.55,180.4 1 0
github.com/denkhaus/knot/internal/validation/state_validation.go:183.2,183.12 1 12
github.com/denkhaus/knot/internal/validation/state_validation.go:187.102,189.2 1 0
github.com/denkhaus/knot/internal/validation/state_validation.go:192.115,195.40 2 4
github.com/denkhaus/knot/internal/validation/state_validation.go:195.40,197.3 1 2
github.com/denkhaus/knot/internal/validation/state_validation.go:199.2,202.42 2 2
github.com/denkhaus/knot/internal/validation/state_validation.go:202.42,203.55 1 8
github.com/denkhaus/knot/internal/validation/state_validation.go:203.55,205.58 1 1
github.com/denkhaus/knot/internal/validation/state_validation.go:205.58,207.5 1 1
github.com/denkhaus/knot/internal/validation/state_validation.go:207.10,209.5 1 0
github.com/denkhaus/knot/internal/validation/state_validation.go:213.2,213.22 1 2
github.com/denkhaus/knot/internal/validation/state_validation.go:217.106,221.31 3 12
github.com/denkhaus/knot/internal/validation/state_validation.go:221.31,223.3 1 3
github.com/denkhaus/knot/internal/validation/state_validation.go:223.8,225.3 1 9
github.com/denkhaus/knot/internal/validation/state_validation.go:227.2,233.3 1 12
github.com/denkhaus/knot/internal/validation/state_validation.go:237.82,240.48 2 24
github.com/denkhaus/knot/internal/validation/state_validation.go:240.48,241.55 1 600
github.com/denkhaus/knot/internal/validation/state_validation.go:241.55,243.4 1 50
github.com/denkhaus/knot/internal/validation/state_validation.go:246.2,246.20 1 24
github.com/denkhaus/knot/internal/validation/state_validation.go:250.65,259.2 1 12
github.com/denkhaus/knot/internal/validation/state_validation.go:262.59,264.41 2 10
github.com/denkhaus/knot/internal/validation/state_validation.go:264.41,265.34 1 45
github.com/denkhaus/knot/internal/validation/state_validation.go:265.34,267.4 1 5
github.com/denkhaus/knot/internal/validation/state_validation.go:269.2,269.14 1 5
github.com/denkhaus/knot/internal/validation/state_validation.go:273.74,276.47 2 2
github.com/denkhaus/knot/internal/validation/state_validation.go:276.47,278.3 1 12
github.com/denkhaus/knot/internal/validation/state_validation.go:280.2,280.15 1 2
github.com/denkhaus/knot/internal/cli_test_helper.go:25.52,53.2 12 8
github.com/denkhaus/knot/internal/cli_test_helper.go:56.76,85.2 16 27
github.com/denkhaus/knot/internal/cli_test_helper.go:88.82,92.2 3 22
github.com/denkhaus/knot/internal/cli_test_helper.go:95.87,99.2 3 5
github.com/denkhaus/knot/internal/cli_test_helper.go:102.64,105.29 2 6
github.com/denkhaus/knot/internal/cli_test_helper.go:105.29,106.36 1 6
github.com/denkhaus/knot/internal/cli_test_helper.go:106.36,108.22 2 6
github.com/denkhaus/knot/internal/cli_test_helper.go:108.22,111.5 2 6
github.com/denkhaus/knot/internal/cli_test_helper.go:114.2,114.11 1 0
github.com/denkhaus/knot/internal/cli_test_helper.go:118.61,120.2 1 1
github.com/denkhaus/knot/internal/cli_test_helper.go:123.35,126.2 2 7
github.com/denkhaus/knot/internal/cli_test_helper.go:129.77,134.2 4 4
github.com/denkhaus/knot/internal/cli_test_helper.go:137.101,150.2 5 1
github.com/denkhaus/knot/internal/commands/project/commands.go:20.57,104.2 1 0
github.com/denkhaus/knot/internal/commands/project/commands.go:106.61,107.36 1 7
github.com/denkhaus/knot/internal/commands/project/commands.go:107.36,116.63 5 7
github.com/denkhaus/knot/internal/commands/project/commands.go:116.63,118.4 1 3
github.com/denkhaus/knot/internal/commands/project/commands.go:120.3,120.75 1 4
github.com/denkhaus/knot/internal/commands/project/commands.go:120.75,122.4 1 1
github.com/denkhaus/knot/internal/commands/project/commands.go:125.3,125.18 1 3
github.com/denkhaus/knot/internal/commands/project/commands.go:125.18,127.19 2 1
github.com/denkhaus/knot/internal/commands/project/commands.go:127.19,129.5 1 0
github.com/denkhaus/knot/internal/commands/project/commands.go:132.3,135.17 3 3
github.com/denkhaus/knot/internal/commands/project/commands.go:135.17,138.4 2 0
github.com/denkhaus/knot/internal/commands/project/commands.go:140.3,143.32 4 3
github.com/denkhaus/knot/internal/commands/project/commands.go:143.32,145.4 1 3
github.com/denkhaus/knot/internal/commands/project/commands.go:146.3,146.13 1 3
github.com/denkhaus/knot/internal/commands/project/commands.go:150.59,151.36 1 3
github.com/denkhaus/knot/internal/commands/project/commands.go:151.36,155.17 3 3
github.com/denkhaus/knot/internal/commands/project/commands.go:155.17,158.4 2 0
github.com/denkhaus/knot/internal/commands/project/commands.go:160.3,162.25 2 3
github.com/denkhaus/knot/internal/commands/project/commands.go:162.25,164.4 1 1
github.com/denkhaus/knot/internal/commands/project/commands.go:166.3,167.36 2 2
github.com/denkhaus/knot/internal/commands/project/commands.go:167.36,169.33 2 3
github.com/denkhaus/knot/internal/commands/project/commands.go:169.33,171.5 1 3
github.com/denkhaus/knot/internal/commands/project/commands.go:172.4,174.17 2 3
github.com/denkhaus/knot/internal/commands/project/commands.go:176.3,176.13 1 2
github.com/denkhaus/knot/internal/commands/project/commands.go:180.58,181.36 1 4
github.com/denkhaus/knot/internal/commands/project/commands.go:181.36,184.17 3 4
github.com/denkhaus/knot/internal/commands/project/commands.go:184.17,186.4 1 1
github.com/denkhaus/knot/internal/commands/project/commands.go:188.3,191.17 3 3
github.com/denkhaus/knot/internal/commands/project/commands.go:191.17,194.4 2 1
github.com/denkhaus/knot/internal/commands/project/commands.go:196.3,198.32 3 2
github.com/denkhaus/knot/internal/commands/project/commands.go:198.32,200.4 1 2
github.com/denkhaus/knot/internal/commands/project/commands.go:201.3,206.13 4 2
github.com/denkhaus/knot/internal/commands/project/commands.go:210.61,211.36 1 0
github.com/denkhaus/knot/internal/commands/project/commands.go:211.36,214.17 3 0
github.com/denkhaus/knot/internal/commands/project/commands.go:214.17,222.4 1 0
github.com/denkhaus/knot/internal/commands/project/commands.go:224.3,228.17 3 0
github.com/denkhaus/knot/internal/commands/project/commands.go:228.17,236.4 1 0
github.com/denkhaus/knot/internal/commands/project/commands.go:239.3,240.17 2 0
github.com/denkhaus/knot/internal/commands/project/commands.go:240.17,247.4 1 0
github.com/denkhaus/knot/internal/commands/project/commands.go:250.3,250.57 1 0
github.com/denkhaus/knot/internal/commands/project/commands.go:250.57,252.14 1 0
github.com/denkhaus/knot/internal/commands/project/commands.go:252.14,255.5 2 0
github.com/denkhaus/knot/internal/commands/project/commands.go:258.4,260.33 3 0
github.com/denkhaus/knot/internal/commands/project/commands.go:260.33,262.5 1 0
github.com/denkhaus/knot/internal/commands/project/commands.go:263.4,263.22 1 0
github.com/denkhaus/knot/internal/commands/project/commands.go:263.22,265.5 1 0
github.com/denkhaus/knot/internal/commands/project/commands.go:268.4,269.18 2 0
github.com/denkhaus/knot/internal/commands/project/commands.go:269.18,276.5 1 0
github.com/denkhaus/knot/internal/commands/project/commands.go:278.4,279.14 2 0
github.com/denkhaus/knot/internal/commands/project/commands.go:280.9,282.14 1 0
github.com/denkhaus/knot/internal/commands/project/commands.go:282.14,285.5 2 0
github.com/denkhaus/knot/internal/commands/project/commands.go:288.4,290.33 3 0
github.com/denkhaus/knot/internal/commands/project/commands.go:290.33,292.5 1 0
github.com/denkhaus/knot/internal/commands/project/commands.go:293.4,296.22 3 0
github.com/denkhaus/knot/internal/commands/project/commands.go:296.22,298.32 2 0
github.com/denkhaus/knot/internal/commands/project/commands.go:298.32,299.15 1 0
github.com/denkhaus/knot/internal/commands/project/commands.go:299.15,301.7 1 0
github.com/denkhaus/knot/internal/commands/project/commands.go:301.12,301.23 1 0
github.com/denkhaus/knot/internal/commands/project/commands.go:301.23,303.12 2 0
github.com/denkhaus/knot/internal/commands/project/commands.go:306.5,306.68 1 0
github.com/denkhaus/knot/internal/commands/project/commands.go:310.4,311.18 2 0
github.com/denkhaus/knot/internal/commands/project/commands.go:311.18,318.5 1 0
github.com/denkhaus/knot/internal/commands/project/commands.go:320.4,325.14 5 0
github.com/denkhaus/knot/internal/commands/project/commands.go:331.61,332.36 1 3
github.com/denkhaus/knot/internal/commands/project/commands.go:332.36,335.17 3 3
github.com/denkhaus/knot/internal/commands/project/commands.go:335.17,337.4 1 1
github.com/denkhaus/knot/internal/commands/project/commands.go:340.3,341.17 2 2
github.com/denkhaus/knot/internal/commands/project/commands.go:341.17,343.4 1 1
github.com/denkhaus/knot/internal/commands/project/commands.go:346.3,348.17 3 1
github.com/denkhaus/knot/internal/commands/project/commands.go:348.17,350.4 1 0
github.com/denkhaus/knot/internal/commands/project/commands.go:352.3,353.13 2 1
github.com/denkhaus/knot/internal/commands/project/commands.go:358.66,359.36 1 2
github.com/denkhaus/knot/internal/commands/project/commands.go:359.36,361.17 2 2
github.com/denkhaus/knot/internal/commands/project/commands.go:361.17,363.4 1 0
github.com/denkhaus/knot/internal/commands/project/commands.go:365.3,365.31 1 2
github.com/denkhaus/knot/internal/commands/project/commands.go:365.31,366.22 1 1
github.com/denkhaus/knot/internal/commands/project/commands.go:366.22,369.5 2 0
github.com/denkhaus/knot/internal/commands/project/commands.go:370.4,372.14 3 1
github.com/denkhaus/knot/internal/commands/project/commands.go:376.3,377.17 2 1
github.com/denkhaus/knot/internal/commands/project/commands.go:377.17,379.4 1 0
github.com/denkhaus/knot/internal/commands/project/commands.go:381.3,381.21 1 1
github.com/denkhaus/knot/internal/commands/project/commands.go:381.21,383.18 2 0
github.com/denkhaus/knot/internal/commands/project/commands.go:383.18,385.5 1 0
github.com/denkhaus/knot/internal/commands/project/commands.go:386.4,387.14 2 0
github.com/denkhaus/knot/internal/commands/project/commands.go:390.3,392.32 3 1
github.com/denkhaus/knot/internal/commands/project/commands.go:392.32,394.4 1 1
github.com/denkhaus/knot/internal/commands/project/commands.go:395.3,397.13 3 1
github.com/denkhaus/knot/internal/commands/project/commands.go:402.69,403.36 1 2
github.com/denkhaus/knot/internal/commands/project/commands.go:403.36,406.17 2 2
github.com/denkhaus/knot/internal/commands/project/commands.go:406.17,408.4 1 0
github.com/denkhaus/knot/internal/commands/project/commands.go:410.3,410.19 1 2
github.com/denkhaus/knot/internal/commands/project/commands.go:410.19,413.4 2 1
github.com/denkhaus/knot/internal/commands/project/commands.go:416.3,417.17 2 1
github.com/denkhaus/knot/internal/commands/project/commands.go:417.17,419.4 1 0
github.com/denkhaus/knot/internal/commands/project/commands.go:421.3,423.13 3 1
github.com/denkhaus/knot/internal/commands/task/analysis.go:21.76,23.33 1 18
github.com/denkhaus/knot/internal/commands/task/analysis.go:23.33,25.3 1 4
github.com/denkhaus/knot/internal/commands/task/analysis.go:28.2,28.42 1 14
github.com/denkhaus/knot/internal/commands/task/analysis.go:28.42,30.59 2 16
github.com/denkhaus/knot/internal/commands/task/analysis.go:30.59,32.4 1 9
github.com/denkhaus/knot/internal/commands/task/analysis.go:35.2,35.13 1 5
github.com/denkhaus/knot/internal/commands/task/analysis.go:39.65,40.36 1 0
github.com/denkhaus/knot/internal/commands/task/analysis.go:40.36,42.17 2 0
github.com/denkhaus/knot/internal/commands/task/analysis.go:42.17,44.4 1 0
github.com/denkhaus/knot/internal/commands/task/analysis.go:46.3,50.17 3 0
github.com/denkhaus/knot/internal/commands/task/analysis.go:50.17,53.4 2 0
github.com/denkhaus/knot/internal/commands/task/analysis.go:56.3,57.33 2 0
github.com/denkhaus/knot/internal/commands/task/analysis.go:57.33,59.4 1 0
github.com/denkhaus/knot/internal/commands/task/analysis.go:62.3,63.33 2 0
github.com/denkhaus/knot/internal/commands/task/analysis.go:63.33,64.22 1 0
github.com/denkhaus/knot/internal/commands/task/analysis.go:65.32,66.46 1 0
github.com/denkhaus/knot/internal/commands/task/analysis.go:67.35,68.52 1 0
github.com/denkhaus/knot/internal/commands/task/analysis.go:73.3,76.31 2 0
github.com/denkhaus/knot/internal/commands/task/analysis.go:76.31,78.41 1 0
github.com/denkhaus/knot/internal/commands/task/analysis.go:78.41,79.35 1 0
github.com/denkhaus/knot/internal/commands/task/analysis.go:79.35,82.32 3 0
github.com/denkhaus/knot/internal/commands/task/analysis.go:82.32,84.7 1 0
github.com/denkhaus/knot/internal/commands/task/analysis.go:85.6,86.24 2 0
github.com/denkhaus/knot/internal/commands/task/analysis.go:86.24,88.31 2 0
github.com/denkhaus/knot/internal/commands/task/analysis.go:88.31,90.8 1 0
github.com/denkhaus/knot/internal/commands/task/analysis.go:91.7,91.20 1 0
github.com/denkhaus/knot/internal/commands/task/analysis.go:93.6,93.16 1 0
github.com/denkhaus/knot/internal/commands/task/analysis.go:97.4,97.116 1 0
github.com/denkhaus/knot/internal/commands/task/analysis.go:101.3,101.37 1 0
github.com/denkhaus/knot/internal/commands/task/analysis.go:101.37,102.34 1 0
github.com/denkhaus/knot/internal/commands/task/analysis.go:102.34,105.31 3 0
github.com/denkhaus/knot/internal/commands/task/analysis.go:105.31,107.6 1 0
github.com/denkhaus/knot/internal/commands/task/analysis.go:108.5,109.23 2 0
github.com/denkhaus/knot/internal/commands/task/analysis.go:109.23,111.30 2 0
github.com/denkhaus/knot/internal/commands/task/analysis.go:111.30,113.7 1 0
github.com/denkhaus/knot/internal/commands/task/analysis.go:114.6,114.19 1 0
github.com/denkhaus/knot/internal/commands/task/analysis.go:116.5,116.15 1 0
github.com/denkhaus/knot/internal/commands/task/analysis.go:121.3,121.28 1 0
github.com/denkhaus/knot/internal/commands/task/analysis.go:121.28,123.4 1 0
github.com/denkhaus/knot/internal/commands/task/analysis.go:123.9,125.4 1 0
github.com/denkhaus/knot/internal/commands/task/analysis.go:127.3,127.13 1 0
github.com/denkhaus/knot/internal/commands/task/analysis.go:132.60,133.36 1 0
github.com/denkhaus/knot/internal/commands/task/analysis.go:133.36,135.17 2 0
github.com/denkhaus/knot/internal/commands/task/analysis.go:135.17,137.4 1 0
github.com/denkhaus/knot/internal/commands/task/analysis.go:139.3,143.17 3 0
github.com/denkhaus/knot/internal/commands/task/analysis.go:143.17,146.4 2 0
github.com/denkhaus/knot/internal/commands/task/analysis.go:149.3,150.33 2 0
github.com/denkhaus/knot/internal/commands/task/analysis.go:150.33,152.4 1 0
github.com/denkhaus/knot/internal/commands/task/analysis.go:155.3,156.33 2 0
github.com/denkhaus/knot/internal/commands/task/analysis.go:156.33,157.87 1 0
github.com/denkhaus/knot/internal/commands/task/analysis.go:157.87,158.35 1 0
github.com/denkhaus/knot/internal/commands/task/analysis.go:158.35,160.6 1 0
github.com/denkhaus/knot/internal/commands/task/analysis.go:164.3,166.27 2 0
github.com/denkhaus/knot/internal/commands/task/analysis.go:166.27,167.22 1 0
github.com/denkhaus/knot/internal/commands/task/analysis.go:167.22,170.5 2 0
github.com/denkhaus/knot/internal/commands/task/analysis.go:171.4,172.14 2 0
github.com/denkhaus/knot/internal/commands/task/analysis.go:176.3,177.43 2 0
github.com/denkhaus/knot/internal/commands/task/analysis.go:177.43,179.4 1 0
github.com/denkhaus/knot/internal/commands/task/analysis.go:182.3,182.21 1 0
github.com/denkhaus/knot/internal/commands/task/analysis.go:182.21,184.4 1 0
github.com/denkhaus/knot/internal/commands/task/analysis.go:187.3,189.44 2 0
github.com/denkhaus/knot/internal/commands/task/analysis.go:189.44,191.4 1 0
github.com/denkhaus/knot/internal/commands/task/analysis.go:191.9,193.4 1 0
github.com/denkhaus/knot/internal/commands/task/analysis.go:195.3,195.35 1 0
github.com/denkhaus/knot/internal/commands/task/analysis.go:195.35,197.30 2 0
github.com/denkhaus/knot/internal/commands/task/analysis.go:197.30,199.5 1 0
github.com/denkhaus/knot/internal/commands/task/analysis.go:200.4,201.22 2 0
github.com/denkhaus/knot/internal/commands/task/analysis.go:201.22,203.29 2 0
github.com/denkhaus/knot/internal/commands/task/analysis.go:203.29,205.6 1 0
github.com/denkhaus/knot/internal/commands/task/analysis.go:206.5,206.18 1 0
github.com/denkhaus/knot/internal/commands/task/analysis.go:208.4,208.17 1 0
github.com/denkhaus/knot/internal/commands/task/analysis.go:211.3,211.13 1 0
github.com/denkhaus/knot/internal/commands/task/analysis.go:216.62,217.36 1 0
github.com/denkhaus/knot/internal/commands/task/analysis.go:217.36,219.17 2 0
github.com/denkhaus/knot/internal/commands/task/analysis.go:219.17,221.4 1 0
github.com/denkhaus/knot/internal/commands/task/analysis.go:223.3,227.17 3 0
github.com/denkhaus/knot/internal/commands/task/analysis.go:227.17,230.4 2 0
github.com/denkhaus/knot/internal/commands/task/analysis.go:233.3,234.33 2 0
github.com/denkhaus/knot/internal/commands/task/analysis.go:234.33,236.4 1 0
github.com/denkhaus/knot/internal/commands/task/analysis.go:239.3,240.33 2 0
github.com/denkhaus/knot/internal/commands/task/analysis.go:240.33,241.87 1 0
github.com/denkhaus/knot/internal/commands/task/analysis.go:241.87,242.66 1 0
github.com/denkhaus/knot/internal/commands/task/analysis.go:242.66,244.6 1 0
github.com/denkhaus/knot/internal/commands/task/analysis.go:248.3,253.29 3 0
github.com/denkhaus/knot/internal/commands/task/analysis.go:253.29,256.4 2 0
github.com/denkhaus/knot/internal/commands/task/analysis.go:259.3,260.45 2 0
github.com/denkhaus/knot/internal/commands/task/analysis.go:260.45,263.4 2 0
github.com/denkhaus/knot/internal/commands/task/analysis.go:263.9,265.4 1 0
github.com/denkhaus/knot/internal/commands/task/analysis.go:267.3,267.37 1 0
github.com/denkhaus/knot/internal/commands/task/analysis.go:267.37,269.30 2 0
github.com/denkhaus/knot/internal/commands/task/analysis.go:269.30,271.5 1 0
github.com/denkhaus/knot/internal/commands/task/analysis.go:272.4,276.44 3 0
github.com/denkhaus/knot/internal/commands/task/analysis.go:276.44,277.50 1 0
github.com/denkhaus/knot/internal/commands/task/analysis.go:277.50,279.6 1 0
github.com/denkhaus/knot/internal/commands/task/analysis.go:279.11,281.6 1 0
github.com/denkhaus/knot/internal/commands/task/analysis.go:283.4,283.17 1 0
github.com/denkhaus/knot/internal/commands/task/analysis.go:286.3,286.13 1 0
github.com/denkhaus/knot/internal/commands/task/analysis.go:291.64,292.36 1 0
github.com/denkhaus/knot/internal/commands/task/analysis.go:292.36,294.17 2 0
github.com/denkhaus/knot/internal/commands/task/analysis.go:294.17,296.4 1 0
github.com/denkhaus/knot/internal/commands/task/analysis.go:299.3,300.31 2 0
github.com/denkhaus/knot/internal/commands/task/analysis.go:300.31,302.4 1 0
github.com/denkhaus/knot/internal/commands/task/analysis.go:304.3,310.17 3 0
github.com/denkhaus/knot/internal/commands/task/analysis.go:310.17,313.4 2 0
github.com/denkhaus/knot/internal/commands/task/analysis.go:316.3,317.33 2 0
github.com/denkhaus/knot/internal/commands/task/analysis.go:317.33,318.46 1 0
github.com/denkhaus/knot/internal/commands/task/analysis.go:318.46,321.40 2 0
github.com/denkhaus/knot/internal/commands/task/analysis.go:321.40,322.69 1 0
github.com/denkhaus/knot/internal/commands/task/analysis.go:322.69,324.12 2 0
github.com/denkhaus/knot/internal/commands/task/analysis.go:327.5,327.21 1 0
github.com/denkhaus/knot/internal/commands/task/analysis.go:327.21,329.6 1 0
github.com/denkhaus/knot/internal/commands/task/analysis.go:333.3,335.31 2 0
github.com/denkhaus/knot/internal/commands/task/analysis.go:335.31,338.4 2 0
github.com/denkhaus/knot/internal/commands/task/analysis.go:341.3,342.47 2 0
github.com/denkhaus/knot/internal/commands/task/analysis.go:342.47,346.4 2 0
github.com/denkhaus/knot/internal/commands/task/analysis.go:346.9,349.4 1 0
github.com/denkhaus/knot/internal/commands/task/analysis.go:351.3,351.39 1 0
github.com/denkhaus/knot/internal/commands/task/analysis.go:351.39,353.30 2 0
github.com/denkhaus/knot/internal/commands/task/analysis.go:353.30,355.5 1 0
github.com/denkhaus/knot/internal/commands/task/analysis.go:356.4,358.22 2 0
github.com/denkhaus/knot/internal/commands/task/analysis.go:358.22,360.29 2 0
github.com/denkhaus/knot/internal/commands/task/analysis.go:360.29,362.6 1 0
github.com/denkhaus/knot/internal/commands/task/analysis.go:363.5,363.18 1 0
github.com/denkhaus/knot/internal/commands/task/analysis.go:365.4,365.17 1 0
github.com/denkhaus/knot/internal/commands/task/analysis.go:368.3,368.13 1 0
github.com/denkhaus/knot/internal/commands/task/bulk.go:28.65,29.36 1 0
github.com/denkhaus/knot/internal/commands/task/bulk.go:29.36,31.23 2 0
github.com/denkhaus/knot/internal/commands/task/bulk.go:31.23,33.4 1 0
github.com/denkhaus/knot/internal/commands/task/bulk.go:36.3,38.39 3 0
github.com/denkhaus/knot/internal/commands/task/bulk.go:38.39,41.18 3 0
github.com/denkhaus/knot/internal/commands/task/bulk.go:41.18,43.5 1 0
github.com/denkhaus/knot/internal/commands/task/bulk.go:44.4,44.37 1 0
github.com/denkhaus/knot/internal/commands/task/bulk.go:47.3,47.24 1 0
github.com/denkhaus/knot/internal/commands/task/bulk.go:47.24,49.4 1 0
github.com/denkhaus/knot/internal/commands/task/bulk.go:52.3,54.52 2 0
github.com/denkhaus/knot/internal/commands/task/bulk.go:54.52,57.4 2 0
github.com/denkhaus/knot/internal/commands/task/bulk.go:59.3,59.56 1 0
github.com/denkhaus/knot/internal/commands/task/bulk.go:59.56,61.4 1 0
github.com/denkhaus/knot/internal/commands/task/bulk.go:63.3,63.56 1 0
github.com/denkhaus/knot/internal/commands/task/bulk.go:63.56,65.4 1 0
github.com/denkhaus/knot/internal/commands/task/bulk.go:67.3,72.17 3 0
github.com/denkhaus/knot/internal/commands/task/bulk.go:72.17,75.4 2 0
github.com/denkhaus/knot/internal/commands/task/bulk.go:77.3,78.27 2 0
github.com/denkhaus/knot/internal/commands/task/bulk.go:78.27,80.4 1 0
github.com/denkhaus/knot/internal/commands/task/bulk.go:81.3,81.32 1 0
github.com/denkhaus/knot/internal/commands/task/bulk.go:81.32,83.4 1 0
github.com/denkhaus/knot/internal/commands/task/bulk.go:85.3,85.13 1 0
github.com/denkhaus/knot/internal/commands/task/bulk.go:90.64,91.36 1 0
github.com/denkhaus/knot/internal/commands/task/bulk.go:91.36,93.22 2 0
github.com/denkhaus/knot/internal/commands/task/bulk.go:93.22,95.4 1 0
github.com/denkhaus/knot/internal/commands/task/bulk.go:97.3,98.17 2 0
github.com/denkhaus/knot/internal/commands/task/bulk.go:98.17,100.4 1 0
github.com/denkhaus/knot/internal/commands/task/bulk.go:102.3,103.25 2 0
github.com/denkhaus/knot/internal/commands/task/bulk.go:103.25,105.4 1 0
github.com/denkhaus/knot/internal/commands/task/bulk.go:107.3,108.17 2 0
github.com/denkhaus/knot/internal/commands/task/bulk.go:108.17,110.4 1 0
github.com/denkhaus/knot/internal/commands/task/bulk.go:112.3,117.17 3 0
github.com/denkhaus/knot/internal/commands/task/bulk.go:117.17,120.4 2 0
github.com/denkhaus/knot/internal/commands/task/bulk.go:122.3,129.13 7 0
github.com/denkhaus/knot/internal/commands/task/bulk.go:134.66,135.36 1 0
github.com/denkhaus/knot/internal/commands/task/bulk.go:135.36,137.17 2 0
github.com/denkhaus/knot/internal/commands/task/bulk.go:137.17,139.4 1 0
github.com/denkhaus/knot/internal/commands/task/bulk.go:141.3,142.21 2 0
github.com/denkhaus/knot/internal/commands/task/bulk.go:142.21,144.4 1 0
github.com/denkhaus/knot/internal/commands/task/bulk.go:146.3,153.17 4 0
github.com/denkhaus/knot/internal/commands/task/bulk.go:153.17,156.4 2 0
github.com/denkhaus/knot/internal/commands/task/bulk.go:158.3,158.22 1 0
github.com/denkhaus/knot/internal/commands/task/bulk.go:158.22,161.4 2 0
github.com/denkhaus/knot/internal/commands/task/bulk.go:164.3,164.21 1 0
github.com/denkhaus/knot/internal/commands/task/bulk.go:164.21,166.4 1 0
github.com/denkhaus/knot/internal/commands/task/bulk.go:168.3,169.30 2 0
github.com/denkhaus/knot/internal/commands/task/bulk.go:169.30,171.30 2 0
github.com/denkhaus/knot/internal/commands/task/bulk.go:171.30,173.5 1 0
github.com/denkhaus/knot/internal/commands/task/bulk.go:174.4,175.28 2 0
github.com/denkhaus/knot/internal/commands/task/bulk.go:175.28,177.5 1 0
github.com/denkhaus/knot/internal/commands/task/bulk.go:178.4,178.17 1 0
github.com/denkhaus/knot/internal/commands/task/bulk.go:181.3,181.13 1 0
github.com/denkhaus/knot/internal/commands/task/bulk.go:186.65,187.36 1 0
github.com/denkhaus/knot/internal/commands/task/bulk.go:187.36,189.17 2 0
github.com/denkhaus/knot/internal/commands/task/bulk.go:189.17,191.4 1 0
github.com/denkhaus/knot/internal/commands/task/bulk.go:193.3,194.22 2 0
github.com/denkhaus/knot/internal/commands/task/bulk.go:194.22,196.4 1 0
github.com/denkhaus/knot/internal/commands/task/bulk.go:199.3,200.17 2 0
github.com/denkhaus/knot/internal/commands/task/bulk.go:200.17,202.4 1 0
github.com/denkhaus/knot/internal/commands/task/bulk.go:205.3,212.59 2 0
github.com/denkhaus/knot/internal/commands/task/bulk.go:212.59,214.4 1 0
github.com/denkhaus/knot/internal/commands/task/bulk.go:216.3,216.27 1 0
github.com/denkhaus/knot/internal/commands/task/bulk.go:216.27,218.4 1 0
github.com/denkhaus/knot/internal/commands/task/bulk.go:220.3,221.18 2 0
github.com/denkhaus/knot/internal/commands/task/bulk.go:221.18,223.19 2 0
github.com/denkhaus/knot/internal/commands/task/bulk.go:223.19,225.5 1 0
github.com/denkhaus/knot/internal/commands/task/bulk.go:228.3,234.36 3 0
github.com/denkhaus/knot/internal/commands/task/bulk.go:234.36,236.25 1 0
github.com/denkhaus/knot/internal/commands/task/bulk.go:236.25,238.5 1 0
github.com/denkhaus/knot/internal/commands/task/bulk.go:239.4,239.29 1 0
github.com/denkhaus/knot/internal/commands/task/bulk.go:239.29,241.5 1 0
github.com/denkhaus/knot/internal/commands/task/bulk.go:243.4,244.54 2 0
github.com/denkhaus/knot/internal/commands/task/bulk.go:244.54,246.19 2 0
github.com/denkhaus/knot/internal/commands/task/bulk.go:246.19,248.6 1 0
github.com/denkhaus/knot/internal/commands/task/bulk.go:249.5,249.23 1 0
github.com/denkhaus/knot/internal/commands/task/bulk.go:253.4,263.18 2 0
github.com/denkhaus/knot/internal/commands/task/bulk.go:263.18,266.5 2 0
github.com/denkhaus/knot/internal/commands/task/bulk.go:268.4,268.46 1 0
github.com/denkhaus/knot/internal/commands/task/bulk.go:271.3,272.37 2 0
github.com/denkhaus/knot/internal/commands/task/bulk.go:272.37,274.30 2 0
github.com/denkhaus/knot/internal/commands/task/bulk.go:274.30,276.5 1 0
github.com/denkhaus/knot/internal/commands/task/bulk.go:277.4,277.78 1 0
github.com/denkhaus/knot/internal/commands/task/bulk.go:279.3,281.13 2 0
github.com/denkhaus/knot/internal/commands/task/bulk.go:286.65,287.36 1 0
github.com/denkhaus/knot/internal/commands/task/bulk.go:287.36,289.23 2 0
github.com/denkhaus/knot/internal/commands/task/bulk.go:289.23,291.4 1 0
github.com/denkhaus/knot/internal/commands/task/bulk.go:294.3,296.39 3 0
github.com/denkhaus/knot/internal/commands/task/bulk.go:296.39,299.18 3 0
github.com/denkhaus/knot/internal/commands/task/bulk.go:299.18,301.5 1 0
github.com/denkhaus/knot/internal/commands/task/bulk.go:302.4,302.37 1 0
github.com/denkhaus/knot/internal/commands/task/bulk.go:305.3,305.24 1 0
github.com/denkhaus/knot/internal/commands/task/bulk.go:305.24,307.4 1 0
github.com/denkhaus/knot/internal/commands/task/bulk.go:309.3,319.34 5 0
github.com/denkhaus/knot/internal/commands/task/bulk.go:319.34,321.18 2 0
github.com/denkhaus/knot/internal/commands/task/bulk.go:321.18,324.5 2 0
github.com/denkhaus/knot/internal/commands/task/bulk.go:325.4,325.48 1 0
github.com/denkhaus/knot/internal/commands/task/bulk.go:329.3,330.38 2 0
github.com/denkhaus/knot/internal/commands/task/bulk.go:330.38,332.30 2 0
github.com/denkhaus/knot/internal/commands/task/bulk.go:332.30,334.5 1 0
github.com/denkhaus/knot/internal/commands/task/bulk.go:335.4,335.78 1 0
github.com/denkhaus/knot/internal/commands/task/bulk.go:338.3,338.13 1 0
github.com/denkhaus/knot/internal/commands/task/bulk.go:338.13,341.4 2 0
github.com/denkhaus/knot/internal/commands/task/bulk.go:344.3,344.13 1 0
github.com/denkhaus/knot/internal/commands/task/bulk.go:344.13,348.84 4 0
github.com/denkhaus/knot/internal/commands/task/bulk.go:348.84,351.5 2 0
github.com/denkhaus/knot/internal/commands/task/bulk.go:355.3,356.18 2 0
github.com/denkhaus/knot/internal/commands/task/bulk.go:356.18,358.19 2 0
github.com/denkhaus/knot/internal/commands/task/bulk.go:358.19,360.5 1 0
github.com/denkhaus/knot/internal/commands/task/bulk.go:364.3,365.34 2 0
github.com/denkhaus/knot/internal/commands/task/bulk.go:365.34,367.18 2 0
github.com/denkhaus/knot/internal/commands/task/bulk.go:367.18,370.13 3 0
github.com/denkhaus/knot/internal/commands/task/bulk.go:372.4,372.18 1 0
github.com/denkhaus/knot/internal/commands/task/bulk.go:375.3,376.34 2 0
github.com/denkhaus/knot/internal/commands/task/bulk.go:376.34,378.4 1 0
github.com/denkhaus/knot/internal/commands/task/bulk.go:380.3,380.13 1 0
github.com/denkhaus/knot/internal/commands/task/bulk.go:385.61,476.2 1 0
github.com/denkhaus/knot/internal/commands/task/commands.go:24.57,210.2 10 0
github.com/denkhaus/knot/internal/commands/task/commands.go:212.61,213.36 1 12
github.com/denkhaus/knot/internal/commands/task/commands.go:213.36,215.17 2 12
github.com/denkhaus/knot/internal/commands/task/commands.go:215.17,217.4 1 0
github.com/denkhaus/knot/internal/commands/task/commands.go:219.3,229.60 7 12
github.com/denkhaus/knot/internal/commands/task/commands.go:229.60,231.4 1 5
github.com/denkhaus/knot/internal/commands/task/commands.go:233.3,233.72 1 7
github.com/denkhaus/knot/internal/commands/task/commands.go:233.72,235.4 1 1
github.com/denkhaus/knot/internal/commands/task/commands.go:237.3,237.66 1 6
github.com/denkhaus/knot/internal/commands/task/commands.go:237.66,239.4 1 2
github.com/denkhaus/knot/internal/commands/task/commands.go:242.3,242.66 1 4
github.com/denkhaus/knot/internal/commands/task/commands.go:242.66,244.4 1 0
github.com/denkhaus/knot/internal/commands/task/commands.go:247.3,247.18 1 4
github.com/denkhaus/knot/internal/commands/task/commands.go:247.18,249.19 2 0
github.com/denkhaus/knot/internal/commands/task/commands.go:249.19,251.5 1 0
github.com/denkhaus/knot/internal/commands/task/commands.go:255.3,255.63 1 4
github.com/denkhaus/knot/internal/commands/task/commands.go:255.63,257.4 1 0
github.com/denkhaus/knot/internal/commands/task/commands.go:259.3,260.62 2 4
github.com/denkhaus/knot/internal/commands/task/commands.go:260.62,262.18 2 0
github.com/denkhaus/knot/internal/commands/task/commands.go:262.18,264.5 1 0
github.com/denkhaus/knot/internal/commands/task/commands.go:265.4,265.22 1 0
github.com/denkhaus/knot/internal/commands/task/commands.go:268.3,276.17 3 4
github.com/denkhaus/knot/internal/commands/task/commands.go:276.17,279.4 2 0
github.com/denkhaus/knot/internal/commands/task/commands.go:281.3,285.29 4 4
github.com/denkhaus/knot/internal/commands/task/commands.go:285.29,287.4 1 4
github.com/denkhaus/knot/internal/commands/task/commands.go:288.3,291.22 4 4
github.com/denkhaus/knot/internal/commands/task/commands.go:291.22,293.4 1 0
github.com/denkhaus/knot/internal/commands/task/commands.go:296.3,300.22 3 4
github.com/denkhaus/knot/internal/commands/task/commands.go:300.22,305.4 4 0
github.com/denkhaus/knot/internal/commands/task/commands.go:307.3,307.13 1 4
github.com/denkhaus/knot/internal/commands/task/commands.go:311.59,312.36 1 3
github.com/denkhaus/knot/internal/commands/task/commands.go:312.36,314.17 2 3
github.com/denkhaus/knot/internal/commands/task/commands.go:314.17,316.4 1 0
github.com/denkhaus/knot/internal/commands/task/commands.go:318.3,321.17 3 3
github.com/denkhaus/knot/internal/commands/task/commands.go:321.17,324.4 2 0
github.com/denkhaus/knot/internal/commands/task/commands.go:327.3,339.27 5 3
github.com/denkhaus/knot/internal/commands/task/commands.go:339.27,342.4 2 1
github.com/denkhaus/knot/internal/commands/task/commands.go:345.3,345.21 1 2
github.com/denkhaus/knot/internal/commands/task/commands.go:345.21,347.4 1 0
github.com/denkhaus/knot/internal/commands/task/commands.go:350.3,353.27 2 2
github.com/denkhaus/knot/internal/commands/task/commands.go:353.27,355.4 1 2
github.com/denkhaus/knot/internal/commands/task/commands.go:355.9,357.4 1 0
github.com/denkhaus/knot/internal/commands/task/commands.go:359.3,359.35 1 2
github.com/denkhaus/knot/internal/commands/task/commands.go:359.35,361.36 2 3
github.com/denkhaus/knot/internal/commands/task/commands.go:361.36,363.5 1 0
github.com/denkhaus/knot/internal/commands/task/commands.go:364.4,365.30 2 3
github.com/denkhaus/knot/internal/commands/task/commands.go:365.30,367.5 1 3
github.com/denkhaus/knot/internal/commands/task/commands.go:368.4,369.17 2 3
github.com/denkhaus/knot/internal/commands/task/commands.go:371.3,371.13 1 2
github.com/denkhaus/knot/internal/commands/task/commands.go:375.66,376.36 1 5
github.com/denkhaus/knot/internal/commands/task/commands.go:376.36,379.17 3 5
github.com/denkhaus/knot/internal/commands/task/commands.go:379.17,381.4 1 1
github.com/denkhaus/knot/internal/commands/task/commands.go:383.3,387.18 3 4
github.com/denkhaus/knot/internal/commands/task/commands.go:387.18,389.19 2 0
github.com/denkhaus/knot/internal/commands/task/commands.go:389.19,391.5 1 0
github.com/denkhaus/knot/internal/commands/task/commands.go:395.3,395.60 1 4
github.com/denkhaus/knot/internal/commands/task/commands.go:395.60,397.4 1 1
github.com/denkhaus/knot/internal/commands/task/commands.go:399.3,408.17 4 3
github.com/denkhaus/knot/internal/commands/task/commands.go:408.17,411.4 2 1
github.com/denkhaus/knot/internal/commands/task/commands.go:414.3,415.82 2 2
github.com/denkhaus/knot/internal/commands/task/commands.go:415.82,419.4 1 0
github.com/denkhaus/knot/internal/commands/task/commands.go:422.3,423.17 2 2
github.com/denkhaus/knot/internal/commands/task/commands.go:423.17,426.4 2 0
github.com/denkhaus/knot/internal/commands/task/commands.go:428.3,431.13 4 2
github.com/denkhaus/knot/internal/commands/task/commands.go:436.51,438.16 2 0
github.com/denkhaus/knot/internal/commands/task/commands.go:438.16,440.3 1 0
github.com/denkhaus/knot/internal/commands/task/commands.go:441.2,442.12 2 0
github.com/denkhaus/knot/internal/commands/task/commands.go:446.53,448.16 2 0
github.com/denkhaus/knot/internal/commands/task/commands.go:448.16,450.3 1 0
github.com/denkhaus/knot/internal/commands/task/commands.go:451.2,452.12 2 0
github.com/denkhaus/knot/internal/commands/task/commands.go:455.66,456.36 1 3
github.com/denkhaus/knot/internal/commands/task/commands.go:456.36,459.17 3 3
github.com/denkhaus/knot/internal/commands/task/commands.go:459.17,461.4 1 1
github.com/denkhaus/knot/internal/commands/task/commands.go:463.3,465.21 3 2
github.com/denkhaus/knot/internal/commands/task/commands.go:465.21,467.4 1 1
github.com/denkhaus/knot/internal/commands/task/commands.go:470.3,470.18 1 1
github.com/denkhaus/knot/internal/commands/task/commands.go:470.18,472.19 2 0
github.com/denkhaus/knot/internal/commands/task/commands.go:472.19,474.5 1 0
github.com/denkhaus/knot/internal/commands/task/commands.go:477.3,484.17 3 1
github.com/denkhaus/knot/internal/commands/task/commands.go:484.17,487.4 2 0
github.com/denkhaus/knot/internal/commands/task/commands.go:489.3,493.17 3 1
github.com/denkhaus/knot/internal/commands/task/commands.go:493.17,496.4 2 0
github.com/denkhaus/knot/internal/commands/task/commands.go:498.3,501.13 4 1
github.com/denkhaus/knot/internal/commands/task/commands.go:505.72,506.36 1 0
github.com/denkhaus/knot/internal/commands/task/commands.go:506.36,509.17 3 0
github.com/denkhaus/knot/internal/commands/task/commands.go:509.17,511.4 1 0
github.com/denkhaus/knot/internal/commands/task/commands.go:513.3,517.18 3 0
github.com/denkhaus/knot/internal/commands/task/commands.go:517.18,519.19 2 0
github.com/denkhaus/knot/internal/commands/task/commands.go:519.19,521.5 1 0
github.com/denkhaus/knot/internal/commands/task/commands.go:524.3,531.17 3 0
github.com/denkhaus/knot/internal/commands/task/commands.go:531.17,534.4 2 0
github.com/denkhaus/knot/internal/commands/task/commands.go:536.3,540.17 3 0
github.com/denkhaus/knot/internal/commands/task/commands.go:540.17,543.4 2 0
github.com/denkhaus/knot/internal/commands/task/commands.go:545.3,546.27 2 0
github.com/denkhaus/knot/internal/commands/task/commands.go:546.27,548.4 1 0
github.com/denkhaus/knot/internal/commands/task/commands.go:548.9,550.4 1 0
github.com/denkhaus/knot/internal/commands/task/commands.go:551.3,552.13 2 0
github.com/denkhaus/knot/internal/commands/task/commands.go:556.69,557.36 1 0
github.com/denkhaus/knot/internal/commands/task/commands.go:557.36,560.17 3 0
github.com/denkhaus/knot/internal/commands/task/commands.go:560.17,562.4 1 0
github.com/denkhaus/knot/internal/commands/task/commands.go:564.3,568.18 3 0
github.com/denkhaus/knot/internal/commands/task/commands.go:568.18,570.19 2 0
github.com/denkhaus/knot/internal/commands/task/commands.go:570.19,572.5 1 0
github.com/denkhaus/knot/internal/commands/task/commands.go:576.3,577.66 2 0
github.com/denkhaus/knot/internal/commands/task/commands.go:577.66,579.4 1 0
github.com/denkhaus/knot/internal/commands/task/commands.go:581.3,588.17 3 0
github.com/denkhaus/knot/internal/commands/task/commands.go:588.17,591.4 2 0
github.com/denkhaus/knot/internal/commands/task/commands.go:593.3,597.17 3 0
github.com/denkhaus/knot/internal/commands/task/commands.go:597.17,600.4 2 0
github.com/denkhaus/knot/internal/commands/task/commands.go:602.3,605.13 4 0
github.com/denkhaus/knot/internal/commands/task/commands.go:612.74,615.29 2 3
github.com/denkhaus/knot/internal/commands/task/commands.go:615.29,617.46 1 3
github.com/denkhaus/knot/internal/commands/task/commands.go:617.46,618.35 1 0
github.com/denkhaus/knot/internal/commands/task/commands.go:618.35,619.13 1 0
github.com/denkhaus/knot/internal/commands/task/commands.go:624.3,624.55 1 3
github.com/denkhaus/knot/internal/commands/task/commands.go:624.55,625.41 1 0
github.com/denkhaus/knot/internal/commands/task/commands.go:625.41,626.13 1 0
github.com/denkhaus/knot/internal/commands/task/commands.go:631.3,631.56 1 3
github.com/denkhaus/knot/internal/commands/task/commands.go:631.56,632.37 1 0
github.com/denkhaus/knot/internal/commands/task/commands.go:632.37,633.13 1 0
github.com/denkhaus/knot/internal/commands/task/commands.go:636.3,636.66 1 3
github.com/denkhaus/knot/internal/commands/task/commands.go:636.66,637.39 1 0
github.com/denkhaus/knot/internal/commands/task/commands.go:637.39,638.13 1 0
github.com/denkhaus/knot/internal/commands/task/commands.go:641.3,641.66 1 3
github.com/denkhaus/knot/internal/commands/task/commands.go:641.66,642.39 1 0
github.com/denkhaus/knot/internal/commands/task/commands.go:642.39,643.13 1 0
github.com/denkhaus/knot/internal/commands/task/commands.go:648.3,648.52 1 3
github.com/denkhaus/knot/internal/commands/task/commands.go:648.52,649.29 1 3
github.com/denkhaus/knot/internal/commands/task/commands.go:649.29,650.13 1 0
github.com/denkhaus/knot/internal/commands/task/commands.go:655.3,655.49 1 3
github.com/denkhaus/knot/internal/commands/task/commands.go:655.49,659.33 4 0
github.com/denkhaus/knot/internal/commands/task/commands.go:659.33,660.13 1 0
github.com/denkhaus/knot/internal/commands/task/commands.go:665.3,665.36 1 3
github.com/denkhaus/knot/internal/commands/task/commands.go:668.2,668.17 1 3
github.com/denkhaus/knot/internal/commands/task/commands.go:672.74,680.41 5 3
github.com/denkhaus/knot/internal/commands/task/commands.go:680.41,683.20 2 1
github.com/denkhaus/knot/internal/commands/task/commands.go:684.16,685.78 1 0
github.com/denkhaus/knot/internal/commands/task/commands.go:686.21,687.54 1 0
github.com/denkhaus/knot/internal/commands/task/commands.go:688.16,689.60 1 0
github.com/denkhaus/knot/internal/commands/task/commands.go:690.19,693.96 2 0
github.com/denkhaus/knot/internal/commands/task/commands.go:694.16,695.44 1 0
github.com/denkhaus/knot/internal/commands/task/commands.go:696.18,697.15 1 0
github.com/denkhaus/knot/internal/commands/task/commands.go:698.11,700.56 1 1
github.com/denkhaus/knot/internal/commands/task/commands.go:703.3,703.14 1 1
github.com/denkhaus/knot/internal/commands/task/commands.go:703.14,705.4 1 0
github.com/denkhaus/knot/internal/commands/task/commands.go:706.3,706.14 1 1
github.com/denkhaus/knot/internal/commands/task/commands.go:709.2,709.15 1 3
github.com/denkhaus/knot/internal/commands/task/commands.go:713.72,715.39 2 3
github.com/denkhaus/knot/internal/commands/task/commands.go:715.39,717.3 1 3
github.com/denkhaus/knot/internal/commands/task/commands.go:718.2,718.22 1 0
github.com/denkhaus/knot/internal/commands/task/commands.go:722.45,733.2 1 2
github.com/denkhaus/knot/internal/commands/task/deletion.go:19.65,56.2 1 0
github.com/denkhaus/knot/internal/commands/task/deletion.go:59.61,60.36 1 0
github.com/denkhaus/knot/internal/commands/task/deletion.go:60.36,63.17 3 0
github.com/denkhaus/knot/internal/commands/task/deletion.go:63.17,65.4 1 0
github.com/denkhaus/knot/internal/commands/task/deletion.go:67.3,71.17 3 0
github.com/denkhaus/knot/internal/commands/task/deletion.go:71.17,73.4 1 0
github.com/denkhaus/knot/internal/commands/task/deletion.go:76.3,77.17 2 0
github.com/denkhaus/knot/internal/commands/task/deletion.go:77.17,79.4 1 0
github.com/denkhaus/knot/internal/commands/task/deletion.go:81.3,81.24 1 0
github.com/denkhaus/knot/internal/commands/task/deletion.go:81.24,89.4 1 0
github.com/denkhaus/knot/internal/commands/task/deletion.go:92.3,92.51 1 0
github.com/denkhaus/knot/internal/commands/task/deletion.go:92.51,94.14 1 0
github.com/denkhaus/knot/internal/commands/task/deletion.go:94.14,97.5 2 0
github.com/denkhaus/knot/internal/commands/task/deletion.go:100.4,102.30 3 0
github.com/denkhaus/knot/internal/commands/task/deletion.go:102.30,104.5 1 0
github.com/denkhaus/knot/internal/commands/task/deletion.go:107.4,108.18 2 0
github.com/denkhaus/knot/internal/commands/task/deletion.go:108.18,115.5 1 0
github.com/denkhaus/knot/internal/commands/task/deletion.go:117.4,118.14 2 0
github.com/denkhaus/knot/internal/commands/task/deletion.go:119.9,121.14 1 0
github.com/denkhaus/knot/internal/commands/task/deletion.go:121.14,124.5 2 0
github.com/denkhaus/knot/internal/commands/task/deletion.go:127.4,129.30 3 0
github.com/denkhaus/knot/internal/commands/task/deletion.go:129.30,131.5 1 0
github.com/denkhaus/knot/internal/commands/task/deletion.go:132.4,136.43 3 0
github.com/denkhaus/knot/internal/commands/task/deletion.go:136.43,138.38 2 0
github.com/denkhaus/knot/internal/commands/task/deletion.go:138.38,140.6 1 0
github.com/denkhaus/knot/internal/commands/task/deletion.go:143.4,144.41 2 0
github.com/denkhaus/knot/internal/commands/task/deletion.go:144.41,146.36 2 0
github.com/denkhaus/knot/internal/commands/task/deletion.go:146.36,148.6 1 0
github.com/denkhaus/knot/internal/commands/task/deletion.go:149.5,149.60 1 0
github.com/denkhaus/knot/internal/commands/task/deletion.go:153.4,154.18 2 0
github.com/denkhaus/knot/internal/commands/task/deletion.go:154.18,161.5 1 0
github.com/denkhaus/knot/internal/commands/task/deletion.go:163.4,168.14 5 0
github.com/denkhaus/knot/internal/commands/task/deletion.go:174.68,175.36 1 0
github.com/denkhaus/knot/internal/commands/task/deletion.go:175.36,178.17 3 0
github.com/denkhaus/knot/internal/commands/task/deletion.go:178.17,180.4 1 0
github.com/denkhaus/knot/internal/commands/task/deletion.go:182.3,190.17 4 0
github.com/denkhaus/knot/internal/commands/task/deletion.go:190.17,193.4 2 0
github.com/denkhaus/knot/internal/commands/task/deletion.go:196.3,197.17 2 0
github.com/denkhaus/knot/internal/commands/task/deletion.go:197.17,200.4 2 0
github.com/denkhaus/knot/internal/commands/task/deletion.go:203.3,203.51 1 0
github.com/denkhaus/knot/internal/commands/task/deletion.go:203.51,205.14 1 0
github.com/denkhaus/knot/internal/commands/task/deletion.go:205.14,209.5 3 0
github.com/denkhaus/knot/internal/commands/task/deletion.go:212.4,215.28 3 0
github.com/denkhaus/knot/internal/commands/task/deletion.go:215.28,217.38 2 0
github.com/denkhaus/knot/internal/commands/task/deletion.go:217.38,220.6 2 0
github.com/denkhaus/knot/internal/commands/task/deletion.go:223.4,228.18 4 0
github.com/denkhaus/knot/internal/commands/task/deletion.go:228.18,231.5 2 0
github.com/denkhaus/knot/internal/commands/task/deletion.go:233.4,235.14 3 0
github.com/denkhaus/knot/internal/commands/task/deletion.go:236.9,238.14 1 0
github.com/denkhaus/knot/internal/commands/task/deletion.go:238.14,242.5 3 0
github.com/denkhaus/knot/internal/commands/task/deletion.go:245.4,247.30 3 0
github.com/denkhaus/knot/internal/commands/task/deletion.go:247.30,249.5 1 0
github.com/denkhaus/knot/internal/commands/task/deletion.go:250.4,252.28 2 0
github.com/denkhaus/knot/internal/commands/task/deletion.go:252.28,254.38 2 0
github.com/denkhaus/knot/internal/commands/task/deletion.go:254.38,257.6 2 0
github.com/denkhaus/knot/internal/commands/task/deletion.go:260.4,265.18 4 0
github.com/denkhaus/knot/internal/commands/task/deletion.go:265.18,267.5 1 0
github.com/denkhaus/knot/internal/commands/task/deletion.go:270.4,271.18 2 0
github.com/denkhaus/knot/internal/commands/task/deletion.go:271.18,278.5 1 0
github.com/denkhaus/knot/internal/commands/task/deletion.go:280.4,286.14 6 0
github.com/denkhaus/knot/internal/commands/task/deletion.go:292.54,301.2 6 0
github.com/denkhaus/knot/internal/commands/task/deletion.go:304.105,309.48 4 0
github.com/denkhaus/knot/internal/commands/task/deletion.go:309.48,310.18 1 0
github.com/denkhaus/knot/internal/commands/task/deletion.go:310.18,312.4 1 0
github.com/denkhaus/knot/internal/commands/task/deletion.go:313.3,316.17 3 0
github.com/denkhaus/knot/internal/commands/task/deletion.go:316.17,318.4 1 0
github.com/denkhaus/knot/internal/commands/task/deletion.go:320.3,320.34 1 0
github.com/denkhaus/knot/internal/commands/task/deletion.go:320.34,322.55 2 0
github.com/denkhaus/knot/internal/commands/task/deletion.go:322.55,324.5 1 0
github.com/denkhaus/knot/internal/commands/task/deletion.go:327.3,327.13 1 0
github.com/denkhaus/knot/internal/commands/task/deletion.go:330.2,330.51 1 0
github.com/denkhaus/knot/internal/commands/task/deletion.go:330.51,332.3 1 0
github.com/denkhaus/knot/internal/commands/task/deletion.go:334.2,334.20 1 0
github.com/denkhaus/knot/internal/commands/task/deletion.go:338.113,343.41 3 0
github.com/denkhaus/knot/internal/commands/task/deletion.go:343.41,345.36 2 0
github.com/denkhaus/knot/internal/commands/task/deletion.go:345.36,347.4 1 0
github.com/denkhaus/knot/internal/commands/task/deletion.go:351.2,353.32 3 0
github.com/denkhaus/knot/internal/commands/task/deletion.go:353.32,355.3 1 0
github.com/denkhaus/knot/internal/commands/task/deletion.go:357.2,357.32 1 0
github.com/denkhaus/knot/internal/commands/task/deletion.go:357.32,359.17 2 0
github.com/denkhaus/knot/internal/commands/task/deletion.go:359.17,360.12 1 0
github.com/denkhaus/knot/internal/commands/task/deletion.go:363.3,363.40 1 0
github.com/denkhaus/knot/internal/commands/task/deletion.go:363.40,365.37 1 0
github.com/denkhaus/knot/internal/commands/task/deletion.go:365.37,367.5 1 0
github.com/denkhaus/knot/internal/commands/task/deletion.go:371.2,371.33 1 0
github.com/denkhaus/knot/internal/commands/task/deletion.go:371.33,373.42 2 0
github.com/denkhaus/knot/internal/commands/task/deletion.go:373.42,375.4 1 0
github.com/denkhaus/knot/internal/commands/task/deletion.go:376.3,376.86 1 0
github.com/denkhaus/knot/internal/commands/task/deletion.go:379.2,379.12 1 0
github.com/denkhaus/knot/internal/commands/task/get_started.go:15.65,16.36 1 0
github.com/denkhaus/knot/internal/commands/task/get_started.go:16.36,18.17 2 0
github.com/denkhaus/knot/internal/commands/task/get_started.go:18.17,20.4 1 0
github.com/denkhaus/knot/internal/commands/task/get_started.go:22.3,23.13 2 0
github.com/denkhaus/knot/internal/commands/task/hierarchy.go:17.66,77.2 1 0
github.com/denkhaus/knot/internal/commands/task/hierarchy.go:80.63,81.36 1 0
github.com/denkhaus/knot/internal/commands/task/hierarchy.go:81.36,84.17 3 0
github.com/denkhaus/knot/internal/commands/task/hierarchy.go:84.17,86.4 1 0
github.com/denkhaus/knot/internal/commands/task/hierarchy.go:88.3,96.17 4 0
github.com/denkhaus/knot/internal/commands/task/hierarchy.go:96.17,99.4 2 0
github.com/denkhaus/knot/internal/commands/task/hierarchy.go:101.3,102.16 2 0
github.com/denkhaus/knot/internal/commands/task/hierarchy.go:102.16,104.4 1 0
github.com/denkhaus/knot/internal/commands/task/hierarchy.go:104.9,106.4 1 0
github.com/denkhaus/knot/internal/commands/task/hierarchy.go:108.3,108.17 1 0
github.com/denkhaus/knot/internal/commands/task/hierarchy.go:108.17,111.4 2 0
github.com/denkhaus/knot/internal/commands/task/hierarchy.go:113.3,115.25 2 0
github.com/denkhaus/knot/internal/commands/task/hierarchy.go:115.25,118.4 2 0
github.com/denkhaus/knot/internal/commands/task/hierarchy.go:121.3,121.44 1 0
github.com/denkhaus/knot/internal/commands/task/hierarchy.go:121.44,122.46 1 0
github.com/denkhaus/knot/internal/commands/task/hierarchy.go:122.46,124.5 1 0
github.com/denkhaus/knot/internal/commands/task/hierarchy.go:125.4,125.48 1 0
github.com/denkhaus/knot/internal/commands/task/hierarchy.go:128.3,128.34 1 0
github.com/denkhaus/knot/internal/commands/task/hierarchy.go:128.34,130.17 2 0
github.com/denkhaus/knot/internal/commands/task/hierarchy.go:130.17,133.40 2 0
github.com/denkhaus/knot/internal/commands/task/hierarchy.go:133.40,135.6 1 0
github.com/denkhaus/knot/internal/commands/task/hierarchy.go:138.4,139.31 2 0
github.com/denkhaus/knot/internal/commands/task/hierarchy.go:139.31,141.5 1 0
github.com/denkhaus/knot/internal/commands/task/hierarchy.go:142.4,144.17 2 0
github.com/denkhaus/knot/internal/commands/task/hierarchy.go:147.3,147.16 1 0
github.com/denkhaus/knot/internal/commands/task/hierarchy.go:147.16,149.4 1 0
github.com/denkhaus/knot/internal/commands/task/hierarchy.go:149.9,151.4 1 0
github.com/denkhaus/knot/internal/commands/task/hierarchy.go:153.3,153.13 1 0
github.com/denkhaus/knot/internal/commands/task/hierarchy.go:158.61,159.36 1 0
github.com/denkhaus/knot/internal/commands/task/hierarchy.go:159.36,162.17 3 0
github.com/denkhaus/knot/internal/commands/task/hierarchy.go:162.17,164.4 1 0
github.com/denkhaus/knot/internal/commands/task/hierarchy.go:166.3,170.17 3 0
github.com/denkhaus/knot/internal/commands/task/hierarchy.go:170.17,173.4 2 0
github.com/denkhaus/knot/internal/commands/task/hierarchy.go:175.3,177.32 2 0
github.com/denkhaus/knot/internal/commands/task/hierarchy.go:177.32,180.4 2 0
[...]
github.com/denkhaus/knot/internal/repository/sqlite/ent/task/task.go:233.59,235.2 1 0
github.com/denkhaus/knot/internal/repository/sqlite/ent/task/task.go:238.59,240.2 1 0
github.com/denkhaus/knot/internal/repository/sqlite/ent/task/task.go:243.61,245.2 1 0
github.com/denkhaus/knot/internal/repository/sqlite/ent/task/task.go:248.76,249.31 1 0
github.com/denkhaus/knot/internal/repository/sqlite/ent/task/task.go:249.31,251.3 1 0
github.com/denkhaus/knot/internal/repository/sqlite/ent/task/task.go:255.75,256.31 1 0
github.com/denkhaus/knot/internal/repository/sqlite/ent/task/task.go:256.31,258.3 1 0
github.com/denkhaus/knot/internal/repository/sqlite/ent/task/task.go:262.63,263.31 1 0
github.com/denkhaus/knot/internal/repository/sqlite/ent/task/task.go:263.31,265.3 1 0
github.com/denkhaus/knot/internal/repository/sqlite/ent/task/task.go:269.73,270.31 1 0
github.com/denkhaus/knot/internal/repository/sqlite/ent/task/task.go:270.31,272.3 1 0
github.com/denkhaus/knot/internal/repository/sqlite/ent/task/task.go:274.38,280.2 1 0
github.com/denkhaus/knot/internal/repository/sqlite/ent/task/task.go:281.37,287.2 1 0
github.com/denkhaus/knot/internal/repository/sqlite/ent/task/task.go:288.39,294.2 1 0
github.com/denkhaus/knot/internal/repository/sqlite/ent/task/where.go:15.38,17.2 1 0
github.com/denkhaus/knot/internal/repository/sqlite/ent/task/where.go:20.40,22.2 1 0
github.com/denkhaus/knot/internal/repository/sqlite/ent/task/where.go:25.41,27.2 1 0
github.com/denkhaus/knot/internal/repository/sqlite/ent/task/where.go:30.44,32.2 1 0
github.com/denkhaus/knot/internal/repository/sqlite/ent/task/where.go:35.47,37.2 1 0
github.com/denkhaus/knot/internal/repository/sqlite/ent/task/where.go:40.40,42.2 1 0
github.com/denkhaus/knot/internal/repository/sqlite/ent/task/where.go:45.41,47.2 1 0
github.com/denkhaus/knot/internal/repository/sqlite/ent/task/where.go:50.40,52.2 1 0
github.com/denkhaus/knot/internal/repository/sqlite/ent/task/where.go:55.41,57.2 1 0
github.com/denkhaus/knot/internal/repository/sqlite/ent/task/where.go:60.44,62.2 1 0
github.com/denkhaus/knot/internal/repository/sqlite/ent/task/where.go:65.43,67.2 1 0
github.com/denkhaus/knot/internal/repository/sqlite/ent/task/where.go:70.37,72.2 1 0
github.com/denkhaus/knot/internal/repository/sqlite/ent/task/where.go:75.43,77.2 1 0
github.com/denkhaus/knot/internal/repository/sqlite/ent/task/where.go:80.39,82.2 1 0
github.com/denkhaus/knot/internal/repository/sqlite/ent/task/where.go:85.34,87.2 1 0
github.com/denkhaus/knot/internal/repository/sqlite/ent/task/where.go:90.39,92.2 1 0
github.com/denkhaus/knot/internal/repository/sqlite/ent/task/where.go:95.48,97.2 1 0
github.com/denkhaus/knot/internal/repository/sqlite/ent/task/where.go:100.44,102.2 1 0
github.com/denkhaus/knot/internal/repository/sqlite/ent/task/where.go:105.44,107.2 1 0
github.com/denkhaus/knot/internal/repository/sqlite/ent/task/where.go:110.46,112.2 1 0
github.com/denkhaus/knot/internal/repository/sqlite/ent/task/where.go:115.46,117.2 1 0
github.com/denkhaus/knot/internal/repository/sqlite/ent/task/where.go:120.47,122.2 1 0
github.com/denkhaus/knot/internal/repository/sqlite/ent/task/where.go:125.50,127.2 1 0
github.com/denkhaus/knot/internal/repository/sqlite/ent/task/where.go:130.53,132.2 1 0
github.com/denkhaus/knot/internal/repository/sqlite/ent/task/where.go:135.45,137.2 1 0
github.com/denkhaus/knot/internal/repository/sqlite/ent/task/where.go:140.46,142.2 1 0
github.com/denkhaus/knot/internal/repository/sqlite/ent/task/where.go:145.49,147.2 1 0
github.com/denkhaus/knot/internal/repository/sqlite/ent/task/where.go:150.52,152.2 1 0
github.com/denkhaus/knot/internal/repository/sqlite/ent/task/where.go:155.37,157.2 1 0
github.com/denkhaus/knot/internal/repository/sqlite/ent/task/where.go:160.38,162.2 1 0
github.com/denkhaus/knot/internal/repository/sqlite/ent/task/where.go:165.39,167.2 1 0
github.com/denkhaus/knot/internal/repository/sqlite/ent/task/where.go:170.40,172.2 1 0
github.com/denkhaus/knot/internal/repository/sqlite/ent/task/where.go:175.43,177.2 1 0
github.com/denkhaus/knot/internal/repository/sqlite/ent/task/where.go:180.46,182.2 1 0
github.com/denkhaus/knot/internal/repository/sqlite/ent/task/where.go:185.39,187.2 1 0
github.com/denkhaus/knot/internal/repository/sqlite/ent/task/where.go:190.40,192.2 1 0
github.com/denkhaus/knot/internal/repository/sqlite/ent/task/where.go:195.39,197.2 1 0
github.com/denkhaus/knot/internal/repository/sqlite/ent/task/where.go:200.40,202.2 1 0
github.com/denkhaus/knot/internal/repository/sqlite/ent/task/where.go:205.45,207.2 1 0
github.com/denkhaus/knot/internal/repository/sqlite/ent/task/where.go:210.46,212.2 1 0
github.com/denkhaus/knot/internal/repository/sqlite/ent/task/where.go:215.46,217.2 1 0
github.com/denkhaus/knot/internal/repository/sqlite/ent/task/where.go:220.46,222.2 1 0
github.com/denkhaus/knot/internal/repository/sqlite/ent/task/where.go:225.49,227.2 1 0
github.com/denkhaus/knot/internal/repository/sqlite/ent/task/where.go:230.45,232.2 1 0
github.com/denkhaus/knot/internal/repository/sqlite/ent/task/where.go:235.46,237.2 1 0
github.com/denkhaus/knot/internal/repository/sqlite/ent/task/where.go:240.49,242.2 1 0
github.com/denkhaus/knot/internal/repository/sqlite/ent/task/where.go:245.52,247.2 1 0
github.com/denkhaus/knot/internal/repository/sqlite/ent/task/where.go:250.45,252.2 1 0
github.com/denkhaus/knot/internal/repository/sqlite/ent/task/where.go:255.46,257.2 1 0
github.com/denkhaus/knot/internal/repository/sqlite/ent/task/where.go:260.45,262.2 1 0
github.com/denkhaus/knot/internal/repository/sqlite/ent/task/where.go:265.46,267.2 1 0
github.com/denkhaus/knot/internal/repository/sqlite/ent/task/where.go:270.51,272.2 1 0
github.com/denkhaus/knot/internal/repository/sqlite/ent/task/where.go:275.52,277.2 1 0
github.com/denkhaus/knot/internal/repository/sqlite/ent/task/where.go:280.52,282.2 1 0
github.com/denkhaus/knot/internal/repository/sqlite/ent/task/where.go:285.40,287.2 1 0
github.com/denkhaus/knot/internal/repository/sqlite/ent/task/where.go:290.41,292.2 1 0
github.com/denkhaus/knot/internal/repository/sqlite/ent/task/where.go:295.52,297.2 1 0
github.com/denkhaus/knot/internal/repository/sqlite/ent/task/where.go:300.55,302.2 1 0
github.com/denkhaus/knot/internal/repository/sqlite/ent/task/where.go:305.38,307.2 1 0
github.com/denkhaus/knot/internal/repository/sqlite/ent/task/where.go:310.39,312.2 1 0
github.com/denkhaus/knot/internal/repository/sqlite/ent/task/where.go:315.42,317.2 1 0
github.com/denkhaus/knot/internal/repository/sqlite/ent/task/where.go:320.45,322.2 1 0
github.com/denkhaus/knot/internal/repository/sqlite/ent/task/where.go:325.44,327.2 1 0
github.com/denkhaus/knot/internal/repository/sqlite/ent/task/where.go:330.45,332.2 1 0
github.com/denkhaus/knot/internal/repository/sqlite/ent/task/where.go:335.48,337.2 1 0
github.com/denkhaus/knot/internal/repository/sqlite/ent/task/where.go:340.51,342.2 1 0
github.com/denkhaus/knot/internal/repository/sqlite/ent/task/where.go:345.41,347.2 1 0
github.com/denkhaus/knot/internal/repository/sqlite/ent/task/where.go:350.42,352.2 1 0
github.com/denkhaus/knot/internal/repository/sqlite/ent/task/where.go:355.45,357.2 1 0
github.com/denkhaus/knot/internal/repository/sqlite/ent/task/where.go:360.48,362.2 1 0
github.com/denkhaus/knot/internal/repository/sqlite/ent/task/where.go:365.41,367.2 1 0
github.com/denkhaus/knot/internal/repository/sqlite/ent/task/where.go:370.42,372.2 1 0
github.com/denkhaus/knot/internal/repository/sqlite/ent/task/where.go:375.41,377.2 1 0
github.com/denkhaus/knot/internal/repository/sqlite/ent/task/where.go:380.42,382.2 1 0
github.com/denkhaus/knot/internal/repository/sqlite/ent/task/where.go:385.36,387.2 1 0
github.com/denkhaus/knot/internal/repository/sqlite/ent/task/where.go:390.37,392.2 1 0
github.com/denkhaus/knot/internal/repository/sqlite/ent/task/where.go:395.40,397.2 1 0
github.com/denkhaus/knot/internal/repository/sqlite/ent/task/where.go:400.43,402.2 1 0
github.com/denkhaus/knot/internal/repository/sqlite/ent/task/where.go:405.36,407.2 1 0
github.com/denkhaus/knot/internal/repository/sqlite/ent/task/where.go:410.37,412.2 1 0
github.com/denkhaus/knot/internal/repository/sqlite/ent/task/where.go:415.36,417.2 1 0
github.com/denkhaus/knot/internal/repository/sqlite/ent/task/where.go:420.37,422.2 1 0
github.com/denkhaus/knot/internal/repository/sqlite/ent/task/where.go:425.41,427.2 1 0
github.com/denkhaus/knot/internal/repository/sqlite/ent/task/where.go:430.42,432.2 1 0
github.com/denkhaus/knot/internal/repository/sqlite/ent/task/where.go:435.45,437.2 1 0
github.com/denkhaus/knot/internal/repository/sqlite/ent/task/where.go:440.48,442.2 1 0
github.com/denkhaus/knot/internal/repository/sqlite/ent/task/where.go:445.41,447.2 1 0
github.com/denkhaus/knot/internal/repository/sqlite/ent/task/where.go:450.42,452.2 1 0
github.com/denkhaus/knot/internal/repository/sqlite/ent/task/where.go:455.41,457.2 1 0
github.com/denkhaus/knot/internal/repository/sqlite/ent/task/where.go:460.42,462.2 1 0
github.com/denkhaus/knot/internal/repository/sqlite/ent/task/where.go:465.37,467.2 1 0
github.com/denkhaus/knot/internal/repository/sqlite/ent/task/where.go:470.38,472.2 1 0
github.com/denkhaus/knot/internal/repository/sqlite/ent/task/where.go:475.50,477.2 1 0
github.com/denkhaus/knot/internal/repository/sqlite/ent/task/where.go:480.51,482.2 1 0
github.com/denkhaus/knot/internal/repository/sqlite/ent/task/where.go:485.54,487.2 1 0
github.com/denkhaus/knot/internal/repository/sqlite/ent/task/where.go:490.57,492.2 1 0
github.com/denkhaus/knot/internal/repository/sqlite/ent/task/where.go:495.50,497.2 1 0
github.com/denkhaus/knot/internal/repository/sqlite/ent/task/where.go:500.51,502.2 1 0
github.com/denkhaus/knot/internal/repository/sqlite/ent/task/where.go:505.50,507.2 1 0
github.com/denkhaus/knot/internal/repository/sqlite/ent/task/where.go:510.51,512.2 1 0
github.com/denkhaus/knot/internal/repository/sqlite/ent/task/where.go:515.42,517.2 1 0
github.com/denkhaus/knot/internal/repository/sqlite/ent/task/where.go:520.43,522.2 1 0
github.com/denkhaus/knot/internal/repository/sqlite/ent/task/where.go:525.46,527.2 1 0
github.com/denkhaus/knot/internal/repository/sqlite/ent/task/where.go:530.47,532.2 1 0
github.com/denkhaus/knot/internal/repository/sqlite/ent/task/where.go:535.50,537.2 1 0
github.com/denkhaus/knot/internal/repository/sqlite/ent/task/where.go:540.53,542.2 1 0
github.com/denkhaus/knot/internal/repository/sqlite/ent/task/where.go:545.46,547.2 1 0
github.com/denkhaus/knot/internal/repository/sqlite/ent/task/where.go:550.47,552.2 1 0
github.com/denkhaus/knot/internal/repository/sqlite/ent/task/where.go:555.46,557.2 1 0
github.com/denkhaus/knot/internal/repository/sqlite/ent/task/where.go:560.47,562.2 1 0
github.com/denkhaus/knot/internal/repository/sqlite/ent/task/where.go:565.46,567.2 1 0
github.com/denkhaus/knot/internal/repository/sqlite/ent/task/where.go:570.47,572.2 1 0
github.com/denkhaus/knot/internal/repository/sqlite/ent/task/where.go:575.50,577.2 1 0
github.com/denkhaus/knot/internal/repository/sqlite/ent/task/where.go:580.53,582.2 1 0
github.com/denkhaus/knot/internal/repository/sqlite/ent/task/where.go:585.46,587.2 1 0
github.com/denkhaus/knot/internal/repository/sqlite/ent/task/where.go:590.47,592.2 1 0
github.com/denkhaus/knot/internal/repository/sqlite/ent/task/where.go:595.46,597.2 1 0
github.com/denkhaus/knot/internal/repository/sqlite/ent/task/where.go:600.47,602.2 1 0
github.com/denkhaus/knot/internal/repository/sqlite/ent/task/where.go:605.48,607.2 1 0
github.com/denkhaus/knot/internal/repository/sqlite/ent/task/where.go:610.49,612.2 1 0
github.com/denkhaus/knot/internal/repository/sqlite/ent/task/where.go:615.52,617.2 1 0
github.com/denkhaus/knot/internal/repository/sqlite/ent/task/where.go:620.55,622.2 1 0
github.com/denkhaus/knot/internal/repository/sqlite/ent/task/where.go:625.48,627.2 1 0
github.com/denkhaus/knot/internal/repository/sqlite/ent/task/where.go:630.49,632.2 1 0
github.com/denkhaus/knot/internal/repository/sqlite/ent/task/where.go:635.48,637.2 1 0
github.com/denkhaus/knot/internal/repository/sqlite/ent/task/where.go:640.49,642.2 1 0
github.com/denkhaus/knot/internal/repository/sqlite/ent/task/where.go:645.40,647.2 1 0
github.com/denkhaus/knot/internal/repository/sqlite/ent/task/where.go:650.41,652.2 1 0
github.com/denkhaus/knot/internal/repository/sqlite/ent/task/where.go:655.34,656.46 1 0
github.com/denkhaus/knot/internal/repository/sqlite/ent/task/where.go:656.46,662.3 2 0
github.com/denkhaus/knot/internal/repository/sqlite/ent/task/where.go:666.64,667.46 1 0
github.com/denkhaus/knot/internal/repository/sqlite/ent/task/where.go:667.46,669.60 2 0
github.com/denkhaus/knot/internal/repository/sqlite/ent/task/where.go:669.60,670.28 1 0
github.com/denkhaus/knot/internal/repository/sqlite/ent/task/where.go:670.28,672.5 1 0
github.com/denkhaus/knot/internal/repository/sqlite/ent/task/where.go:678.33,679.46 1 0
github.com/denkhaus/knot/internal/repository/sqlite/ent/task/where.go:679.46,685.3 2 0
github.com/denkhaus/knot/internal/repository/sqlite/ent/task/where.go:689.60,690.46 1 0
github.com/denkhaus/knot/internal/repository/sqlite/ent/task/where.go:690.46,692.60 2 0
github.com/denkhaus/knot/internal/repository/sqlite/ent/task/where.go:692.60,693.28 1 0
github.com/denkhaus/knot/internal/repository/sqlite/ent/task/where.go:693.28,695.5 1 0
github.com/denkhaus/knot/internal/repository/sqlite/ent/task/where.go:701.35,702.46 1 0
github.com/denkhaus/knot/internal/repository/sqlite/ent/task/where.go:702.46,708.3 2 0
github.com/denkhaus/knot/internal/repository/sqlite/ent/task/where.go:712.62,713.46 1 0
github.com/denkhaus/knot/internal/repository/sqlite/ent/task/where.go:713.46,715.60 2 0
github.com/denkhaus/knot/internal/repository/sqlite/ent/task/where.go:715.60,716.28 1 0
github.com/denkhaus/knot/internal/repository/sqlite/ent/task/where.go:716.28,718.5 1 0
github.com/denkhaus/knot/internal/repository/sqlite/ent/task/where.go:724.55,726.2 1 0
github.com/denkhaus/knot/internal/repository/sqlite/ent/task/where.go:729.54,731.2 1 0
github.com/denkhaus/knot/internal/repository/sqlite/ent/task/where.go:734.43,736.2 1 0
github.com/denkhaus/knot/internal/repository/sqlite/ent/projectcontext/projectcontext.go:45.38,46.25 1 0
github.com/denkhaus/knot/internal/repository/sqlite/ent/projectcontext/projectcontext.go:46.25,47.27 1 0
github.com/denkhaus/knot/internal/repository/sqlite/ent/projectcontext/projectcontext.go:47.27,49.4 1 0
github.com/denkhaus/knot/internal/repository/sqlite/ent/projectcontext/projectcontext.go:51.2,51.14 1 0
github.com/denkhaus/knot/internal/repository/sqlite/ent/projectcontext/projectcontext.go:67.52,69.2 1 0
github.com/denkhaus/knot/internal/repository/sqlite/ent/projectcontext/projectcontext.go:72.67,74.2 1 0
github.com/denkhaus/knot/internal/repository/sqlite/ent/projectcontext/projectcontext.go:77.59,79.2 1 0
github.com/denkhaus/knot/internal/repository/sqlite/ent/projectcontext/projectcontext.go:82.59,84.2 1 0
github.com/denkhaus/knot/internal/repository/sqlite/ent/projectcontext/projectcontext.go:87.84,88.31 1 0
github.com/denkhaus/knot/internal/repository/sqlite/ent/projectcontext/projectcontext.go:88.31,90.3 1 0
github.com/denkhaus/knot/internal/repository/sqlite/ent/projectcontext/projectcontext.go:92.46,98.2 1 0
github.com/denkhaus/knot/internal/repository/sqlite/ent/projectcontext/where.go:15.42,17.2 1 0
github.com/denkhaus/knot/internal/repository/sqlite/ent/projectcontext/where.go:20.44,22.2 1 0
github.com/denkhaus/knot/internal/repository/sqlite/ent/projectcontext/where.go:25.45,27.2 1 0
github.com/denkhaus/knot/internal/repository/sqlite/ent/projectcontext/where.go:30.48,32.2 1 0
github.com/denkhaus/knot/internal/repository/sqlite/ent/projectcontext/where.go:35.51,37.2 1 0
github.com/denkhaus/knot/internal/repository/sqlite/ent/projectcontext/where.go:40.44,42.2 1 0
github.com/denkhaus/knot/internal/repository/sqlite/ent/projectcontext/where.go:45.45,47.2 1 0
github.com/denkhaus/knot/internal/repository/sqlite/ent/projectcontext/where.go:50.44,52.2 1 0
github.com/denkhaus/knot/internal/repository/sqlite/ent/projectcontext/where.go:55.45,57.2 1 0
github.com/denkhaus/knot/internal/repository/sqlite/ent/projectcontext/where.go:60.62,62.2 1 0
github.com/denkhaus/knot/internal/repository/sqlite/ent/projectcontext/where.go:65.54,67.2 1 0
github.com/denkhaus/knot/internal/repository/sqlite/ent/projectcontext/where.go:70.51,72.2 1 0
github.com/denkhaus/knot/internal/repository/sqlite/ent/projectcontext/where.go:75.64,77.2 1 0
github.com/denkhaus/knot/internal/repository/sqlite/ent/projectcontext/where.go:80.65,82.2 1 0
github.com/denkhaus/knot/internal/repository/sqlite/ent/projectcontext/where.go:85.68,87.2 1 0
github.com/denkhaus/knot/internal/repository/sqlite/ent/projectcontext/where.go:90.71,92.2 1 0
github.com/denkhaus/knot/internal/repository/sqlite/ent/projectcontext/where.go:95.56,97.2 1 0
github.com/denkhaus/knot/internal/repository/sqlite/ent/projectcontext/where.go:100.57,102.2 1 0
github.com/denkhaus/knot/internal/repository/sqlite/ent/projectcontext/where.go:105.56,107.2 1 0
github.com/denkhaus/knot/internal/repository/sqlite/ent/projectcontext/where.go:110.57,112.2 1 0
github.com/denkhaus/knot/internal/repository/sqlite/ent/projectcontext/where.go:115.60,117.2 1 0
github.com/denkhaus/knot/internal/repository/sqlite/ent/projectcontext/where.go:120.63,122.2 1 0
github.com/denkhaus/knot/internal/repository/sqlite/ent/projectcontext/where.go:125.56,127.2 1 0
github.com/denkhaus/knot/internal/repository/sqlite/ent/projectcontext/where.go:130.57,132.2 1 0
github.com/denkhaus/knot/internal/repository/sqlite/ent/projectcontext/where.go:135.56,137.2 1 0
github.com/denkhaus/knot/internal/repository/sqlite/ent/projectcontext/where.go:140.57,142.2 1 0
github.com/denkhaus/knot/internal/repository/sqlite/ent/projectcontext/where.go:145.53,147.2 1 0
github.com/denkhaus/knot/internal/repository/sqlite/ent/projectcontext/where.go:150.54,152.2 1 0
github.com/denkhaus/knot/internal/repository/sqlite/ent/projectcontext/where.go:155.57,157.2 1 0
github.com/denkhaus/knot/internal/repository/sqlite/ent/projectcontext/where.go:160.60,162.2 1 0
github.com/denkhaus/knot/internal/repository/sqlite/ent/projectcontext/where.go:165.53,167.2 1 0
github.com/denkhaus/knot/internal/repository/sqlite/ent/projectcontext/where.go:170.54,172.2 1 0
github.com/denkhaus/knot/internal/repository/sqlite/ent/projectcontext/where.go:175.53,177.2 1 0
github.com/denkhaus/knot/internal/repository/sqlite/ent/projectcontext/where.go:180.54,182.2 1 0
github.com/denkhaus/knot/internal/repository/sqlite/ent/projectcontext/where.go:185.59,187.2 1 0
github.com/denkhaus/knot/internal/repository/sqlite/ent/projectcontext/where.go:190.60,192.2 1 0
github.com/denkhaus/knot/internal/repository/sqlite/ent/projectcontext/where.go:195.60,197.2 1 0
github.com/denkhaus/knot/internal/repository/sqlite/ent/projectcontext/where.go:200.60,202.2 1 0
github.com/denkhaus/knot/internal/repository/sqlite/ent/projectcontext/where.go:205.63,207.2 1 0
github.com/denkhaus/knot/internal/repository/sqlite/ent/projectcontext/where.go:210.52,211.56 1 0
github.com/denkhaus/knot/internal/repository/sqlite/ent/projectcontext/where.go:211.56,217.3 2 0
github.com/denkhaus/knot/internal/repository/sqlite/ent/projectcontext/where.go:221.82,222.56 1 0
github.com/denkhaus/knot/internal/repository/sqlite/ent/projectcontext/where.go:222.56,224.60 2 0
github.com/denkhaus/knot/internal/repository/sqlite/ent/projectcontext/where.go:224.60,225.28 1 0
github.com/denkhaus/knot/internal/repository/sqlite/ent/projectcontext/where.go:225.28,227.5 1 0
github.com/denkhaus/knot/internal/repository/sqlite/ent/projectcontext/where.go:233.75,235.2 1 0
github.com/denkhaus/knot/internal/repository/sqlite/ent/projectcontext/where.go:238.74,240.2 1 0
github.com/denkhaus/knot/internal/repository/sqlite/ent/projectcontext/where.go:243.63,245.2 1 0
